Channel Data Report             12/29/2020 12:57:09 AM            Page  1


         *******************************************************
         *****   S P E C T R A L   D A T A   R E P O R T   *****
         *******************************************************


         Sample Title:                                                 

         Elapsed Live time:      1000
         Elapsed Real Time:      1114

Channel|------|-------|-------|-------|-------|-------|-------|-------|
    1:       0       0       0       0       0       0       0       0
    9:       0       0       0       0       0       0       0       0
   17:       0      35     490    1527    2103    2232    2395    2276
   25:    2354    2304    2275    2213    2184    2273    2243    2217
   33:    2243    2118    2165    2158    2158    2114    2039    1992
   41:    2033    1960    2037    2080    1998    1980    1932    2010
   49:    1903    1843    1867    1913    1864    1873    1795    1769
   57:    1820    1717    1707    1778    1722    1820    1677    1712
   65:    1679    1677    1652    1647    1567    1590    1628    1566
   73:    1579    1565    1519    1472    1538    1503    1555    1506
   81:    1435    1486    1427    1447    1439    1388    1462    1421
   89:    1448    1450    1549    1461    1482    1454    1454    1435
   97:    1380    1411    1457    1462    1460    1489    1443    1444
  105:    1346    1377    1405    1370    1339    1421    1341    1338
  113:    1406    1414    1348    1363    1384    1391    1401    1443
  121:    1414    1365    1369    1389    1403    1432    1354    1403
  129:    1436    1477    1428    1416    1437    1457    1455    1516
  137:    1451    1446    1551    1513    1475    1461    1454    1643
  145:    1742    1935    2116    2223    2272    2128    1857    1652
  153:    1828    1689    1676    1769    1865    2002    2434    3299
  161:    4261    5260    5552    5054    3771    2715    2008    1793
  169:    1648    1707    1631    1719    1659    1719    1777    1711
  177:    1764    1704    1640    1749    1707    1768    1896    2042
  185:    2052    2056    2079    1990    1923    1902    1906    1922
  193:    1946    1899    1862    1960    2179    2566    3148    3411
  201:    3249    2823    2238    2062    1998    2187    2214    2066
  209:    2054    1902    1967    1909    1893    1971    1947    1991
  217:    1995    2025    1978    1912    2002    1989    1896    2023
  225:    1999    2009    2064    1955    1982    2044    2065    2016
  233:    2043    2092    2039    2009    2085    2100    2025    2055
  241:    2127    2040    2028    2086    2192    2135    2030    2084
  249:    2079    2178    2171    2139    2194    2152    2149    2122
  257:    2208    2143    2185    2196    2192    2205    2209    2249
  265:    2251    2323    2358    2297    2368    2484    2514    2495
  273:    2508    2679    2650    2610    2736    2754    2796    2851
  281:    2854    2990    3153    3194    3317    3430    4036    5278
  289:    8581   14974   24682   35236   43633   44377   36081   23073
  297:   11839    5569    3235    2569    2421    2445    2338    2290
  305:    2445    2405    2465    2478    2486    2404    2529    2417
  313:    2484    2490    2505    2654    2696    2770    2834    2978
  321:    3157    3020    2998    2877    3100    3619    5168    8757
  329:   14688   20846   22517   18748   12397    7219    5216    5227
  337:    5980    6139    5263    3748    2789    2194    2017    1931
  345:    1869    1878    1878    1848    1809    1875    1887    1835
  353:    1903    1766    1706    1752    1804    1664    1754    1752
  361:    1774    1748    1776    1624    1597    1602    1574    1518
Channel Data Report             12/29/2020 12:57:09 AM            Page  2

  369:    1510    1476    1447    1459    1403    1369    1457    1412

         Sample Title:                                                 

Channel|------|-------|-------|-------|-------|-------|-------|-------|
  377:    1303    1346    1350    1319    1270    1407    1212    1263
  385:    1325    1278    1279    1311    1210    1294    1256    1271
  393:    1223    1164    1165    1127    1196    1108    1113    1155
  401:    1142    1175    1115    1108    1079    1083    1095    1093
  409:    1037    1035    1049    1042    1041    1040    1016     985
  417:     973     940     978     994     946     917     918     957
  425:     947     988     928     959     938     907     898     886
  433:     884     891     884     935     890     819     777     850
  441:     813     836     829     865     773     825     782     779
  449:     752     822     734     747     737     695     760     704
  457:     705     708     686     706     662     636     658     675
  465:     653     626     685     644     604     611     539     632
  473:     560     605     549     575     588     530     559     554
  481:     522     564     570     523     528     506     505     465
  489:     506     494     468     502     513     466     485     513
  497:     487     433     446     428     466     425     477     441
  505:     435     423     428     419     403     455     408     455
  513:     406     387     400     398     373     393     414     375
  521:     370     416     354     359     380     359     355     375
  529:     388     375     363     363     353     353     371     369
  537:     343     342     339     343     346     349     343     354
  545:     346     342     344     300     321     335     308     318
  553:     327     338     295     336     310     335     327     323
  561:     318     317     324     320     320     327     327     344
  569:     316     307     319     280     367     326     338     293
  577:     302     321     311     325     310     289     334     323
  585:     333     331     283     314     311     324     302     320
  593:     289     320     320     333     316     295     329     308
  601:     336     322     325     327     332     296     309     337
  609:     353     319     320     344     359     359     324     356
  617:     335     356     321     395     349     380     404     403
  625:     403     424     390     421     397     426     464     492
  633:     456     521     548     538     521     552     611     539
  641:     584     595     611     649     699     626     619     654
  649:     636     667     694     677     602     698     669     669
  657:     651     651     679     602     669     616     638     583
  665:     626     660     625     611     606     678     667     680
  673:     662     667     755     734     721     717     775     760
  681:     763     752     794     787     851     869     826     831
  689:     868     900     956     956     934     952     965    1016
  697:    1068    1062    1101    1137    1173    1245    1271    1302
  705:    1356    1373    1447    1505    1581    1645    1645    1785
  713:    1810    1791    1866    1975    1975    1980    2030    2021
  721:    2047    2061    2068    2026    2077    2194    2096    2051
  729:    2156    2104    2208    2240    2176    2207    2124    2233
  737:    2264    2310    2306    2212    2254    2251    2382    2333
  745:    2298    2313    2353    2412    2406    2428    2508    2504
  753:    2541    2558    2565    2599    2668    2629    2698    2794
  761:    2799    3048    3305    3964    4825    5640    6616    6890
  769:    6575    5845    4585    4045    3661    3562    3533    3584
  777:    3470    3647    3901    4128    4889    6117    7782    9887
  785:   11801   12839   13002   11850   10274    8399    6734    5595
  793:    4890    4607    4500    4472    4524    4589    4749    4735
Channel Data Report             12/29/2020 12:57:09 AM            Page  3

  801:    4738    4868    4871    5114    5110    5128    5245    5306

         Sample Title:                                                 

Channel|------|-------|-------|-------|-------|-------|-------|-------|
  809:    5374    5537    5571    5497    5560    5669    5828    5936
  817:    5963    6195    6130    6278    6185    6292    6489    6688
  825:    6452    6642    6920    6900    6924    7098    7079    7227
  833:    7545    7389    7552    7774    7694    7896    7899    8188
  841:    7902    8255    8299    8229    8616    8661    8735    8899
  849:    8829    9135    9103    9051    9383    9335    9649    9810
  857:    9563    9859    9945   10139   10113   10264   10320   10408
  865:   10537   10573   10718   10776   10989   11257   10958   11378
  873:   11401   11568   11890   11865   12063   12116   12316   12318
  881:   12684   12939   13025   13409   13948   14501   14830   15403
  889:   15732   15802   15773   15282   14840   14649   14528   14448
  897:   14546   14289   14522   14695   14993   14933   15270   15070
  905:   15401   15489   15635   15720   15986   16508   16322   16719
  913:   17061   17184   17409   17616   17389   17497   17558   17339
  921:   17190   17472   17525   17354   17653   17849   18159   17734
  929:   18350   18210   18322   18306   18769   18801   18882   19138
  937:   19190   19619   19618   20001   20101   19815   20190   20215
  945:   20294   20583   20812   20926   20915   21119   21249   21393
  953:   21454   21737   21552   21723   22063   22071   22424   22395
  961:   22467   22723   22663   23054   22991   22892   23081   23554
  969:   23302   23550   23485   23578   23637   23903   23701   24083
  977:   24447   24660   24363   24615   24584   24994   24714   24894
  985:   25072   25102   25175   25244   25274   25656   25605   25641
  993:   25803   25964   25665   26049   26466   26259   26421   26140
 1001:   26870   26624   26519   27150   26913   26946   27247   27395
 1009:   27149   27402   27430   27387   27575   27649   27710   27748
 1017:   27965   28101   28208   28457   28268   28441   28592   28258
 1025:   28546   28597   28676   28954   28721   28610   29081   29099
 1033:   29321   29263   29119   29660   29539   29333   29354   29412
 1041:   29408   29958   29518   29816   29526   29623   29910   29759
 1049:   29630   29949   30018   29936   29464   29666   30122   30058
 1057:   29744   30223   29847   29956   29629   29971   29974   29640
 1065:   29670   29586   29669   29714   29448   29329   29162   29394
 1073:   29299   29075   28770   28926   28916   28730   28251   28612
 1081:   28533   28295   28289   28107   28064   27897   27801   27937
 1089:   27854   27498   27709   27702   27668   27459   27186   27422
 1097:   27388   27305   27027   27486   27324   27189   27102   26872
 1105:   27059   27285   26834   26846   27064   26776   26843   26463
 1113:   26545   26569   26055   26318   26287   26434   26277   26546
 1121:   26306   26217   26160   26179   26019   25974   25697   25526
 1129:   25448   25427   25074   25435   25090   25461   25250   25064
 1137:   24941   25007   24986   24984   24708   24787   24590   24594
 1145:   24284   24398   24380   24158   24088   24223   24178   23834
 1153:   24040   23962   24132   24231   24017   24533   25754   27603
 1161:   31344   36552   41999   47088   49134   46985   41995   35344
 1169:   30543   26923   24665   23835   23106   22879   22613   22355
 1177:   22125   21970   21993   22067   21718   21905   21472   21491
 1185:   21559   21394   21197   20940   21108   20944   20597   20878
 1193:   20679   20361   20702   20242   20295   20249   20009   19778
 1201:   19701   19519   19633   19452   19352   19278   19196   18910
 1209:   18943   18800   18732   18580   18157   18426   18511   18552
 1217:   17986   18166   17957   18048   17633   17579   17578   17493
 1225:   17639   17368   17099   16756   16836   17093   17177   16926
Channel Data Report             12/29/2020 12:57:09 AM            Page  4

 1233:   16971   17015   16951   17062   17451   17577   17950   18275

         Sample Title:                                                 

Channel|------|-------|-------|-------|-------|-------|-------|-------|
 1241:   19342   20008   21288   23289   28109   36104   51429   76464
 1249:  112645  155423  198179  227664  233312  212780  174427  130138
 1257:   88916   58021   37952   26158   19867   16374   14602   13197
 1265:   12560   11871   11243   10792   10508   10116   10075    9568
 1273:    9521    9303    9170    9149    8965    9022    9103    8753
 1281:    9002    8995    9095    9090    9402    9615    9874   10098
 1289:   10914   11383   12407   13909   16392   20823   29176   43718
 1297:   70296  112036  171043  241712  311282  357808  368081  336079
 1305:  273724  201994  135855   85708   54010   37197   30111   31301
 1313:   38523   49176   61420   71702   76024   73129   62532   49648
 1321:   35177   24074   16050   10825    8050    6413    5467    4774
 1329:    4464    4273    4063    3776    3837    3574    3462    3499
 1337:    3337    3328    3289    3338    3199    3203    3131    3270
 1345:    3389    3444    3569    3862    4010    4226    4284    4178
 1353:    3853    3788    3572    3482    3548    3564    3761    4018
 1361:    4273    4906    5788    7234    9873   14336   22842   35832
 1369:   53445   74974   95707  109752  113676  105345   87978   66197
 1377:   45199   29109   18210   11201    7442    5285    4333    3639
 1385:    3109    2789    2472    2403    2310    2125    1978    1988
 1393:    1986    1877    1847    1730    1805    1752    1701    1729
 1401:    1797    1774    1964    2115    2495    2862    3210    3476
 1409:    3617    3418    3098    2837    2445    2045    1849    1675
 1417:    1643    1571    1602    1509    1521    1541    1554    1492
 1425:    1521    1583    1564    1444    1611    1543    1604    1644
 1433:    1609    1609    1666    1673    1704    1685    1739    1789
 1441:    1798    1884    1867    2015    2030    2109    2269    2323
 1449:    2498    2676    3034    3597    4580    6173    9074   13320
 1457:   19706   27052   34998   41737   44836   43705   38878   32632
 1465:   26707   23576   24929   31510   42953   57807   71845   81649
 1473:   84484   77903   65239   49330   34675   23600   15440   10794
 1481:    8111    6765    5626    4807    3877    3201    2479    2083
 1489:    1859    1679    1556    1452    1476    1376    1382    1328
 1497:    1364    1389    1413    1515    1517    1639    1720    1961
 1505:    2463    3026    4294    6048    8645   12339   16623   21500
 1513:   25993   29122   30547   29650   26483   22041   17196   13049
 1521:    9895    8220    7732    8589    9470    9983   10620   10138
 1529:    8914    7726    6403    5693    5538    6272    7638    9140
 1537:   10139   10633   10459    9269    7667    6071    4964    4536
 1545:    5262    6765    9315   12465   15884   18754   19901   18988
 1553:   16740   13331    9882    6949    4546    3170    2369    1935
 1561:    1706    1469    1180    1001     854     733     652     574
 1569:     545     521     496     477     514     524     582     592
 1577:     582     614     618     609     621     569     602     646
 1585:     722     880    1130    1529    2154    2915    3913    4908
 1593:    6046    6955    7334    7406    6922    6225    5072    4109
 1601:    3039    2308    1868    1792    1852    2240    2425    2562
 1609:    2583    2426    2084    1622    1340     955     763     543
 1617:     419     353     299     266     238     220     248     236
 1625:     214     210     234     271     242     264     283     270
 1633:     275     295     269     317     286     317     316     275
 1641:     271     240     260     222     206     194     206     211
 1649:     191     227     218     214     183     180     206     184
 1657:     161     185     171     187     176     192     185     191
Channel Data Report             12/29/2020 12:57:09 AM            Page  5

 1665:     174     193     190     174     208     157     150     174

         Sample Title:                                                 

Channel|------|-------|-------|-------|-------|-------|-------|-------|
 1673:     155     137     153     143     133     135     169     177
 1681:     137     158     160     153     152     156     135     139
 1689:     113     163     160     166     135     161     130     141
 1697:     170     148     172     131     169     173     144     143
 1705:     163     147     137     145     130     141     111     153
 1713:     130     129     142     140     126     121     149     132
 1721:     143     127     150     149     144     145     133     144
 1729:     138     138     125     115     137     131     131     118
 1737:     137     128      98     127     150     139     111     110
 1745:     135     121     133     143     137     154     125     132
 1753:     139     123     146     136     118     128     121     119
 1761:     136     134     133     123     126     126     150     127
 1769:     135     128     102     148     110     129     115     131
 1777:     117     100     120     110     118     116     113     115
 1785:     105     102     121     115      89     116     133     112
 1793:     127     115     106     121     109     112     137     113
 1801:     132     109     106     112     122     117     119     128
 1809:     105     105      93     108     121     116     112      82
 1817:     101      99     110      89      95     123     101     112
 1825:     111      94     107     100     104     107     107     123
 1833:      88     103      94     101     110     106      95     110
 1841:     104     107     101     126      98      87      86      91
 1849:      92     102     106     100      89      87      99     113
 1857:     120      94     101      96     103     111     114      97
 1865:      98      88     105     110      89     107      96     101
 1873:     114     109      75      83      98     110      88      95
 1881:      92      81      99     110     105     105      79      78
 1889:      85      90      82      83      84      91      95     105
 1897:     103      93     104      82      86     103     107     107
 1905:      92      91      78      91      80      72      86      91
 1913:      85      89      97      97      85      89      89      82
 1921:      82      95      82      68      90      95      91      97
 1929:      93      89      87      84     100      84      82      83
 1937:      91      91      88      82      82      75      92     103
 1945:      93      92      96     100      92      91      88      82
 1953:      72      84      70      90      91      90      70      90
 1961:     101      96      94      90      84      98      81      82
 1969:      78      79      87      81      81      88      65      92
 1977:      71      91      90      75      93     102      91     108
 1985:      83      96      75      96      95      93     103     105
 1993:      97      74      76      81      97      71      88      72
 2001:      87     107      97      99      92      92     100      92
 2009:      79      96      96      98     102     112     103     108
 2017:      97     106     110     117     133      95     104     108
 2025:     103     128      98     110     106     119     126     116
 2033:     121     107     114     113     123     116      93     109
 2041:     110     118     129     110     133     112     118     110
