
         ***********************************************************
         ****  BOBS XRF S P E C T R A L  D A T A   R E P O R T  ****
         ***********************************************************

         Information:                                               
         Acq. Start time:  10/26/11   4:37:50 
         Elapsed Live time:   12884.48
         Elapsed Real Time:   14024.37
         Sample Vial Temp:        0.00
         KED Path Length:   ?????????? +/- ??????????
         KED Concentration (g/L): ?????????? +/- ??????????
         HV Cutoff (kV):         ??????????
         Pu Atomic weight:           0.0000
         U enrichment:               0.0000
         Energy cal zero:            1.0375
         Energy cal slope:           0.0230
         Channels:                8192.0000
         Sample Title:   Sample title.                                 

Channel|------|-------|-------|-------|-------|-------|-------|-------|
    1:       0       0       0       0       0       0       0       0
    9:       0       0       0       0       0       0       0       0
   17:       0       0       0       0       0       0       0       0
   25:       0       0       0       0       0       0       0       0
   33:       0       0       0       0       1       1       0       1
   41:       1       1       0       0       6       4       8       6
   49:      14      20      10      10      14      15      18      19
   57:      18      17      20      24      30      32      29      42
   65:      35      46      76     933    2446    2898    2955    2942
   73:    2903    3083    2976    2948    3052    2988    3005    3023
   81:    2985    2911    2940    2941    2927    2952    2941    2999
   89:    2878    3032    2888    2933    2877    2909    2863    2857
   97:    2822    2924    2833    2947    2848    2850    2847    2844
  105:    2826    2887    2816    2861    2763    2855    2762    2824
  113:    2766    2794    2678    2866    2789    2692    2750    2696
  121:    2649    2739    2821    2738    2762    2764    2762    2686
  129:    2679    2765    2686    2711    2646    2534    2640    2682
  137:    2608    2654    2744    2675    2623    2595    2603    2627
  145:    2652    2698    2576    2671    2650    2662    2681    2664
  153:    2611    2630    2601    2649    2612    2664    2580    2632
  161:    2649    2708    2651    2651    2612    2604    2720    2706
  169:    2700    2619    2640    2653    2638    2773    2677    2699
  177:    2689    2674    2709    2762    2656    2759    2800    2620
  185:    2825    2683    2698    2709    2698    2757    2735    2713
  193:    2673    2750    2622    2739    2759    2733    2723    2739
  201:    2701    2721    2737    2765    2718    2658    2659    2615
  209:    2737    2660    2673    2665    2774    2724    2665    2670
  217:    2743    2733    2669    2676    2680    2667    2809    2772
  225:    2753    2806    2716    2667    2687    2706    2782    2699
  233:    2722    2663    2753    2710    2823    2747    2632    2771
  241:    2653    2712    2771    2732    2728    2710    2638    2694
  249:    2708    2706    2748    2690    2690    2586    2763    2630
  257:    2640    2688    2793    2644    2786    2623    2776    2690
  265:    2664    2730    2750    2775    2719    2742    2564    2669
  273:    2691    2681    2749    2682    2745    2740    2717    2731
  281:    2639    2655    2736    2664    2666    2730    2667    2701
  289:    2706    2764    2761    2723    2693    2706    2699    2737
  297:    2668    2751    2650    2660    2703    2833    2719    2714
  305:    2711    2602    2715    2834    2685    2790    2694    2700
  313:    2770    2777    2650    2732    2623    2715    2679    2733
  321:    2725    2659    2741    2712    2716    2675    2682    2637
  329:    2720    2673    2742    2640    2678    2821    2710    2804
  337:    2776    2786    2783    2907    2876    2848    2940    2967
  345:    3028    3097    3046    3033    3047    3080    3063    3157
  353:    2966    2882    2964    3030    2903    2848    2837    2846
  361:    2839    2768    2799    2792    2746    2775    2657    2670
  369:    2736    2733    2722    2735    2681    2627    2703    2734
  377:    2679    2671    2632    2709    2747    2769    2728    2759
  385:    2791    2767    2753    2636    2683    2799    2724    2695
  393:    2846    2749    2768    2649    2636    2592    2709    2632
  401:    2639    2810    2554    2713    2696    2680    2665    2630
  409:    2715    2695    2740    2779    2664    2608    2707    2782
  417:    2679    2638    2746    2606    2691    2675    2633    2729
  425:    2669    2681    2658    2698    2590    2650    2595    2656
  433:    2654    2599    2677    2717    2666    2724    2690    2677
  441:    2644    2710    2639    2703    2666    2652    2625    2589
  449:    2625    2643    2648    2648    2686    2684    2612    2753
  457:    2619    2670    2596    2649    2753    2600    2696    2669
  465:    2706    2665    2658    2632    2699    2662    2666    2588
  473:    2694    2575    2742    2575    2740    2842    2679    2630
  481:    2625    2722    2806    2686    2816    2759    2650    2770
  489:    2782    2713    2872    2848    2778    2802    2760    2681
  497:    2766    2829    2760    2721    2835    2741    2798    2788
  505:    2777    2792    2758    2816    2842    2866    2828    2886
  513:    2795    2848    2825    2729    2699    2751    2601    2738
  521:    2755    2786    2742    2658    2722    2683    2755    2827
  529:    2793    2750    2790    2685    2781    2749    2820    2753
  537:    2809    2806    2733    2753    2770    2856    2747    2797
  545:    2798    2785    2814    2736    2832    2760    2766    2837
  553:    2747    2722    2765    2823    2857    2875    2764    2774
  561:    2797    2828    2747    2723    2724    2753    2800    2728
  569:    2827    2760    2812    2669    2818    2713    2787    2766
  577:    2835    2673    2786    2712    2807    2718    2707    2792
  585:    2753    2829    2769    2803    2807    2729    2785    2755
  593:    2820    2801    2709    2814    2745    2723    2749    2774
  601:    2779    2788    2796    2829    2833    2769    2768    2860
  609:    2742    2772    2895    2728    2800    2805    2658    2839
  617:    2717    2839    2760    2727    2747    2799    2873    2740
  625:    2738    2753    2686    2682    2776    2733    2720    2679
  633:    2782    2809    2721    2742    2722    2719    2722    2658
  641:    2784    2803    2751    2720    2705    2745    2793    2741
  649:    2755    2799    2958    2785    2743    2816    2834    2756
  657:    2778    2827    2803    2849    2809    2834    2879    2908
  665:    2875    2853    2802    2809    2827    2781    2795    2830
  673:    2801    2699    2852    2802    2813    2740    2789    2797
  681:    2819    2777    2822    2777    2723    2765    2756    2786
  689:    2783    2734    2806    2757    2769    2659    2817    2734
  697:    2670    2706    2635    2762    2647    2705    2912    2727
  705:    2784    2685    2627    2744    2719    2764    2752    2766
  713:    2653    2771    2814    2751    2737    2723    2734    2643
  721:    2708    2743    2643    2781    2766    2634    2781    2713
  729:    2730    2712    2847    2774    2770    2717    2830    2721
  737:    2825    2742    2744    2802    2754    2784    2677    2765
  745:    2779    2765    2674    2687    2730    2760    2804    2726
  753:    2821    2831    2743    2701    2676    2778    2729    2801
  761:    2713    2812    2757    2658    2737    2653    2716    2749
  769:    2781    2771    2801    2784    2826    2723    2798    2669
  777:    2701    2856    2768    2848    2731    2803    2745    2812
  785:    2676    2709    2722    2735    2698    2656    2774    2763
  793:    2707    2723    2692    2779    2773    2712    2734    2729
  801:    2735    2821    2740    2827    2798    2729    2774    2694
  809:    2772    2725    2739    2703    2712    2747    2698    2794
  817:    2784    2750    2759    2698    2840    2758    2722    2771
  825:    2708    2764    2711    2772    2805    2651    2752    2777
  833:    2750    2861    2716    2782    2736    2736    2739    2766
  841:    2660    2736    2720    2737    2666    2753    2693    2749
  849:    2638    2803    2714    2632    2734    2718    2769    2667
  857:    2673    2754    2715    2792    2792    2760    2807    2728
  865:    2699    2733    2653    2711    2700    2807    2741    2790
  873:    2740    2624    2749    2728    2629    2714    2748    2730
  881:    2754    2793    2786    2790    2715    2757    2751    2663
  889:    2683    2751    2777    2792    2684    2708    2624    2667
  897:    2738    2753    2752    2743    2761    2748    2735    2724
  905:    2762    2757    2706    2726    2699    2708    2709    2742
  913:    2699    2727    2605    2670    2759    2806    2773    2650
  921:    2715    2739    2702    2685    2683    2614    2817    2682
  929:    2755    2770    2777    2682    2700    2766    2679    2764
  937:    2776    2699    2729    2790    2662    2694    2828    2744
  945:    2679    2717    2815    2722    2698    2716    2655    2848
  953:    2641    2739    2744    2636    2782    2738    2729    2778
  961:    2738    2796    2751    2758    2766    2753    2598    2716
  969:    2879    2700    2751    2667    2745    2856    2841    2686
  977:    2666    2807    2809    2669    2822    2732    2731    2711
  985:    2815    2660    2759    2814    2740    2762    2761    2765
  993:    2817    2782    2784    2761    2722    2673    2760    2762
 1001:    2703    2708    2681    2726    2796    2720    2699    2809
 1009:    2832    2601    2760    2816    2711    2716    2816    2693
 1017:    2717    2741    2765    2733    2732    2819    2644    2794
 1025:    2721    2833    2802    2838    2863    2737    2876    2730
 1033:    2809    2749    2806    2825    2876    2845    2805    2855
 1041:    2825    2905    2801    2801    2884    2820    2796    2862
 1049:    2859    2780    2795    2878    2805    2774    2753    2895
 1057:    2789    2773    2847    2896    2839    2806    2874    2972
 1065:    2973    2983    3096    3101    3090    3163    3275    3273
 1073:    3390    3403    3562    3680    3687    3847    3911    3946
 1081:    3965    4231    4200    4356    4296    4354    4306    4482
 1089:    4257    4366    4308    4076    3910    3918    3766    3747
 1097:    3538    3484    3365    3375    3199    3098    3151    2966
 1105:    2946    3002    2873    2752    2854    2783    2848    2753
 1113:    2799    2765    2777    2793    2669    2701    2662    2672
 1121:    2680    2707    2785    2663    2618    2708    2674    2673
 1129:    2654    2683    2739    2657    2711    2627    2584    2802
 1137:    2693    2716    2737    2674    2733    2706    2695    2604
 1145:    2775    2769    2680    2762    2770    2643    2666    2655
 1153:    2608    2746    2612    2610    2564    2630    2571    2706
 1161:    2652    2687    2595    2653    2684    2740    2652    2709
 1169:    2659    2769    2698    2711    2650    2685    2780    2702
 1177:    2725    2642    2721    2691    2649    2706    2662    2705
 1185:    2595    2699    2653    2781    2670    2693    2615    2569
 1193:    2665    2691    2758    2616    2722    2692    2673    2669
 1201:    2596    2681    2653    2723    2720    2661    2696    2843
 1209:    2803    2753    2690    2794    2815    2798    2860    2876
 1217:    2945    2876    2965    3058    3054    3096    3076    3176
 1225:    3186    3071    3260    3204    3276    3149    3129    3042
 1233:    3096    3128    3019    2958    2914    2851    2834    2816
 1241:    2892    2836    2711    2902    2780    2745    2676    2820
 1249:    2777    2717    2747    2789    2814    2753    2617    2697
 1257:    2795    2721    2734    2677    2676    2739    2631    2646
 1265:    2614    2715    2694    2655    2622    2602    2564    2600
 1273:    2591    2611    2659    2691    2557    2612    2561    2609
 1281:    2687    2585    2575    2689    2635    2617    2650    2622
 1289:    2537    2581    2645    2523    2579    2641    2721    2627
 1297:    2605    2613    2680    2592    2733    2570    2581    2651
 1305:    2615    2622    2666    2591    2608    2637    2555    2606
 1313:    2606    2612    2535    2648    2592    2631    2587    2637
 1321:    2584    2571    2625    2567    2599    2614    2611    2573
 1329:    2605    2431    2655    2615    2626    2600    2673    2618
 1337:    2671    2587    2566    2582    2591    2663    2593    2616
 1345:    2608    2596    2588    2576    2622    2517    2599    2609
 1353:    2627    2494    2617    2529    2592    2625    2613    2528
 1361:    2576    2671    2628    2654    2643    2587    2649    2652
 1369:    2599    2601    2581    2621    2661    2568    2669    2579
 1377:    2720    2570    2706    2580    2648    2682    2594    2676
 1385:    2693    2594    2586    2603    2585    2441    2633    2582
 1393:    2640    2580    2669    2528    2546    2505    2602    2551
 1401:    2534    2488    2614    2560    2525    2533    2593    2673
 1409:    2582    2550    2578    2521    2649    2581    2579    2561
 1417:    2618    2541    2491    2610    2613    2467    2620    2541
 1425:    2479    2596    2534    2593    2584    2622    2633    2577
 1433:    2556    2691    2585    2546    2545    2588    2661    2566
 1441:    2561    2557    2449    2534    2639    2570    2495    2550
 1449:    2482    2597    2607    2525    2577    2482    2639    2494
 1457:    2528    2539    2494    2459    2457    2547    2650    2532
 1465:    2410    2551    2491    2521    2542    2549    2425    2513
 1473:    2548    2538    2598    2535    2515    2527    2559    2600
 1481:    2589    2535    2531    2492    2512    2458    2461    2722
 1489:    2642    2568    2641    2537    2593    2621    2499    2580
 1497:    2561    2438    2477    2532    2487    2565    2565    2581
 1505:    2491    2455    2490    2500    2510    2507    2576    2541
 1513:    2524    2495    2555    2505    2541    2595    2589    2587
 1521:    2469    2547    2494    2630    2568    2561    2548    2603
 1529:    2583    2488    2464    2535    2520    2535    2562    2536
 1537:    2532    2526    2506    2578    2459    2606    2603    2675
 1545:    2569    2564    2490    2488    2531    2523    2539    2555
 1553:    2551    2450    2493    2543    2557    2514    2551    2514
 1561:    2543    2459    2441    2517    2501    2537    2491    2641
 1569:    2581    2546    2474    2503    2463    2563    2544    2525
 1577:    2490    2517    2515    2628    2461    2475    2569    2484
 1585:    2580    2519    2560    2484    2427    2505    2526    2465
 1593:    2471    2523    2444    2565    2578    2493    2599    2435
 1601:    2499    2459    2451    2431    2519    2530    2488    2566
 1609:    2486    2461    2516    2552    2534    2495    2474    2511
 1617:    2451    2531    2507    2478    2569    2460    2482    2615
 1625:    2548    2523    2533    2488    2521    2566    2443    2472
 1633:    2482    2473    2502    2431    2562    2585    2444    2478
 1641:    2483    2457    2436    2493    2567    2514    2505    2421
 1649:    2400    2569    2510    2467    2511    2444    2502    2490
 1657:    2476    2495    2477    2478    2431    2471    2497    2482
 1665:    2471    2501    2463    2483    2543    2551    2436    2536
 1673:    2538    2474    2456    2476    2511    2476    2454    2460
 1681:    2483    2451    2581    2423    2508    2540    2502    2464
 1689:    2533    2424    2573    2488    2449    2441    2512    2440
 1697:    2520    2404    2545    2455    2462    2493    2486    2481
 1705:    2465    2509    2391    2407    2495    2450    2489    2484
 1713:    2598    2405    2418    2437    2510    2471    2587    2504
 1721:    2461    2506    2526    2482    2499    2504    2400    2395
 1729:    2490    2494    2469    2384    2415    2427    2444    2541
 1737:    2461    2504    2486    2462    2420    2482    2404    2489
 1745:    2483    2468    2571    2459    2375    2453    2451    2427
 1753:    2520    2368    2416    2436    2458    2404    2453    2462
 1761:    2489    2511    2537    2537    2452    2453    2421    2452
 1769:    2473    2486    2536    2450    2385    2489    2425    2549
 1777:    2375    2454    2521    2478    2437    2570    2450    2490
 1785:    2413    2517    2506    2532    2493    2399    2512    2391
 1793:    2546    2465    2425    2510    2471    2446    2402    2382
 1801:    2531    2449    2460    2476    2481    2473    2435    2448
 1809:    2520    2419    2392    2577    2539    2439    2506    2465
 1817:    2402    2538    2440    2458    2440    2411    2445    2464
 1825:    2525    2523    2455    2423    2551    2424    2491    2435
 1833:    2452    2518    2407    2434    2444    2449    2478    2429
 1841:    2407    2365    2524    2481    2437    2523    2404    2414
 1849:    2424    2429    2441    2437    2477    2494    2434    2458
 1857:    2428    2436    2491    2409    2410    2466    2365    2442
 1865:    2392    2406    2566    2450    2468    2471    2376    2434
 1873:    2473    2480    2532    2402    2432    2468    2392    2496
 1881:    2443    2457    2394    2447    2429    2483    2361    2406
 1889:    2493    2496    2506    2471    2477    2388    2472    2388
 1897:    2430    2416    2441    2479    2391    2513    2352    2421
 1905:    2508    2421    2490    2515    2443    2504    2536    2436
 1913:    2469    2406    2435    2390    2394    2330    2387    2434
 1921:    2451    2444    2459    2554    2424    2367    2458    2416
 1929:    2498    2413    2467    2398    2477    2544    2426    2342
 1937:    2473    2504    2412    2460    2426    2415    2476    2467
 1945:    2455    2387    2377    2492    2424    2456    2503    2462
 1953:    2402    2428    2486    2473    2438    2436    2507    2435
 1961:    2412    2413    2493    2436    2411    2427    2453    2465
 1969:    2474    2447    2369    2409    2364    2534    2417    2398
 1977:    2422    2617    2404    2489    2524    2391    2473    2396
 1985:    2407    2517    2437    2408    2424    2510    2491    2413
 1993:    2462    2405    2413    2448    2444    2430    2507    2477
 2001:    2453    2491    2377    2407    2450    2384    2467    2386
 2009:    2400    2472    2427    2485    2524    2452    2367    2419
 2017:    2472    2449    2430    2450    2482    2468    2405    2444
 2025:    2496    2385    2419    2518    2463    2414    2438    2496
 2033:    2457    2505    2416    2401    2404    2350    2329    2452
 2041:    2517    2456    2345    2426    2463    2404    2409    2580
 2049:    2456    2416    2447    2483    2385    2409    2452    2415
 2057:    2476    2454    2446    2450    2494    2554    2420    2469
 2065:    2474    2396    2412    2536    2304    2482    2395    2409
 2073:    2402    2417    2359    2449    2511    2425    2525    2460
 2081:    2347    2379    2432    2368    2359    2431    2413    2447
 2089:    2464    2405    2416    2444    2421    2540    2366    2419
 2097:    2381    2350    2417    2499    2421    2456    2448    2421
 2105:    2431    2405    2444    2442    2484    2456    2415    2455
 2113:    2387    2373    2415    2444    2453    2406    2438    2504
 2121:    2396    2441    2439    2412    2453    2425    2438    2483
 2129:    2368    2404    2569    2360    2444    2448    2425    2496
 2137:    2452    2369    2414    2494    2367    2405    2384    2489
 2145:    2419    2486    2447    2453    2404    2482    2461    2485
 2153:    2340    2468    2373    2518    2304    2395    2390    2460
 2161:    2447    2423    2369    2502    2380    2444    2407    2393
 2169:    2373    2511    2436    2376    2442    2455    2493    2403
 2177:    2441    2443    2419    2508    2438    2507    2404    2412
 2185:    2447    2477    2382    2352    2445    2364    2419    2465
 2193:    2418    2423    2458    2431    2425    2405    2340    2454
 2201:    2453    2346    2377    2320    2473    2490    2444    2429
 2209:    2459    2368    2489    2402    2412    2386    2440    2398
 2217:    2411    2414    2298    2399    2386    2415    2323    2443
 2225:    2494    2442    2404    2453    2472    2424    2393    2536
 2233:    2506    2400    2378    2300    2436    2335    2389    2424
 2241:    2511    2363    2433    2395    2291    2497    2457    2367
 2249:    2372    2427    2425    2467    2461    2386    2496    2492
 2257:    2364    2362    2355    2405    2403    2392    2455    2424
 2265:    2405    2446    2422    2399    2310    2446    2395    2377
 2273:    2458    2353    2517    2510    2463    2446    2374    2395
 2281:    2475    2482    2450    2334    2451    2390    2370    2293
 2289:    2431    2340    2445    2326    2518    2356    2359    2429
 2297:    2378    2402    2429    2465    2417    2410    2420    2481
 2305:    2413    2468    2424    2475    2388    2293    2418    2487
 2313:    2402    2420    2326    2365    2354    2376    2477    2428
 2321:    2460    2415    2392    2430    2423    2364    2408    2428
 2329:    2484    2363    2534    2379    2421    2330    2492    2376
 2337:    2340    2348    2449    2430    2430    2319    2419    2479
 2345:    2519    2362    2440    2370    2457    2430    2490    2381
 2353:    2510    2436    2466    2342    2415    2383    2445    2422
 2361:    2441    2419    2367    2382    2391    2399    2419    2413
 2369:    2402    2357    2459    2410    2452    2357    2432    2411
 2377:    2456    2434    2451    2426    2481    2453    2380    2461
 2385:    2403    2425    2393    2497    2500    2482    2489    2461
 2393:    2416    2463    2364    2455    2400    2415    2363    2504
 2401:    2449    2515    2425    2382    2310    2387    2331    2376
 2409:    2471    2368    2417    2419    2407    2515    2444    2390
 2417:    2446    2468    2439    2357    2431    2444    2429    2389
 2425:    2433    2427    2398    2418    2475    2384    2420    2454
 2433:    2474    2448    2304    2386    2396    2434    2401    2487
 2441:    2412    2353    2457    2424    2467    2528    2430    2487
 2449:    2377    2383    2457    2362    2402    2476    2328    2476
 2457:    2434    2330    2449    2443    2387    2419    2467    2447
 2465:    2427    2408    2415    2397    2436    2430    2349    2373
 2473:    2392    2387    2369    2470    2417    2465    2340    2403
 2481:    2401    2387    2380    2428    2485    2526    2337    2352
 2489:    2408    2462    2436    2462    2402    2385    2442    2390
 2497:    2469    2444    2461    2426    2453    2373    2455    2407
 2505:    2432    2356    2376    2454    2443    2451    2374    2380
 2513:    2435    2457    2474    2510    2384    2439    2347    2401
 2521:    2430    2517    2425    2498    2508    2454    2436    2358
 2529:    2501    2397    2445    2466    2450    2399    2361    2520
 2537:    2468    2482    2448    2427    2597    2497    2439    2518
 2545:    2609    2537    2611    2646    2651    2687    2623    2746
 2553:    2729    2753    2803    2735    2859    2815    2796    2844
 2561:    2899    2848    2812    2747    2752    2814    2676    2680
 2569:    2647    2704    2597    2645    2607    2573    2506    2505
 2577:    2466    2509    2455    2471    2476    2336    2419    2415
 2585:    2435    2464    2448    2428    2403    2468    2468    2357
 2593:    2502    2392    2381    2431    2567    2293    2477    2404
 2601:    2315    2447    2373    2421    2451    2418    2408    2556
 2609:    2385    2521    2514    2353    2355    2261    2423    2424
 2617:    2406    2459    2476    2420    2342    2384    2386    2427
 2625:    2342    2406    2422    2450    2407    2401    2493    2487
 2633:    2439    2398    2443    2346    2397    2380    2406    2472
 2641:    2332    2429    2430    2406    2395    2496    2443    2386
 2649:    2391    2468    2387    2453    2409    2430    2445    2383
 2657:    2455    2466    2417    2476    2424    2464    2439    2394
 2665:    2457    2450    2420    2334    2419    2410    2445    2386
 2673:    2436    2376    2385    2511    2422    2441    2371    2430
 2681:    2374    2454    2409    2467    2417    2504    2408    2438
 2689:    2428    2423    2393    2492    2389    2462    2429    2449
 2697:    2313    2300    2448    2475    2401    2403    2436    2444
 2705:    2305    2320    2496    2396    2388    2403    2465    2410
 2713:    2424    2453    2480    2483    2549    2370    2387    2432
 2721:    2429    2443    2340    2424    2357    2397    2496    2500
 2729:    2424    2465    2428    2436    2527    2363    2445    2489
 2737:    2342    2468    2425    2406    2403    2475    2395    2440
 2745:    2436    2430    2529    2460    2529    2456    2429    2472
 2753:    2413    2425    2387    2402    2497    2506    2489    2417
 2761:    2517    2326    2475    2358    2415    2364    2428    2400
 2769:    2404    2472    2417    2513    2379    2441    2427    2409
 2777:    2364    2476    2453    2399    2460    2456    2358    2378
 2785:    2375    2447    2547    2476    2423    2387    2431    2435
 2793:    2388    2383    2380    2478    2464    2492    2375    2411
 2801:    2569    2410    2486    2472    2427    2488    2486    2499
 2809:    2406    2388    2478    2400    2502    2465    2398    2417
 2817:    2462    2382    2441    2414    2440    2456    2418    2468
 2825:    2451    2432    2395    2498    2433    2374    2361    2441
 2833:    2467    2416    2444    2390    2463    2414    2468    2399
 2841:    2384    2457    2367    2440    2349    2412    2508    2418
 2849:    2424    2512    2414    2432    2422    2377    2399    2439
 2857:    2435    2494    2423    2424    2403    2455    2461    2389
 2865:    2502    2398    2446    2482    2379    2373    2489    2497
 2873:    2470    2480    2494    2439    2400    2473    2330    2422
 2881:    2465    2484    2386    2531    2495    2499    2477    2472
 2889:    2485    2467    2389    2540    2500    2477    2417    2406
 2897:    2482    2476    2373    2426    2459    2517    2415    2419
 2905:    2491    2561    2450    2492    2448    2391    2463    2361
 2913:    2539    2428    2499    2518    2450    2428    2457    2435
 2921:    2488    2418    2588    2388    2452    2405    2442    2418
 2929:    2485    2465    2429    2453    2480    2313    2460    2420
 2937:    2351    2416    2398    2463    2373    2484    2528    2309
 2945:    2405    2471    2467    2463    2428    2436    2435    2542
 2953:    2359    2414    2472    2470    2505    2446    2475    2545
 2961:    2464    2530    2404    2474    2387    2379    2424    2485
 2969:    2411    2483    2491    2440    2516    2543    2490    2455
 2977:    2458    2490    2374    2504    2454    2409    2564    2624
 2985:    2502    2482    2411    2461    2443    2363    2457    2495
 2993:    2405    2524    2469    2461    2409    2448    2490    2496
 3001:    2440    2395    2410    2526    2378    2411    2375    2502
 3009:    2430    2559    2452    2427    2496    2526    2459    2512
 3017:    2520    2492    2496    2427    2515    2471    2502    2502
 3025:    2529    2382    2454    2580    2467    2464    2612    2337
 3033:    2300    2506    2524    2427    2380    2488    2396    2510
 3041:    2555    2556    2494    2410    2475    2445    2434    2483
 3049:    2485    2433    2477    2449    2615    2489    2458    2455
 3057:    2510    2478    2484    2503    2563    2462    2477    2435
 3065:    2463    2462    2430    2491    2451    2495    2474    2465
 3073:    2456    2424    2460    2524    2471    2439    2533    2511
 3081:    2499    2455    2473    2453    2472    2447    2484    2513
 3089:    2550    2470    2417    2432    2449    2427    2485    2458
 3097:    2523    2452    2492    2533    2472    2561    2486    2550
 3105:    2468    2549    2558    2564    2490    2415    2437    2422
 3113:    2437    2524    2445    2479    2548    2526    2536    2535
 3121:    2468    2500    2577    2465    2440    2432    2543    2462
 3129:    2527    2493    2435    2593    2538    2464    2448    2434
 3137:    2462    2453    2487    2538    2447    2455    2568    2542
 3145:    2526    2566    2563    2542    2521    2469    2421    2511
 3153:    2492    2439    2422    2540    2423    2458    2501    2541
 3161:    2471    2522    2456    2444    2506    2402    2487    2411
 3169:    2428    2485    2471    2480    2414    2492    2489    2407
 3177:    2518    2462    2470    2536    2562    2530    2465    2500
 3185:    2526    2587    2583    2527    2556    2498    2469    2484
 3193:    2489    2457    2545    2470    2554    2546    2454    2521
 3201:    2517    2581    2474    2499    2496    2610    2562    2547
 3209:    2544    2604    2568    2572    2590    2620    2482    2569
 3217:    2578    2502    2504    2523    2505    2508    2613    2431
 3225:    2494    2497    2569    2520    2498    2426    2510    2478
 3233:    2433    2557    2495    2562    2509    2451    2459    2504
 3241:    2469    2557    2459    2454    2640    2554    2439    2520
 3249:    2536    2478    2632    2459    2460    2467    2541    2545
 3257:    2503    2506    2554    2575    2542    2522    2514    2542
 3265:    2469    2556    2566    2490    2568    2492    2546    2469
 3273:    2530    2522    2474    2526    2415    2449    2559    2569
 3281:    2474    2449    2570    2482    2542    2559    2416    2502
 3289:    2495    2501    2581    2468    2526    2630    2592    2489
 3297:    2562    2537    2546    2488    2488    2658    2486    2534
 3305:    2480    2572    2488    2540    2506    2524    2469    2546
 3313:    2546    2455    2505    2456    2457    2473    2450    2539
 3321:    2532    2534    2553    2541    2540    2488    2549    2467
 3329:    2522    2451    2498    2485    2442    2437    2495    2515
 3337:    2487    2527    2586    2525    2510    2614    2592    2439
 3345:    2594    2549    2548    2556    2563    2513    2464    2507
 3353:    2538    2500    2546    2478    2481    2573    2466    2573
 3361:    2468    2603    2534    2628    2548    2529    2427    2496
 3369:    2460    2519    2545    2535    2496    2552    2524    2555
 3377:    2536    2465    2544    2504    2571    2548    2635    2581
 3385:    2506    2470    2551    2477    2570    2571    2505    2546
 3393:    2430    2597    2587    2520    2549    2497    2634    2477
 3401:    2539    2547    2528    2505    2554    2497    2488    2506
 3409:    2549    2404    2604    2623    2523    2490    2544    2497
 3417:    2512    2596    2553    2635    2414    2630    2601    2616
 3425:    2597    2574    2541    2548    2483    2591    2494    2621
 3433:    2547    2572    2560    2563    2582    2559    2567    2554
 3441:    2574    2488    2553    2559    2458    2560    2589    2506
 3449:    2603    2575    2548    2585    2607    2518    2605    2560
 3457:    2567    2563    2469    2492    2531    2591    2595    2548
 3465:    2593    2558    2541    2558    2588    2507    2510    2613
 3473:    2588    2579    2606    2478    2559    2603    2588    2559
 3481:    2536    2643    2538    2547    2516    2587    2565    2498
 3489:    2515    2528    2530    2618    2559    2588    2609    2547
 3497:    2539    2524    2604    2461    2623    2642    2535    2541
 3505:    2496    2509    2449    2523    2617    2653    2479    2555
 3513:    2478    2540    2522    2547    2525    2595    2609    2600
 3521:    2540    2515    2552    2545    2613    2521    2525    2597
 3529:    2596    2467    2544    2572    2576    2596    2565    2624
 3537:    2517    2621    2611    2583    2548    2524    2614    2603
 3545:    2585    2606    2642    2651    2605    2508    2590    2563
 3553:    2548    2579    2543    2572    2537    2637    2554    2636
 3561:    2604    2608    2601    2557    2425    2585    2587    2592
 3569:    2582    2611    2597    2616    2553    2585    2568    2616
 3577:    2580    2600    2558    2645    2578    2566    2570    2580
 3585:    2539    2567    2596    2466    2571    2643    2573    2749
 3593:    2632    2609    2549    2634    2555    2592    2565    2535
 3601:    2663    2747    2567    2523    2595    2616    2619    2541
 3609:    2599    2541    2654    2630    2628    2573    2585    2457
 3617:    2648    2553    2607    2641    2582    2598    2600    2536
 3625:    2671    2543    2636    2636    2560    2655    2587    2567
 3633:    2668    2522    2588    2706    2623    2686    2571    2587
 3641:    2681    2626    2611    2604    2630    2725    2576    2597
 3649:    2636    2604    2552    2641    2527    2691    2587    2565
 3657:    2641    2679    2611    2537    2630    2592    2625    2626
 3665:    2637    2558    2632    2574    2624    2659    2577    2565
 3673:    2548    2562    2686    2577    2620    2595    2653    2660
 3681:    2629    2682    2670    2592    2635    2527    2665    2669
 3689:    2533    2597    2697    2724    2694    2541    2717    2602
 3697:    2622    2558    2548    2654    2709    2635    2612    2757
 3705:    2636    2764    2696    2750    2764    2779    2768    2784
 3713:    2903    2926    2834    2844    2909    2951    2930    2936
 3721:    2942    3002    2956    2881    2923    2858    2915    2922
 3729:    2835    2855    2768    2912    2890    2777    2775    2698
 3737:    2813    2739    2674    2655    2741    2670    2594    2593
 3745:    2727    2672    2602    2682    2743    2590    2613    2629
 3753:    2624    2598    2589    2666    2667    2654    2765    2637
 3761:    2661    2622    2655    2661    2649    2646    2581    2664
 3769:    2619    2613    2649    2558    2590    2648    2704    2671
 3777:    2641    2622    2697    2628    2681    2747    2668    2730
 3785:    2694    2647    2714    2698    2670    2700    2716    2823
 3793:    2788    2640    2647    2638    2750    2684    2760    2704
 3801:    2690    2656    2649    2603    2750    2799    2670    2720
 3809:    2722    2652    2788    2732    2725    2713    2754    2719
 3817:    2743    2747    2672    2694    2583    2717    2617    2701
 3825:    2756    2601    2585    2787    2756    2706    2739    2761
 3833:    2629    2664    2644    2617    2702    2612    2721    2660
 3841:    2804    2745    2683    2709    2710    2771    2713    2702
 3849:    2771    2673    2810    2719    2672    2697    2714    2680
 3857:    2658    2801    2706    2608    2704    2770    2783    2636
 3865:    2588    2661    2720    2742    2606    2761    2693    2577
 3873:    2640    2645    2548    2717    2734    2706    2698    2740
 3881:    2663    2770    2685    2693    2724    2674    2687    2653
 3889:    2660    2732    2755    2693    2808    2814    2645    2713
 3897:    2693    2706    2757    2659    2712    2752    2729    2842
 3905:    2584    2669    2706    2754    2686    2770    2803    2660
 3913:    2766    2736    2721    2696    2736    2745    2742    2748
 3921:    2670    2675    2655    2762    2678    2754    2763    2740
 3929:    2822    2769    2806    2767    2770    2782    2760    2693
 3937:    2748    2676    2761    2718    2679    2666    2817    2813
 3945:    2753    2757    2720    2735    2713    2749    2794    2724
 3953:    2727    2695    2850    2653    2766    2693    2749    2792
 3961:    2743    2786    2793    2823    2783    2849    2752    2784
 3969:    2818    2773    2827    2788    2823    2679    2736    2776
 3977:    2892    2836    2947    2857    2879    2968    2887    2849
 3985:    2815    2799    2912    2904    2927    2932    2903    2908
 3993:    2941    2924    2925    2955    3017    2898    2996    2887
 4001:    2990    2938    3014    3008    3002    2961    3041    3131
 4009:    3020    3165    3150    3129    3223    3146    3159    3279
 4017:    3202    3262    3232    3316    3308    3377    3398    3346
 4025:    3419    3464    3511    3484    3479    3448    3649    3731
 4033:    3596    3756    3824    3788    3839    3989    3967    4189
 4041:    4146    4354    4446    4531    4751    4891    5166    5472
 4049:    5662    6057    6347    6757    7154    7705    8211    8693
 4057:    9456    9963   10710   11249   12039   12664   13017   13726
 4065:   14308   14663   15213   15394   15408   15686   15603   15212
 4073:   15419   14941   14537   14122   13740   13138   12581   11885
 4081:   11004   10543    9924    9302    8750    8067    7450    7130
 4089:    6608    6048    5616    5385    5026    4816    4387    4320
 4097:    4126    4064    3695    3545    3680    3571    3446    3280
 4105:    3229    3123    3252    3105    3109    3117    2998    2915
 4113:    3038    3003    3032    3014    2990    2907    2906    2837
 4121:    2924    2869    2843    3032    2927    2953    2942    2936
 4129:    2918    2933    2892    2926    3011    2888    3004    2862
 4137:    2916    2991    2975    2973    2951    2955    2979    2938
 4145:    2999    3027    2885    3001    2963    2943    2981    2930
 4153:    3028    2933    2970    3131    3056    3074    3066    3145
 4161:    3098    3051    3196    3194    3121    3189    3201    3246
 4169:    3332    3198    3285    3350    3324    3349    3359    3407
 4177:    3590    3434    3613    3541    3686    3638    3618    3792
 4185:    3903    3741    3863    3767    3973    4010    4055    4178
 4193:    4211    4233    4379    4521    4485    4665    4551    4847
 4201:    4928    5169    5290    5427    5612    6053    6220    6588
 4209:    7068    7321    7941    8499    9070    9591   10337   11281
 4217:   12194   13408   14413   15475   16647   17858   19331   19966
 4225:   21576   22611   23714   24394   25106   26032   26583   26618
 4233:   26549   26628   26288   25815   25539   24742   23654   22931
 4241:   21770   20472   19539   18277   16947   15858   14544   13532
 4249:   12503   11390   10597    9686    8746    8232    7525    6963
 4257:    6446    6036    5647    5338    4776    4656    4427    4336
 4265:    4084    3838    3842    3693    3648    3565    3512    3489
 4273:    3324    3397    3363    3338    3348    3161    3271    3211
 4281:    3292    3174    3250    3165    3181    3129    3133    3082
 4289:    3039    3025    3035    2881    2998    2953    2851    2975
 4297:    2886    2831    2850    2854    2753    2747    2757    2750
 4305:    2721    2749    2806    2694    2814    2854    2642    2820
 4313:    2666    2723    2734    2759    2742    2662    2685    2732
 4321:    2655    2769    2723    2757    2649    2706    2600    2680
 4329:    2650    2570    2632    2719    2681    2694    2746    2675
 4337:    2675    2688    2762    2738    2724    2663    2598    2689
 4345:    2790    2669    2683    2701    2701    2713    2620    2669
 4353:    2738    2728    2705    2681    2701    2747    2743    2769
 4361:    2760    2732    2721    2673    2669    2687    2637    2682
 4369:    2741    2730    2737    2701    2676    2631    2680    2701
 4377:    2681    2701    2628    2718    2797    2635    2784    2638
 4385:    2647    2638    2742    2674    2705    2661    2695    2681
 4393:    2690    2675    2610    2673    2647    2619    2677    2716
 4401:    2746    2675    2667    2629    2724    2579    2725    2640
 4409:    2614    2644    2719    2663    2650    2604    2621    2698
 4417:    2619    2653    2663    2616    2687    2643    2629    2743
 4425:    2674    2671    2741    2702    2710    2645    2795    2735
 4433:    2701    2647    2747    2615    2767    2696    2730    2728
 4441:    2854    2819    2783    2733    2865    2884    2871    2971
 4449:    2968    2949    3025    3066    3043    3021    2975    3143
 4457:    3140    3149    3227    3149    3229    3245    3106    3219
 4465:    3191    3114    3118    3118    3045    3051    3049    3091
 4473:    3050    2865    2881    2880    2858    2811    2902    2883
 4481:    2829    2763    2776    2842    2720    2840    2727    2730
 4489:    2766    2685    2681    2681    2705    2648    2687    2711
 4497:    2683    2681    2663    2706    2634    2666    2730    2684
 4505:    2632    2740    2806    2730    2684    2783    2672    2746
 4513:    2806    2873    2850    2802    2748    2859    2781    2937
 4521:    2970    2840    2957    2965    3027    2945    3007    3082
 4529:    3029    3026    3153    2961    3037    3015    3029    2996
 4537:    2873    2869    2938    2880    2957    2893    2850    2840
 4545:    2676    2754    2762    2768    2732    2741    2602    2830
 4553:    2709    2693    2739    2719    2733    2824    2619    2709
 4561:    2719    2629    2632    2756    2725    2772    2685    2707
 4569:    2782    2732    2598    2751    2789    2743    2803    2678
 4577:    2717    2725    2730    2818    2812    2718    2677    2731
 4585:    2662    2754    2675    2682    2715    2748    2764    2722
 4593:    2755    2706    2646    2802    2630    2709    2729    2734
 4601:    2719    2520    2578    2685    2607    2699    2741    2583
 4609:    2573    2732    2565    2746    2612    2580    2632    2696
 4617:    2629    2597    2717    2635    2589    2598    2667    2565
 4625:    2682    2671    2597    2670    2792    2703    2635    2634
 4633:    2727    2749    2639    2690    2704    2678    2745    2801
 4641:    2658    2709    2779    2667    2665    2726    2694    2671
 4649:    2697    2652    2708    2751    2628    2705    2650    2744
 4657:    2778    2702    2718    2657    2685    2763    2744    2767
 4665:    2611    2725    2759    2620    2737    2648    2769    2737
 4673:    2659    2725    2746    2773    2775    2801    2717    2786
 4681:    2793    2757    2773    2847    2790    2741    2758    2843
 4689:    2903    2854    2936    2854    2809    2728    2879    2829
 4697:    2909    2896    2911    2906    2947    2907    2854    3011
 4705:    2999    3011    3087    2984    3149    3055    3104    3131
 4713:    3118    3246    3252    3174    3192    3250    3316    3357
 4721:    3469    3402    3676    3532    3835    3738    3851    3924
 4729:    4070    4188    4319    4588    4670    5065    5115    5289
 4737:    5625    5837    5956    6152    6342    6628    6813    6832
 4745:    7016    7091    7246    7389    7192    7315    7330    7198
 4753:    7251    7136    6962    6902    6852    6729    6562    6496
 4761:    6566    6482    6540    6250    6425    6347    6498    6478
 4769:    6745    6983    7187    7455    7459    8059    8261    8572
 4777:    9054    9078    9521    9958   10296   10402   10679   10820
 4785:   10770   10902   10969   10866   10744   10646   10358   10276
 4793:    9812    9536    9311    8768    8460    8037    7630    7202
 4801:    6867    6509    6289    5754    5603    5454    5046    4917
 4809:    4693    4455    4249    4138    3951    3882    3718    3592
 4817:    3547    3383    3441    3355    3225    3192    3117    3038
 4825:    3038    3080    3014    2986    2946    2904    2938    2851
 4833:    2917    2909    2838    2767    2797    2830    2785    2749
 4841:    2685    2719    2777    2665    2724    2665    2733    2664
 4849:    2784    2704    2751    2652    2709    2712    2776    2743
 4857:    2748    2725    2729    2682    2744    2707    2751    2743
 4865:    2738    2794    2731    2831    2802    2781    2723    2870
 4873:    2786    2688    2776    2769    2837    2819    2796    2822
 4881:    2829    2761    2887    2840    2900    2916    2945    2977
 4889:    2900    2916    2985    3047    3140    3136    3154    3227
 4897:    3208    3332    3483    3471    3603    3574    3685    3774
 4905:    3976    3993    4248    4340    4347    4443    4756    4873
 4913:    4862    5171    5085    5333    5347    5449    5694    5674
 4921:    5729    5794    5870    5911    5946    5727    5933    5796
 4929:    5701    5509    5476    5340    5227    5095    5091    4834
 4937:    4757    4705    4497    4357    4300    4092    3980    3943
 4945:    3866    3782    3688    3675    3635    3592    3602    3505
 4953:    3531    3518    3574    3536    3511    3468    3560    3480
 4961:    3435    3508    3500    3311    3385    3329    3374    3246
 4969:    3232    3081    3072    3120    2980    2964    2851    2756
 4977:    2812    2777    2694    2676    2589    2640    2561    2509
 4985:    2510    2571    2394    2611    2395    2387    2415    2407
 4993:    2413    2456    2338    2464    2374    2400    2378    2385
 5001:    2380    2361    2330    2394    2407    2409    2368    2458
 5009:    2345    2329    2380    2303    2386    2450    2336    2351
 5017:    2335    2353    2436    2324    2329    2384    2457    2348
 5025:    2326    2334    2322    2279    2378    2328    2320    2366
 5033:    2361    2393    2267    2427    2383    2309    2331    2392
 5041:    2301    2391    2368    2315    2431    2391    2337    2261
 5049:    2368    2397    2307    2348    2361    2392    2364    2348
 5057:    2363    2314    2344    2309    2311    2324    2366    2415
 5065:    2329    2283    2404    2282    2350    2296    2316    2320
 5073:    2412    2352    2324    2374    2303    2344    2368    2403
 5081:    2313    2372    2220    2342    2314    2228    2319    2347
 5089:    2231    2334    2179    2246    2259    2361    2298    2385
 5097:    2281    2313    2307    2410    2445    2325    2362    2278
 5105:    2248    2341    2308    2420    2307    2206    2302    2351
 5113:    2373    2317    2260    2216    2305    2241    2334    2373
 5121:    2393    2435    2295    2350    2379    2319    2345    2394
 5129:    2333    2290    2344    2269    2173    2316    2290    2273
 5137:    2273    2365    2313    2289    2360    2358    2288    2357
 5145:    2416    2381    2312    2343    2316    2363    2332    2271
 5153:    2313    2391    2314    2296    2349    2291    2342    2319
 5161:    2247    2381    2360    2334    2372    2206    2337    2289
 5169:    2301    2365    2287    2321    2301    2376    2296    2352
 5177:    2293    2390    2320    2319    2338    2333    2326    2364
 5185:    2295    2402    2267    2343    2341    2320    2384    2335
 5193:    2418    2299    2318    2295    2401    2445    2293    2282
 5201:    2321    2308    2268    2301    2364    2410    2311    2338
 5209:    2375    2390    2277    2371    2269    2395    2245    2429
 5217:    2352    2315    2283    2198    2327    2241    2340    2360
 5225:    2206    2384    2385    2366    2352    2309    2352    2305
 5233:    2260    2265    2382    2319    2403    2329    2376    2246
 5241:    2348    2307    2353    2355    2476    2385    2348    2354
 5249:    2447    2278    2314    2422    2328    2288    2381    2357
 5257:    2351    2411    2435    2404    2395    2437    2377    2440
 5265:    2583    2486    2500    2469    2561    2505    2580    2582
 5273:    2603    2654    2703    2689    2887    2924    3059    3098
 5281:    3238    3271    3432    3353    3525    3466    3763    3678
 5289:    3805    3802    3929    3925    3992    3834    3977    3829
 5297:    3829    3808    3657    3703    3605    3476    3492    3431
 5305:    3352    3174    3065    3059    2972    2792    2823    2775
 5313:    2717    2661    2635    2585    2534    2570    2427    2480
 5321:    2421    2386    2427    2397    2367    2330    2346    2387
 5329:    2344    2301    2480    2313    2356    2332    2377    2258
 5337:    2312    2247    2345    2205    2269    2215    2207    2322
 5345:    2221    2334    2369    2280    2238    2284    2354    2268
 5353:    2272    2280    2239    2283    2363    2235    2267    2295
 5361:    2274    2269    2334    2279    2318    2244    2228    2304
 5369:    2291    2309    2273    2312    2287    2272    2261    2339
 5377:    2233    2299    2264    2271    2377    2325    2316    2248
 5385:    2271    2229    2220    2320    2316    2297    2271    2279
 5393:    2254    2302    2274    2311    2277    2276    2268    2297
 5401:    2285    2262    2347    2260    2320    2327    2269    2289
 5409:    2331    2328    2255    2223    2202    2267    2228    2302
 5417:    2330    2356    2229    2324    2292    2261    2263    2365
 5425:    2327    2233    2303    2302    2272    2297    2346    2250
 5433:    2276    2296    2305    2245    2309    2302    2189    2278
 5441:    2264    2309    2256    2264    2276    2390    2270    2352
 5449:    2344    2289    2346    2288    2220    2205    2312    2300
 5457:    2355    2271    2281    2312    2299    2172    2326    2254
 5465:    2262    2317    2291    2251    2283    2303    2335    2249
 5473:    2314    2275    2330    2259    2219    2279    2317    2281
 5481:    2396    2323    2320    2194    2232    2275    2339    2260
 5489:    2315    2292    2259    2310    2267    2267    2220    2332
 5497:    2264    2275    2234    2185    2319    2301    2296    2335
 5505:    2350    2308    2368    2289    2352    2329    2277    2378
 5513:    2254    2309    2321    2306    2287    2301    2242    2288
 5521:    2317    2266    2309    2328    2236    2312    2314    2214
 5529:    2339    2321    2272    2307    2265    2198    2172    2319
 5537:    2250    2335    2318    2199    2214    2320    2378    2259
 5545:    2303    2289    2194    2354    2297    2256    2227    2350
 5553:    2288    2280    2238    2213    2262    2289    2305    2289
 5561:    2353    2242    2238    2152    2381    2328    2238    2271
 5569:    2299    2434    2310    2283    2168    2315    2222    2269
 5577:    2317    2356    2199    2404    2337    2284    2357    2310
 5585:    2229    2261    2218    2248    2295    2270    2290    2309
 5593:    2300    2306    2210    2312    2315    2237    2322    2332
 5601:    2273    2282    2312    2321    2309    2292    2335    2196
 5609:    2387    2329    2274    2217    2158    2240    2320    2248
 5617:    2161    2276    2364    2262    2194    2209    2343    2383
 5625:    2365    2324    2270    2249    2216    2270    2306    2274
 5633:    2271    2255    2267    2302    2362    2307    2383    2246
 5641:    2252    2277    2309    2311    2255    2338    2333    2297
 5649:    2248    2289    2308    2336    2267    2253    2351    2313
 5657:    2311    2294    2302    2222    2304    2225    2297    2212
 5665:    2305    2304    2207    2246    2252    2238    2284    2223
 5673:    2344    2333    2230    2285    2206    2295    2274    2255
 5681:    2250    2149    2259    2313    2230    2199    2252    2263
 5689:    2304    2271    2240    2285    2273    2242    2299    2286
 5697:    2291    2251    2236    2349    2339    2293    2244    2213
 5705:    2309    2135    2412    2268    2280    2277    2253    2257
 5713:    2321    2319    2191    2247    2249    2263    2232    2271
 5721:    2257    2358    2276    2322    2222    2233    2312    2318
 5729:    2226    2377    2318    2194    2272    2304    2263    2210
 5737:    2242    2212    2224    2231    2178    2337    2247    2149
 5745:    2242    2283    2187    2319    2278    2280    2280    2187
 5753:    2273    2210    2208    2251    2242    2197    2259    2362
 5761:    2270    2261    2342    2284    2245    2197    2316    2217
 5769:    2315    2298    2211    2213    2208    2330    2184    2297
 5777:    2170    2258    2191    2242    2231    2370    2155    2274
 5785:    2204    2318    2300    2232    2348    2201    2198    2203
 5793:    2283    2259    2238    2249    2305    2356    2274    2223
 5801:    2204    2347    2208    2227    2273    2253    2205    2282
 5809:    2261    2288    2204    2317    2310    2230    2282    2319
 5817:    2280    2359    2318    2215    2297    2302    2261    2297
 5825:    2294    2272    2232    2322    2306    2238    2190    2324
 5833:    2245    2319    2255    2251    2321    2243    2333    2295
 5841:    2250    2254    2323    2346    2381    2197    2325    2358
 5849:    2251    2245    2251    2220    2228    2225    2346    2273
 5857:    2189    2303    2241    2302    2284    2287    2330    2270
 5865:    2185    2236    2162    2334    2234    2298    2125    2249
 5873:    2277    2195    2282    2265    2157    2200    2218    2238
 5881:    2167    2251    2212    2276    2255    2293    2292    2215
 5889:    2284    2232    2220    2232    2318    2258    2279    2285
 5897:    2250    2276    2271    2260    2202    2231    2247    2205
 5905:    2224    2267    2342    2195    2296    2277    2260    2244
 5913:    2215    2170    2197    2310    2347    2190    2228    2301
 5921:    2235    2258    2161    2237    2233    2276    2256    2218
 5929:    2371    2234    2257    2226    2258    2252    2297    2301
 5937:    2282    2229    2296    2190    2202    2330    2235    2271
 5945:    2269    2257    2315    2274    2298    2212    2260    2279
 5953:    2303    2267    2209    2226    2262    2383    2231    2370
 5961:    2292    2358    2284    2119    2285    2242    2298    2270
 5969:    2256    2246    2279    2277    2285    2290    2334    2200
 5977:    2280    2290    2231    2239    2282    2306    2218    2242
 5985:    2268    2302    2230    2247    2285    2235    2324    2223
 5993:    2244    2228    2282    2276    2245    2181    2216    2303
 6001:    2229    2290    2202    2307    2239    2292    2259    2213
 6009:    2239    2290    2258    2228    2295    2315    2192    2218
 6017:    2279    2267    2254    2241    2284    2232    2228    2287
 6025:    2321    2147    2271    2303    2240    2138    2293    2244
 6033:    2251    2178    2289    2221    2230    2259    2280    2238
 6041:    2262    2300    2178    2185    2242    2242    2258    2249
 6049:    2294    2270    2252    2249    2286    2275    2320    2244
 6057:    2198    2292    2378    2163    2313    2220    2302    2286
 6065:    2276    2223    2257    2253    2328    2198    2221    2224
 6073:    2248    2262    2241    2296    2287    2293    2175    2256
 6081:    2170    2242    2277    2223    2179    2281    2281    2229
 6089:    2216    2210    2185    2213    2242    2213    2248    2238
 6097:    2225    2228    2300    2184    2154    2152    2224    2276
 6105:    2188    2362    2247    2236    2285    2317    2318    2226
 6113:    2218    2164    2270    2242    2279    2295    2269    2260
 6121:    2327    2225    2186    2296    2148    2185    2279    2252
 6129:    2181    2110    2179    2233    2168    2305    2136    2251
 6137:    2327    2320    2259    2289    2224    2200    2290    2239
 6145:    2210    2196    2270    2260    2289    2156    2270    2328
 6153:    2235    2260    2245    2274    2176    2176    2222    2303
 6161:    2266    2201    2294    2151    2206    2279    2155    2265
 6169:    2223    2182    2213    2213    2284    2268    2319    2138
 6177:    2271    2271    2297    2157    2243    2249    2297    2351
 6185:    2300    2220    2315    2277    2269    2164    2240    2242
 6193:    2327    2268    2190    2248    2188    2196    2276    2269
 6201:    2285    2278    2276    2186    2311    2208    2233    2282
 6209:    2252    2237    2319    2288    2229    2209    2266    2219
 6217:    2235    2263    2334    2290    2296    2249    2249    2278
 6225:    2143    2183    2223    2274    2221    2209    2232    2227
 6233:    2220    2277    2223    2268    2243    2267    2213    2295
 6241:    2244    2286    2250    2289    2296    2267    2132    2219
 6249:    2201    2277    2263    2157    2239    2245    2270    2229
 6257:    2201    2326    2212    2252    2211    2244    2233    2225
 6265:    2216    2225    2259    2191    2254    2272    2300    2213
 6273:    2288    2274    2236    2243    2221    2228    2273    2194
 6281:    2207    2296    2174    2225    2308    2323    2292    2225
 6289:    2263    2243    2285    2166    2341    2224    2256    2172
 6297:    2226    2224    2188    2291    2281    2279    2207    2279
 6305:    2240    2176    2217    2309    2184    2216    2108    2235
 6313:    2280    2251    2225    2252    2238    2282    2282    2149
 6321:    2277    2197    2199    2234    2247    2270    2244    2217
 6329:    2167    2276    2227    2198    2271    2244    2309    2223
 6337:    2222    2217    2310    2211    2212    2227    2240    2141
 6345:    2154    2191    2102    2255    2223    2197    2182    2313
 6353:    2273    2201    2255    2166    2315    2243    2206    2203
 6361:    2242    2180    2159    2290    2247    2255    2214    2200
 6369:    2192    2215    2197    2257    2238    2189    2147    2305
 6377:    2115    2255    2262    2205    2185    2204    2237    2234
 6385:    2215    2208    2277    2287    2199    2135    2210    2185
 6393:    2307    2187    2213    2181    2134    2254    2169    2301
 6401:    2233    2299    2237    2202    2238    2208    2242    2224
 6409:    2295    2285    2253    2179    2165    2133    2179    2236
 6417:    2190    2206    2276    2258    2254    2277    2226    2200
 6425:    2241    2147    2113    2215    2193    2260    2197    2151
 6433:    2285    2242    2261    2226    2215    2240    2255    2272
 6441:    2166    2189    2216    2183    2182    2233    2244    2207
 6449:    2249    2275    2259    2157    2184    2269    2252    2199
 6457:    2150    2247    2272    2237    2254    2273    2151    2180
 6465:    2319    2223    2252    2240    2220    2250    2239    2112
 6473:    2245    2213    2244    2215    2220    2295    2184    2248
 6481:    2189    2195    2177    2136    2177    2233    2257    2280
 6489:    2289    2196    2195    2178    2278    2265    2304    2191
 6497:    2208    2258    2205    2284    2226    2277    2181    2235
 6505:    2198    2203    2253    2189    2288    2179    2200    2212
 6513:    2238    2208    2244    2193    2192    2176    2196    2159
 6521:    2291    2182    2247    2223    2198    2263    2271    2122
 6529:    2205    2159    2273    2079    2217    2339    2230    2177
 6537:    2167    2286    2178    2158    2214    2253    2236    2228
 6545:    2205    2231    2187    2239    2268    2106    2184    2214
 6553:    2239    2198    2156    2223    2192    2175    2185    2285
 6561:    2227    2156    2195    2180    2254    2118    2249    2297
 6569:    2219    2232    2274    2127    2314    2090    2198    2223
 6577:    2195    2267    2193    2195    2236    2327    2206    2185
 6585:    2265    2201    2290    2151    2180    2179    2199    2205
 6593:    2215    2256    2176    2173    2142    2157    2172    2288
 6601:    2176    2227    2269    2228    2209    2145    2233    2200
 6609:    2175    2238    2207    2218    2204    2195    2286    2220
 6617:    2285    2326    2227    2245    2154    2176    2244    2221
 6625:    2206    2142    2182    2139    2247    2189    2218    2171
 6633:    2220    2124    2212    2272    2147    2197    2297    2209
 6641:    2230    2266    2240    2130    2188    2195    2199    2213
 6649:    2192    2178    2225    2205    2175    2190    2181    2160
 6657:    2211    2156    2242    2249    2188    2242    2196    2310
 6665:    2152    2232    2183    2115    2253    2199    2178    2222
 6673:    2238    2156    2250    2162    2261    2177    2235    2231
 6681:    2147    2166    2138    2263    2256    2335    2178    2151
 6689:    2150    2228    2171    2194    2257    2215    2135    2188
 6697:    2269    2144    2221    2135    2130    2256    2171    2197
 6705:    2166    2231    2145    2197    2194    2107    2243    2214
 6713:    2209    2219    2189    2220    2210    2198    2161    2249
 6721:    2192    2230    2263    2223    2234    2177    2159    2219
 6729:    2291    2241    2189    2208    2150    2155    2172    2138
 6737:    2146    2183    2160    2256    2173    2280    2222    2209
 6745:    2208    2282    2173    2189    2167    2195    2225    2157
 6753:    2172    2258    2166    2229    2268    2180    2288    2222
 6761:    2206    2272    2252    2159    2276    2239    2055    2171
 6769:    2227    2148    2289    2205    2229    2224    2238    2201
 6777:    2293    2136    2154    2284    2151    2221    2201    2210
 6785:    2140    2189    2196    2127    2170    2222    2317    2168
 6793:    2266    2170    2192    2163    2126    2200    2199    2284
 6801:    2158    2264    2295    2151    2207    2207    2208    2204
 6809:    2197    2152    2295    2179    2078    2160    2181    2219
 6817:    2205    2224    2199    2150    2223    2160    2157    2184
 6825:    2239    2226    2229    2212    2197    2140    2223    2182
 6833:    2161    2246    2207    2314    2156    2174    2162    2225
 6841:    2247    2214    2258    2213    2209    2202    2221    2168
 6849:    2262    2248    2147    2287    2250    2256    2222    2218
 6857:    2204    2211    2163    2176    2233    2193    2209    2210
 6865:    2202    2165    2236    2273    2201    2218    2253    2181
 6873:    2241    2213    2111    2135    2212    2088    2199    2233
 6881:    2199    2174    2164    2278    2266    2222    2150    2227
 6889:    2212    2206    2191    2181    2262    2164    2165    2297
 6897:    2173    2201    2185    2100    2116    2174    2169    2310
 6905:    2062    2211    2296    2266    2243    2155    2238    2153
 6913:    2247    2235    2149    2149    2243    2125    2234    2171
 6921:    2112    2184    2146    2150    2180    2123    2181    2268
 6929:    2230    2144    2220    2233    2232    2205    2184    2172
 6937:    2166    2157    2216    2168    2213    2140    2202    2217
 6945:    2193    2243    2216    2231    2216    2195    2233    2244
 6953:    2151    2133    2197    2157    2250    2197    2206    2179
 6961:    2266    2137    2189    2248    2216    2172    2162    2254
 6969:    2209    2151    2203    2287    2090    2185    2229    2219
 6977:    2248    2288    2170    2180    2242    2200    2225    2114
 6985:    2205    2169    2185    2147    2258    2114    2212    2161
 6993:    2243    2176    2247    2161    2163    2182    2248    2232
 7001:    2152    2242    2213    2175    2099    2299    2183    2255
 7009:    2274    2228    2078    2223    2165    2128    2205    2184
 7017:    2266    2215    2162    2192    2221    2144    2241    2196
 7025:    2213    2157    2261    2203    2239    2262    2244    2129
 7033:    2208    2201    2229    2172    2109    2131    2152    2115
 7041:    2224    2169    2214    2190    2177    2159    2190    2210
 7049:    2154    2180    2193    2084    2181    2198    2168    2327
 7057:    2136    2141    2111    2199    2178    2174    2147    2123
 7065:    2215    2194    2255    2093    2084    2213    2183    2111
 7073:    2179    2196    2165    2208    2220    2233    2232    2133
 7081:    2186    2122    2192    2142    2204    2176    2199    2166
 7089:    2129    2215    2251    2177    2144    2188    2205    2221
 7097:    2116    2210    2168    2248    2152    2196    2173    2162
 7105:    2236    2229    2211    2148    2133    2142    2229    2176
 7113:    2150    2231    2207    2151    2228    2210    2153    2133
 7121:    2188    2180    2218    2142    2163    2198    2188    2144
 7129:    2257    2195    2217    2166    2110    2208    2069    2216
 7137:    2139    2228    2209    2270    2198    2154    2146    2148
 7145:    2202    2144    2169    2212    2168    2202    2175    2091
 7153:    2196    2169    2282    2171    2259    2121    2219    2140
 7161:    2237    2195    2241    2203    2213    2165    2181    2217
 7169:    2246    2149    2180    2101    2144    2191    2163    2208
 7177:    2160    2159    2182    2216    2219    2134    2203    2138
 7185:    2108    2243    2199    2187    2204    2140    2159    2179
 7193:    2217    2170    2199    2259    2192    2169    2159    2201
 7201:    2223    2218    2127    2161    2137    2128    2190    2289
 7209:    2157    2176    2296    2151    2170    2137    2127    2198
 7217:    2173    2235    2156    2140    2218    2131    2252    2270
 7225:    2267    2113    2193    2241    2205    2227    2208    2144
 7233:    2165    2171    2182    2270    2177    2259    2140    2127
 7241:    2103    2300    2162    2118    2185    2213    2109    2264
 7249:    2148    2170    2178    2262    2207    2219    2142    2178
 7257:    2239    2218    2143    2109    2174    2155    2227    2131
 7265:    2152    2186    2132    2170    2206    2265    2218    2193
 7273:    2146    2165    2233    2155    2211    2251    2145    2158
 7281:    2112    2140    2191    2131    2124    2146    2091    2086
 7289:    2136    2123    2216    2127    2205    2129    2171    2185
 7297:    2171    2218    2157    2129    2185    2265    2244    2102
 7305:    2181    2129    2098    2113    2079    2151    2151    2166
 7313:    2190    2163    2152    2167    2176    2106    2180    2239
 7321:    2232    2151    2235    2192    2246    2145    2142    2217
 7329:    2103    2133    2103    2166    2168    2211    2161    2161
 7337:    2114    2179    2155    2187    2178    2214    2152    2221
 7345:    2107    2111    2221    2219    2156    2154    2209    2201
 7353:    2206    2165    2276    2126    2255    2178    2155    2166
 7361:    2237    2196    2180    2167    2181    2173    2186    2219
 7369:    2219    2219    2089    2224    2203    2106    2176    2123
 7377:    2172    2299    2203    2147    2275    2196    2131    2205
 7385:    2224    2180    2226    2119    2120    2115    2173    2154
 7393:    2178    2239    2185    2161    2144    2175    2206    2175
 7401:    2160    2129    2219    2143    2183    2189    2171    2158
 7409:    2167    2215    2240    2123    2090    2164    2234    2201
 7417:    2180    2100    2217    2138    2158    2172    2192    2236
 7425:    2195    2118    2142    2226    2133    2146    2219    2151
 7433:    2249    2186    2180    2206    2232    2215    2198    2193
 7441:    2178    2244    2176    2123    2125    2249    2157    2172
 7449:    2165    2143    2224    2260    2194    2151    2216    2187
 7457:    2216    2173    2182    2196    2182    2228    2172    2128
 7465:    2168    2164    2136    2180    2251    2176    2183    2106
 7473:    2182    2138    2183    2218    2135    2108    2155    2226
 7481:    2167    2200    2248    2171    2205    2098    2236    2187
 7489:    2187    2224    2107    2175    2181    2164    2114    2209
 7497:    2179    2164    2186    2178    2178    2174    2221    2156
 7505:    2185    2159    2170    2170    2290    2117    2123    2185
 7513:    2232    2130    2192    2316    2157    2163    2153    2090
 7521:    2160    2182    2189    2186    2188    2180    2181    2242
 7529:    2158    2267    2148    2117    2157    2191    2088    2150
 7537:    2145    2159    2152    2200    2238    2194    2187    2242
 7545:    2203    2116    2202    2213    2212    2170    2186    2202
 7553:    2266    2239    2238    2113    2197    2164    2154    2155
 7561:    2259    2139    2187    2176    2146    2220    2210    2203
 7569:    2240    2134    2206    2207    2227    2330    2167    2190
 7577:    2253    2197    2156    2179    2196    2188    2296    2244
 7585:    2192    2200    2262    2190    2254    2165    2242    2092
 7593:    2148    2209    2236    2216    2179    2266    2216    2195
 7601:    2245    2149    2188    2241    2266    2274    2172    2124
 7609:    2301    2219    2199    2237    2223    2178    2213    2230
 7617:    2218    2186    2214    2239    2249    2274    2133    2219
 7625:    2209    2196    2160    2134    2276    2208    2278    2250
 7633:    2128    2230    2109    2199    2247    2221    2117    2171
 7641:    2152    2204    2195    2216    2317    2154    2171    2288
 7649:    2213    2191    2184    2153    2202    2110    2214    2210
 7657:    2186    2145    2082    2186    2155    2150    2152    2229
 7665:    2205    2186    2255    2204    2188    2143    2204    2149
 7673:    2202    2177    2194    2222    2190    2222    2195    2146
 7681:    2217    2180    2168    2149    2156    2276    2215    2131
 7689:    2177    2099    2192    2268    2180    2135    2216    2257
 7697:    2175    2260    2138    2242    2208    2200    2207    2181
 7705:    2173    2162    2179    2226    2298    2167    2282    2158
 7713:    2201    2161    2133    2239    2206    2210    2254    2150
 7721:    2240    2241    2194    2311    2133    2171    2248    2165
 7729:    2227    2235    2229    2214    2248    2252    2208    2254
 7737:    2127    2166    2160    2204    2240    2294    2197    2256
 7745:    2224    2230    2191    2247    2231    2166    2113    2170
 7753:    2144    2233    2324    2283    2265    2204    2215    2204
 7761:    2205    2174    2222    2100    2290    2233    2182    2234
 7769:    2231    2257    2184    2164    2226    2136    2229    2228
 7777:    2158    2209    2166    2255    2110    2174    2237    2191
 7785:    2156    2217    2284    2220    2162    2126    2205    2306
 7793:    2191    2266    2218    2184    2276    2313    2260    2224
 7801:    2237    2263    2202    2210    2226    2266    2225    2172
 7809:    2224    2150    2181    2238    2175    2190    2228    2198
 7817:    2292    2289    2252    2233    2246    2242    2159    2232
 7825:    2182    2193    2226    2154    2225    2258    2295    2250
 7833:    2259    2312    2204    2211    2234    2236    2319    2233
 7841:    2199    2165    2252    2381    2243    2252    2276    2298
 7849:    2264    2283    2259    2249    2181    2215    2215    2299
 7857:    2241    2249    2299    2309    2148    2233    2204    2220
 7865:    2247    2232    2277    2264    2276    2282    2195    2248
 7873:    2256    2265    2220    2163    2238    2311    2226    2293
 7881:    2220    2209    2174    2335    2284    2273    2285    2208
 7889:    2262    2325    2267    2232    2260    2198    2250    2229
 7897:    2227    2226    2313    2321    2311    2244    2261    2262
 7905:    2301    2249    2234    2268    2243    2204    2285    2262
 7913:    2219    2297    2326    2305    2306    2298    2318    2286
 7921:    2367    2317    2313    2240    2405    2331    2398    2246
 7929:    2349    2275    2296    2319    2231    2202    2293    2226
 7937:    2259    2372    2337    2334    2328    2285    2299    2276
 7945:    2368    2348    2433    2443    2353    2212    2305    2288
 7953:    2337    2313    2292    2296    2326    2314    2419    2273
 7961:    2339    2272    2352    2290    2307    2329    2393    2393
 7969:    2276    2391    2338    2378    2380    2384    2401    2364
 7977:    2382    2390    2413    2281    2310    2377    2372    2310
 7985:    2324    2329    2352    2401    2438    2338    2331    2356
 7993:    2342    2365    2429    2309    2356    2394    2321    2320
 8001:    2327    2414    2332    2374    2301    2241    2279    2377
 8009:    2299    2365    2503    2348    2342    2469    2402    2330
 8017:    2424    2346    2420    2430    2428    2391    2399    2413
 8025:    2310    2272    2328    2397    2349    2392    2326    2288
 8033:    2351    2357    2404    2481    2383    2419    2377    2347
 8041:    2250    2453    2405    2304    2433    2438    2370    2308
 8049:    2316    2387    2414    2365    2374    2304    2399    2315
 8057:    2349    2401    2377    2340    2486    2389    2380    2337
 8065:    2308    2350    2355    2365    2353    2367    2409    2293
 8073:    2307    2318    2306    2389    2365    2405    2347    2312
 8081:    2410    2447    2384    2284    2369    2329    2361    2331
 8089:    2353    2369    2435    2296    2319    2435    2468    2316
 8097:    2428    2365    2394    2267    2308    2388    2302    2460
 8105:    2342    2376    2366    2425    2317    2358    2344    2310
 8113:    2290    2404    2376    2424    2273    2370    2280    2456
 8121:    2377    2334    2357    2402    2299    2286    2333    2365
 8129:    2394    2253    2345    2280    2423    2366    2314    2351
 8137:    2377    2339    2312    2429    2375    2378    2359    2320
 8145:    2360    2379    2312    2433    2351    2338    2293    2324
 8153:    2365    2392    2343    2423    2246    2282    2274    2328
 8161:    2418    2310    2336    2283    2428    2413    2445    2363
 8169:    2353    2322    2457    2399    2397    2287    2321    2375
 8177:    2318    2401    2410    2247    2319    2374    2357    2271
 8185:    2399    2353    2273    2370    2410    2319    2371    2388
