 spec_fit_0.txt                                                        C_Z_UPU150_RED_X_201311151529_1.res                         
   3.1067164940509100        1.4139999999999999        22.000000000000000       0.69999999999999996        239.63000000000000                1
           1   5841706.9453187659        27097.606122927238     
           2   37946.869614494761        320.57544290437852     
           3   1292.1985990630230        304.14587284821880     
           4   1584.7463569612066        205.08560600736132     
           5  -1120.4700182251006        187.80331011932100     
           6   0.0000000000000000        0.0000000000000000     
           7   0.0000000000000000        0.0000000000000000     
           8   0.0000000000000000        0.0000000000000000     
           9  0.10680834965173966        1.1247083659730187E-003
          10   8.2893876997662055E-003   8.6626358225496368E-004
          11   0.0000000000000000        0.0000000000000000     
          12   0.0000000000000000        0.0000000000000000     
          13   0.0000000000000000        0.0000000000000000     
          14   2.6755500370628811        3.5194920475828659E-002
          15 -0.34775192373469793        1.4987926332508026E-003
          16   7.5617037510652949E-002   1.2445848729979843E-006
          17  0.20702523258825176        1.5422392640123862E-004
          18  0.11088572738038567        1.6158784992110523E-003
          19  -5.9650991640607129        2.1143590725163877E-002
          20   8.4010136718004071E-004   6.3655351211016424E-006
          21   2.0000000000000000        0.0000000000000000     
          22  0.20999999999999999        0.0000000000000000     
          23   88.034000000000006        0.0000000000000000     
          24   20261.390407542054        613.87757950401237     
          25  0.76131111105439941        5.2044511848152557E-003
          26   0.0000000000000000        0.0000000000000000     
          27   0.0000000000000000        0.0000000000000000     
          28   150.19211193304528        3.6337609226465742E-002
          29  0.92940383596477749        2.7846255543326113E-003
          30   22503484137.232582        193564446.84357163     
          31   2.0848090221862154        3.2263296046585059E-002
          32   86.000000000000000        0.0000000000000000     
          33   105.37108942762900        0.0000000000000000     
          34   1.2114658975920924E-004   5.3840366101560633E-006
          35  -4.1702029236895438E-005   1.0751187680629256E-006
          36   4.6846432922856964        6.5703552535286883E-002
          37   2.1499942976641701E-004   0.0000000000000000     
          38  0.47258888837460800        0.0000000000000000     
          39   0.0000000000000000        0.0000000000000000     
          40   0.0000000000000000        0.0000000000000000     
          41  0.12926866500742909        1.0170400121330347E-003
          42   18358.479538155072        1314.7637553954210     
           1           1   733620065.52218330     
           1           2   42564433.691533126     
           1           3   2531761.5787300821     
           1           4  -1297275.5016232389     
           1           5   6148742.1169722108     
           1           6   0.0000000000000000     
           1           7   0.0000000000000000     
           1           8   0.0000000000000000     
           1           9   38.329408178063943     
           1          10   15.915059457262876     
           1          11   0.0000000000000000     
           1          12   0.0000000000000000     
           1          13   0.0000000000000000     
           1          14  -50.115128148976744     
           1          15  -110.92433289110544     
           1          16  -1.4498231992187887     
           1          17  -21.478075269495832     
           1          18  -46.273522772915207     
           1          19   157.76196239660169     
           1          20 -0.39009340368441714     
           1          21   0.0000000000000000     
           1          22   0.0000000000000000     
           1          23   0.0000000000000000     
           1          24   22293630.478201587     
           1          25   244.36097177591432     
           1          26   0.0000000000000000     
           1          27   0.0000000000000000     
           1          28  -1004.5173416439854     
           1          29   74.348556840044054     
           1          30  -20570282536.046494     
           1          31  -81.093337832622197     
           1          32   0.0000000000000000     
           1          33   0.0000000000000000     
           1          34 -0.17210763541119647     
           1          35  -6.2342271028468779E-003
           1          36   851.17778276113006     
           1          37   0.0000000000000000     
           1          38   0.0000000000000000     
           1          39   0.0000000000000000     
           1          40   0.0000000000000000     
           1          41  -21.538875085868003     
           1          42  -16401054.990114601     
           2           1   42564433.691533096     
           2           2   102676.21523517388     
           2           3   76146.184916722676     
           2           4   59174.374300409610     
           2           5   111289.24565127098     
           2           6   0.0000000000000000     
           2           7   0.0000000000000000     
           2           8   0.0000000000000000     
           2           9   1.7224503750238092     
           2          10   3.5955261222563815     
           2          11   0.0000000000000000     
           2          12   0.0000000000000000     
           2          13   0.0000000000000000     
           2          14  -4.6912183005457200     
           2          15  0.23054461277410640     
           2          16  -1.5400289270154043E-003
           2          17   8.2189301358084554E-002
           2          18  -3.9224866606030568     
           2          19   21.036683231828960     
           2          20  -5.4617657503147066E-003
           2          21   0.0000000000000000     
           2          22   0.0000000000000000     
           2          23   0.0000000000000000     
           2          24   764399.00398018619     
           2          25  0.59173309629120852     
           2          26   0.0000000000000000     
           2          27   0.0000000000000000     
           2          28  -22.578026453935070     
           2          29   2.6402455885939666     
           2          30  -3822059246.1066599     
           2          31   9.7035321175904923E-002
           2          32   0.0000000000000000     
           2          33   0.0000000000000000     
           2          34  -4.2453490780985197E-003
           2          35  -8.9394839584809429E-006
           2          36  -32.924641047813431     
           2          37   0.0000000000000000     
           2          38   0.0000000000000000     
           2          39   0.0000000000000000     
           2          40   0.0000000000000000     
           2          41 -0.87302479601948457     
           2          42  -765390.70629368152     
           3           1   2531761.5787300891     
           3           2   76146.184916722676     
           3           3   92421.540896954553     
           3           4   185777.35816325535     
           3           5   194532.06995977255     
           3           6   0.0000000000000000     
           3           7   0.0000000000000000     
           3           8   0.0000000000000000     
           3           9   2.5871268478685701     
           3          10   1.3739702814972268     
           3          11   0.0000000000000000     
           3          12   0.0000000000000000     
           3          13   0.0000000000000000     
           3          14  -2.4880830807195604     
           3          15   3.3994100671654910     
           3          16  -1.6923524816982330E-003
           3          17   6.8642373577099555E-002
           3          18 -0.55932805742666347     
           3          19   2.0829368200082250     
           3          20  -9.6563107693441121E-004
           3          21   0.0000000000000000     
           3          22   0.0000000000000000     
           3          23   0.0000000000000000     
           3          24   571282.50398815831     
           3          25   1.1176085721996065     
           3          26   0.0000000000000000     
           3          27   0.0000000000000000     
           3          28  -6.6468864465379491     
           3          29   1.8632223606031972     
           3          30   10218806460.147015     
           3          31  -1.4313622109377686     
           3          32   0.0000000000000000     
           3          33   0.0000000000000000     
           3          34  -2.0310108374328511E-003
           3          35  -8.2463084250199143E-005
           3          36  -12.832209189517982     
           3          37   0.0000000000000000     
           3          38   0.0000000000000000     
           3          39   0.0000000000000000     
           3          40   0.0000000000000000     
           3          41 -0.49085493074646119     
           3          42  -478183.77678709402     
           4           1  -1297275.5016231695     
           4           2   59174.374300409901     
           4           3   185777.35816325614     
           4           4   42022.289510678922     
           4           5   75106.621737601206     
           4           6   0.0000000000000000     
           4           7   0.0000000000000000     
           4           8   0.0000000000000000     
           4           9  0.40902099837317552     
           4          10   2.7534650621484611E-002
           4          11   0.0000000000000000     
           4          12   0.0000000000000000     
           4          13   0.0000000000000000     
           4          14  -9.7470343561644306     
           4          15  0.10465039177073381     
           4          16  -1.1608816006924345E-004
           4          17   2.0806183782102340E-002
           4          18  0.33586014631953515     
           4          19  -1.6215725736594204     
           4          20  -1.7157216349589157E-003
           4          21   0.0000000000000000     
           4          22   0.0000000000000000     
           4          23   0.0000000000000000     
           4          24   340454.23871272960     
           4          25  0.49856032233862074     
           4          26   0.0000000000000000     
           4          27   0.0000000000000000     
           4          28   38.963016235851200     
           4          29  0.15111642555423180     
           4          30  -40845655438.674057     
           4          31  -4.2626946397106318     
           4          32   0.0000000000000000     
           4          33   0.0000000000000000     
           4          34   2.4498704762872278E-003
           4          35   3.3031864310495256E-004
           4          36  -12.034098757158088     
           4          37   0.0000000000000000     
           4          38   0.0000000000000000     
           4          39   0.0000000000000000     
           4          40   0.0000000000000000     
           4          41  0.51712006475856698     
           4          42   360693.22808809305     
           5           1   6148742.1169722239     
           5           2   111289.24565127114     
           5           3   194532.06995977269     
           5           4   75106.621737601206     
           5           5   35238.371926670159     
           5           6   0.0000000000000000     
           5           7   0.0000000000000000     
           5           8   0.0000000000000000     
           5           9  -4.8034691274404392E-002
           5          10  -5.9365280299410665     
           5          11   0.0000000000000000     
           5          12   0.0000000000000000     
           5          13   0.0000000000000000     
           5          14  -8.3861705504077708     
           5          15  -3.2174547947897887     
           5          16  -4.7901692023450960E-004
           5          17  -3.6806659985427537E-002
           5          18  -7.9541634023960723     
           5          19   58.768029158699640     
           5          20  -1.6369919081209753E-003
           5          21   0.0000000000000000     
           5          22   0.0000000000000000     
           5          23   0.0000000000000000     
           5          24  -91482.829963773562     
           5          25   8.3441130384899725E-002
           5          26   0.0000000000000000     
           5          27   0.0000000000000000     
           5          28   21.954572871256111     
           5          29  0.40791300564386584     
           5          30  -22465925007.001328     
           5          31 -0.76737620036505105     
           5          32   0.0000000000000000     
           5          33   0.0000000000000000     
           5          34   4.1783704220714680E-004
           5          35  -5.3566380449519566E-005
           5          36  -12.754983079490719     
           5          37   0.0000000000000000     
           5          38   0.0000000000000000     
           5          39   0.0000000000000000     
           5          40   0.0000000000000000     
           5          41  0.23573737428179944     
           5          42  -18273.370673419715     
           6           1   0.0000000000000000     
           6           2   0.0000000000000000     
           6           3   0.0000000000000000     
           6           4   0.0000000000000000     
           6           5   0.0000000000000000     
           6           6   0.0000000000000000     
           6           7   0.0000000000000000     
           6           8   0.0000000000000000     
           6           9   0.0000000000000000     
           6          10   0.0000000000000000     
           6          11   0.0000000000000000     
           6          12   0.0000000000000000     
           6          13   0.0000000000000000     
           6          14   0.0000000000000000     
           6          15   0.0000000000000000     
           6          16   0.0000000000000000     
           6          17   0.0000000000000000     
           6          18   0.0000000000000000     
           6          19   0.0000000000000000     
           6          20   0.0000000000000000     
           6          21   0.0000000000000000     
           6          22   0.0000000000000000     
           6          23   0.0000000000000000     
           6          24   0.0000000000000000     
           6          25   0.0000000000000000     
           6          26   0.0000000000000000     
           6          27   0.0000000000000000     
           6          28   0.0000000000000000     
           6          29   0.0000000000000000     
           6          30   0.0000000000000000     
           6          31   0.0000000000000000     
           6          32   0.0000000000000000     
           6          33   0.0000000000000000     
           6          34   0.0000000000000000     
           6          35   0.0000000000000000     
           6          36   0.0000000000000000     
           6          37   0.0000000000000000     
           6          38   0.0000000000000000     
           6          39   0.0000000000000000     
           6          40   0.0000000000000000     
           6          41   0.0000000000000000     
           6          42   0.0000000000000000     
           7           1   0.0000000000000000     
           7           2   0.0000000000000000     
           7           3   0.0000000000000000     
           7           4   0.0000000000000000     
           7           5   0.0000000000000000     
           7           6   0.0000000000000000     
           7           7   0.0000000000000000     
           7           8   0.0000000000000000     
           7           9   0.0000000000000000     
           7          10   0.0000000000000000     
           7          11   0.0000000000000000     
           7          12   0.0000000000000000     
           7          13   0.0000000000000000     
           7          14   0.0000000000000000     
           7          15   0.0000000000000000     
           7          16   0.0000000000000000     
           7          17   0.0000000000000000     
           7          18   0.0000000000000000     
           7          19   0.0000000000000000     
           7          20   0.0000000000000000     
           7          21   0.0000000000000000     
           7          22   0.0000000000000000     
           7          23   0.0000000000000000     
           7          24   0.0000000000000000     
           7          25   0.0000000000000000     
           7          26   0.0000000000000000     
           7          27   0.0000000000000000     
           7          28   0.0000000000000000     
           7          29   0.0000000000000000     
           7          30   0.0000000000000000     
           7          31   0.0000000000000000     
           7          32   0.0000000000000000     
           7          33   0.0000000000000000     
           7          34   0.0000000000000000     
           7          35   0.0000000000000000     
           7          36   0.0000000000000000     
           7          37   0.0000000000000000     
           7          38   0.0000000000000000     
           7          39   0.0000000000000000     
           7          40   0.0000000000000000     
           7          41   0.0000000000000000     
           7          42   0.0000000000000000     
           8           1   0.0000000000000000     
           8           2   0.0000000000000000     
           8           3   0.0000000000000000     
           8           4   0.0000000000000000     
           8           5   0.0000000000000000     
           8           6   0.0000000000000000     
           8           7   0.0000000000000000     
           8           8   0.0000000000000000     
           8           9   0.0000000000000000     
           8          10   0.0000000000000000     
           8          11   0.0000000000000000     
           8          12   0.0000000000000000     
           8          13   0.0000000000000000     
           8          14   0.0000000000000000     
           8          15   0.0000000000000000     
           8          16   0.0000000000000000     
           8          17   0.0000000000000000     
           8          18   0.0000000000000000     
           8          19   0.0000000000000000     
           8          20   0.0000000000000000     
           8          21   0.0000000000000000     
           8          22   0.0000000000000000     
           8          23   0.0000000000000000     
           8          24   0.0000000000000000     
           8          25   0.0000000000000000     
           8          26   0.0000000000000000     
           8          27   0.0000000000000000     
           8          28   0.0000000000000000     
           8          29   0.0000000000000000     
           8          30   0.0000000000000000     
           8          31   0.0000000000000000     
           8          32   0.0000000000000000     
           8          33   0.0000000000000000     
           8          34   0.0000000000000000     
           8          35   0.0000000000000000     
           8          36   0.0000000000000000     
           8          37   0.0000000000000000     
           8          38   0.0000000000000000     
           8          39   0.0000000000000000     
           8          40   0.0000000000000000     
           8          41   0.0000000000000000     
           8          42   0.0000000000000000     
           9           1   38.329408178064163     
           9           2   1.7224503750238089     
           9           3   2.5871268478685607     
           9           4  0.40902099837315276     
           9           5  -4.8034691274430802E-002
           9           6   0.0000000000000000     
           9           7   0.0000000000000000     
           9           8   0.0000000000000000     
           9           9   1.2638315737527732E-006
           9          10  -5.8536877254072198E-008
           9          11   0.0000000000000000     
           9          12   0.0000000000000000     
           9          13   0.0000000000000000     
           9          14  -2.4008373376164538E-006
           9          15   9.5315368260868985E-006
           9          16  -2.8832766486722455E-008
           9          17   2.7438166713096613E-007
           9          18  -2.4678605925523243E-005
           9          19   9.0339900526505691E-005
           9          20  -1.7065296897154227E-009
           9          21   0.0000000000000000     
           9          22   0.0000000000000000     
           9          23   0.0000000000000000     
           9          24  0.61461578055562283     
           9          25  -7.0061566209304535E-006
           9          26   0.0000000000000000     
           9          27   0.0000000000000000     
           9          28  -2.9780659901146565E-006
           9          29   5.0113977424134597E-007
           9          30   2449.0198134940465     
           9          31   2.6748520319843538E-005
           9          32   0.0000000000000000     
           9          33   0.0000000000000000     
           9          34  -5.0710903406729052E-009
           9          35   5.6061977324074056E-008
           9          36   6.4323218624902619E-005
           9          37   0.0000000000000000     
           9          38   0.0000000000000000     
           9          39   0.0000000000000000     
           9          40   0.0000000000000000     
           9          41  -4.9324810830707212E-007
           9          42 -0.20039831604269970     
          10           1   15.915059457262075     
          10           2   3.5955261222563109     
          10           3   1.3739702814971968     
          10           4   2.7534650621486297E-002
          10           5  -5.9365280299409848     
          10           6   0.0000000000000000     
          10           7   0.0000000000000000     
          10           8   0.0000000000000000     
          10           9  -5.8536877254075070E-008
          10          10   7.4973789727127864E-007
          10          11   0.0000000000000000     
          10          12   0.0000000000000000     
          10          13   0.0000000000000000     
          10          14   2.6211287605440288E-006
          10          15  -4.8811844904471311E-006
          10          16  -3.3527164273983731E-008
          10          17   3.5241415975023610E-008
          10          18  -1.0254476607047096E-005
          10          19   5.3029618779990798E-005
          10          20  -1.0515503048233289E-009
          10          21   0.0000000000000000     
          10          22   0.0000000000000000     
          10          23   0.0000000000000000     
          10          24 -0.48185589761314035     
          10          25  -4.8889479114294712E-005
          10          26   0.0000000000000000     
          10          27   0.0000000000000000     
          10          28   3.9754277158662326E-006
          10          29  -7.0557490321824035E-007
          10          30   26001.439764499137     
          10          31   1.6672756838555500E-005
          10          32   0.0000000000000000     
          10          33   0.0000000000000000     
          10          34  -1.5572700702895006E-009
          10          35  -3.3351785185030364E-008
          10          36   8.4675274990275452E-006
          10          37   0.0000000000000000     
          10          38   0.0000000000000000     
          10          39   0.0000000000000000     
          10          40   0.0000000000000000     
          10          41  -4.6827085235684992E-007
          10          42 -0.41450087330546725     
          11           1   0.0000000000000000     
          11           2   0.0000000000000000     
          11           3   0.0000000000000000     
          11           4   0.0000000000000000     
          11           5   0.0000000000000000     
          11           6   0.0000000000000000     
          11           7   0.0000000000000000     
          11           8   0.0000000000000000     
          11           9   0.0000000000000000     
          11          10   0.0000000000000000     
          11          11   0.0000000000000000     
          11          12   0.0000000000000000     
          11          13   0.0000000000000000     
          11          14   0.0000000000000000     
          11          15   0.0000000000000000     
          11          16   0.0000000000000000     
          11          17   0.0000000000000000     
          11          18   0.0000000000000000     
          11          19   0.0000000000000000     
          11          20   0.0000000000000000     
          11          21   0.0000000000000000     
          11          22   0.0000000000000000     
          11          23   0.0000000000000000     
          11          24   0.0000000000000000     
          11          25   0.0000000000000000     
          11          26   0.0000000000000000     
          11          27   0.0000000000000000     
          11          28   0.0000000000000000     
          11          29   0.0000000000000000     
          11          30   0.0000000000000000     
          11          31   0.0000000000000000     
          11          32   0.0000000000000000     
          11          33   0.0000000000000000     
          11          34   0.0000000000000000     
          11          35   0.0000000000000000     
          11          36   0.0000000000000000     
          11          37   0.0000000000000000     
          11          38   0.0000000000000000     
          11          39   0.0000000000000000     
          11          40   0.0000000000000000     
          11          41   0.0000000000000000     
          11          42   0.0000000000000000     
          12           1   0.0000000000000000     
          12           2   0.0000000000000000     
          12           3   0.0000000000000000     
          12           4   0.0000000000000000     
          12           5   0.0000000000000000     
          12           6   0.0000000000000000     
          12           7   0.0000000000000000     
          12           8   0.0000000000000000     
          12           9   0.0000000000000000     
          12          10   0.0000000000000000     
          12          11   0.0000000000000000     
          12          12   0.0000000000000000     
          12          13   0.0000000000000000     
          12          14   0.0000000000000000     
          12          15   0.0000000000000000     
          12          16   0.0000000000000000     
          12          17   0.0000000000000000     
          12          18   0.0000000000000000     
          12          19   0.0000000000000000     
          12          20   0.0000000000000000     
          12          21   0.0000000000000000     
          12          22   0.0000000000000000     
          12          23   0.0000000000000000     
          12          24   0.0000000000000000     
          12          25   0.0000000000000000     
          12          26   0.0000000000000000     
          12          27   0.0000000000000000     
          12          28   0.0000000000000000     
          12          29   0.0000000000000000     
          12          30   0.0000000000000000     
          12          31   0.0000000000000000     
          12          32   0.0000000000000000     
          12          33   0.0000000000000000     
          12          34   0.0000000000000000     
          12          35   0.0000000000000000     
          12          36   0.0000000000000000     
          12          37   0.0000000000000000     
          12          38   0.0000000000000000     
          12          39   0.0000000000000000     
          12          40   0.0000000000000000     
          12          41   0.0000000000000000     
          12          42   0.0000000000000000     
          13           1   0.0000000000000000     
          13           2   0.0000000000000000     
          13           3   0.0000000000000000     
          13           4   0.0000000000000000     
          13           5   0.0000000000000000     
          13           6   0.0000000000000000     
          13           7   0.0000000000000000     
          13           8   0.0000000000000000     
          13           9   0.0000000000000000     
          13          10   0.0000000000000000     
          13          11   0.0000000000000000     
          13          12   0.0000000000000000     
          13          13   0.0000000000000000     
          13          14   0.0000000000000000     
          13          15   0.0000000000000000     
          13          16   0.0000000000000000     
          13          17   0.0000000000000000     
          13          18   0.0000000000000000     
          13          19   0.0000000000000000     
          13          20   0.0000000000000000     
          13          21   0.0000000000000000     
          13          22   0.0000000000000000     
          13          23   0.0000000000000000     
          13          24   0.0000000000000000     
          13          25   0.0000000000000000     
          13          26   0.0000000000000000     
          13          27   0.0000000000000000     
          13          28   0.0000000000000000     
          13          29   0.0000000000000000     
          13          30   0.0000000000000000     
          13          31   0.0000000000000000     
          13          32   0.0000000000000000     
          13          33   0.0000000000000000     
          13          34   0.0000000000000000     
          13          35   0.0000000000000000     
          13          36   0.0000000000000000     
          13          37   0.0000000000000000     
          13          38   0.0000000000000000     
          13          39   0.0000000000000000     
          13          40   0.0000000000000000     
          13          41   0.0000000000000000     
          13          42   0.0000000000000000     
          14           1  -50.115128149038085     
          14           2  -4.6912183005491501     
          14           3  -2.4880830807211072     
          14           4  -9.7470343561639705     
          14           5  -8.3861705504079875     
          14           6   0.0000000000000000     
          14           7   0.0000000000000000     
          14           8   0.0000000000000000     
          14           9  -2.4008373376175012E-006
          14          10   2.6211287605426439E-006
          14          11   0.0000000000000000     
          14          12   0.0000000000000000     
          14          13   0.0000000000000000     
          14          14   1.2375687267629726E-003
          14          15  -3.4168918468399732E-004
          14          16   7.3586231948471428E-008
          14          17   6.7003104769880399E-007
          14          18   2.5804592910499078E-005
          14          19  -1.4471980390224978E-004
          14          20   1.1478647652678623E-008
          14          21   0.0000000000000000     
          14          22   0.0000000000000000     
          14          23   0.0000000000000000     
          14          24  0.59677529574305710     
          14          25   1.0209241725759140E-004
          14          26   0.0000000000000000     
          14          27   0.0000000000000000     
          14          28   2.4992783350322168E-004
          14          29  -2.6911808983593053E-005
          14          30  -3867093.7295988984     
          14          31   7.7084327858097611E-004
          14          32   0.0000000000000000     
          14          33   0.0000000000000000     
          14          34   1.0835665711423460E-008
          14          35  -1.0254804018645985E-007
          14          36  -2.3496914758343925E-004
          14          37   0.0000000000000000     
          14          38   0.0000000000000000     
          14          39   0.0000000000000000     
          14          40   0.0000000000000000     
          14          41  -1.4232289853758939E-005
          14          42   3.9891646074222159E-002
          15           1  -110.92433289112047     
          15           2  0.23054461277409166     
          15           3   3.3994100671654652     
          15           4  0.10465039177073528     
          15           5  -3.2174547947898646     
          15           6   0.0000000000000000     
          15           7   0.0000000000000000     
          15           8   0.0000000000000000     
          15           9   9.5315368260857753E-006
          15          10  -4.8811844904472667E-006
          15          11   0.0000000000000000     
          15          12   0.0000000000000000     
          15          13   0.0000000000000000     
          15          14  -3.4168918468395433E-004
          15          15   2.2443596356910009E-006
          15          16  -1.7798276842496107E-009
          15          17   1.0429569302781816E-006
          15          18  -6.8373916946164980E-007
          15          19   1.9005384291311150E-005
          15          20  -3.3403899170610293E-009
          15          21   0.0000000000000000     
          15          22   0.0000000000000000     
          15          23   0.0000000000000000     
          15          24  -1.3159751448822714     
          15          25  -1.3874598733701896E-005
          15          26   0.0000000000000000     
          15          27   0.0000000000000000     
          15          28   5.4024545976165633E-004
          15          29  -1.7130489085517735E-005
          15          30  -1431426.2056143989     
          15          31   6.9225467648736942E-006
          15          32   0.0000000000000000     
          15          33   0.0000000000000000     
          15          34   7.6214446647504430E-009
          15          35   1.3842749863225170E-009
          15          36   2.1952398094867915E-005
          15          37   0.0000000000000000     
          15          38   0.0000000000000000     
          15          39   0.0000000000000000     
          15          40   0.0000000000000000     
          15          41  -2.5873904846458223E-005
          15          42  -1.4468732044218817     
          16           1  -1.4498231992187784     
          16           2  -1.5400289270153964E-003
          16           3  -1.6923524816982178E-003
          16           4  -1.1608816006924936E-004
          16           5  -4.7901692023444433E-004
          16           6   0.0000000000000000     
          16           7   0.0000000000000000     
          16           8   0.0000000000000000     
          16           9  -2.8832766486722730E-008
          16          10  -3.3527164273985564E-008
          16          11   0.0000000000000000     
          16          12   0.0000000000000000     
          16          13   0.0000000000000000     
          16          14   7.3586231948433219E-008
          16          15  -1.7798276842496119E-009
          16          16   1.5475988063734948E-012
          16          17  -1.0095998676074706E-009
          16          18  -1.1065489591910784E-009
          16          19  -1.5852810303915665E-008
          16          20  -9.9774744384106675E-011
          16          21   0.0000000000000000     
          16          22   0.0000000000000000     
          16          23   0.0000000000000000     
          16          24  -1.5764560190642742E-003
          16          25  -2.7804926516955589E-008
          16          26   0.0000000000000000     
          16          27   0.0000000000000000     
          16          28   8.8631683066185405E-008
          16          29  -1.5717009595986080E-008
          16          30   311.87361372597832     
          16          31   8.2066548042990970E-009
          16          32   0.0000000000000000     
          16          33   0.0000000000000000     
          16          34   2.3324644300685548E-011
          16          35  -4.6526785148596865E-013
          16          36   4.7695788338500634E-006
          16          37   0.0000000000000000     
          16          38   0.0000000000000000     
          16          39   0.0000000000000000     
          16          40   0.0000000000000000     
          16          41   8.9453192591634142E-009
          16          42  -2.3725017471599849E-003
          17           1  -21.478075269496177     
          17           2   8.2189301358086470E-002
          17           3   6.8642373577099847E-002
          17           4   2.0806183782102135E-002
          17           5  -3.6806659985427127E-002
          17           6   0.0000000000000000     
          17           7   0.0000000000000000     
          17           8   0.0000000000000000     
          17           9   2.7438166713097222E-007
          17          10   3.5241415975031564E-008
          17          11   0.0000000000000000     
          17          12   0.0000000000000000     
          17          13   0.0000000000000000     
          17          14   6.7003104769931348E-007
          17          15   1.0429569302781784E-006
          17          16  -1.0095998676074698E-009
          17          17   2.3763634341205186E-008
          17          18  -3.9873904007796027E-007
          17          19  -1.0061588846864990E-005
          17          20  -6.0664124144287899E-010
          17          21   0.0000000000000000     
          17          22   0.0000000000000000     
          17          23   0.0000000000000000     
          17          24  0.81112929475838724     
          17          25   4.5178198018193652E-008
          17          26   0.0000000000000000     
          17          27   0.0000000000000000     
          17          28   1.3336710782976204E-006
          17          29  -1.4987178321202018E-008
          17          30   5110.7719999983847     
          17          31  -2.1227291571613218E-007
          17          32   0.0000000000000000     
          17          33   0.0000000000000000     
          17          34  -3.9040778337301045E-010
          17          35  -3.1353598700922352E-011
          17          36  -1.7740004425439487E-006
          17          37   0.0000000000000000     
          17          38   0.0000000000000000     
          17          39   0.0000000000000000     
          17          40   0.0000000000000000     
          17          41  -1.5365646444597227E-007
          17          42 -0.12786199971077278     
          18           1  -46.273522772915179     
          18           2  -3.9224866606030573     
          18           3 -0.55932805742666070     
          18           4  0.33586014631954858     
          18           5  -7.9541634023960537     
          18           6   0.0000000000000000     
          18           7   0.0000000000000000     
          18           8   0.0000000000000000     
          18           9  -2.4678605925523094E-005
          18          10  -1.0254476607047581E-005
          18          11   0.0000000000000000     
          18          12   0.0000000000000000     
          18          13   0.0000000000000000     
          18          14   2.5804592910473687E-005
          18          15  -6.8373916946163064E-007
          18          16  -1.1065489591910903E-009
          18          17  -3.9873904007796959E-007
          18          18   2.6087157147187601E-006
          18          19  -1.6231739420133430E-005
          18          20   6.7653066797783254E-008
          18          21   0.0000000000000000     
          18          22   0.0000000000000000     
          18          23   0.0000000000000000     
          18          24  -17.483763382745277     
          18          25  -4.0749306289358208E-005
          18          26   0.0000000000000000     
          18          27   0.0000000000000000     
          18          28   1.6848732701121004E-004
          18          29  -1.7471916028808416E-005
          18          30   18054.800015205976     
          18          31   1.2743808521645078E-005
          18          32   0.0000000000000000     
          18          33   0.0000000000000000     
          18          34   4.1555139010561441E-008
          18          35   7.0723890643059296E-010
          18          36  -2.5999489893658580E-004
          18          37   0.0000000000000000     
          18          38   0.0000000000000000     
          18          39   0.0000000000000000     
          18          40   0.0000000000000000     
          18          41   1.0384231122017398E-005
          18          42   168.75407553239947     
          19           1   157.76196239659950     
          19           2   21.036683231828771     
          19           3   2.0829368200081912     
          19           4  -1.6215725736594375     
          19           5   58.768029158699406     
          19           6   0.0000000000000000     
          19           7   0.0000000000000000     
          19           8   0.0000000000000000     
          19           9   9.0339900526504634E-005
          19          10   5.3029618779991476E-005
          19          11   0.0000000000000000     
          19          12   0.0000000000000000     
          19          13   0.0000000000000000     
          19          14  -1.4471980390217564E-004
          19          15   1.9005384291311069E-005
          19          16  -1.5852810303915642E-008
          19          17  -1.0061588846864998E-005
          19          18  -1.6231739420133332E-005
          19          19   4.4664948439262727E-004
          19          20  -1.7595955241140767E-007
          19          21   0.0000000000000000     
          19          22   0.0000000000000000     
          19          23   0.0000000000000000     
          19          24   103.68032777380857     
          19          25   2.6244766959201271E-004
          19          26   0.0000000000000000     
          19          27   0.0000000000000000     
          19          28  -9.7313200578923089E-004
          19          29   8.0289066400254317E-005
          19          30  -496721.43216442235     
          19          31   1.5417585670178778E-005
          19          32   0.0000000000000000     
          19          33   0.0000000000000000     
          19          34  -1.5824446295830899E-007
          19          35   4.1791465004907598E-009
          19          36   1.6260397500763863E-003
          19          37   0.0000000000000000     
          19          38   0.0000000000000000     
          19          39   0.0000000000000000     
          19          40   0.0000000000000000     
          19          41  -4.2518127325089012E-005
          19          42  -1469.6016750317797     
          20           1 -0.39009340368441753     
          20           2  -5.4617657503147109E-003
          20           3  -9.6563107693441337E-004
          20           4  -1.7157216349589113E-003
          20           5  -1.6369919081209747E-003
          20           6   0.0000000000000000     
          20           7   0.0000000000000000     
          20           8   0.0000000000000000     
          20           9  -1.7065296897154281E-009
          20          10  -1.0515503048233624E-009
          20          11   0.0000000000000000     
          20          12   0.0000000000000000     
          20          13   0.0000000000000000     
          20          14   1.1478647652675821E-008
          20          15  -3.3403899170599676E-009
          20          16  -9.9774744384107528E-011
          20          17  -6.0664124144286720E-010
          20          18   6.7653066797783360E-008
          20          19  -1.7595955241140953E-007
          20          20   4.0483605774211674E-011
          20          21   0.0000000000000000     
          20          22   0.0000000000000000     
          20          23   0.0000000000000000     
          20          24  -8.0223485598840654E-004
          20          25  -4.9309765017570849E-008
          20          26   0.0000000000000000     
          20          27   0.0000000000000000     
          20          28   2.0994674532445935E-008
          20          29  -4.0520482195970909E-009
          20          30   35.333877295796078     
          20          31   3.1700752786519822E-008
          20          32   0.0000000000000000     
          20          33   0.0000000000000000     
          20          34   7.6709062850102796E-012
          20          35  -2.0049700072492377E-012
          20          36  -1.6904031586972593E-007
          20          37   0.0000000000000000     
          20          38   0.0000000000000000     
          20          39   0.0000000000000000     
          20          40   0.0000000000000000     
          20          41   5.4350251745251294E-010
          20          42   6.0840937100401719E-004
          21           1   0.0000000000000000     
          21           2   0.0000000000000000     
          21           3   0.0000000000000000     
          21           4   0.0000000000000000     
          21           5   0.0000000000000000     
          21           6   0.0000000000000000     
          21           7   0.0000000000000000     
          21           8   0.0000000000000000     
          21           9   0.0000000000000000     
          21          10   0.0000000000000000     
          21          11   0.0000000000000000     
          21          12   0.0000000000000000     
          21          13   0.0000000000000000     
          21          14   0.0000000000000000     
          21          15   0.0000000000000000     
          21          16   0.0000000000000000     
          21          17   0.0000000000000000     
          21          18   0.0000000000000000     
          21          19   0.0000000000000000     
          21          20   0.0000000000000000     
          21          21   0.0000000000000000     
          21          22   0.0000000000000000     
          21          23   0.0000000000000000     
          21          24   0.0000000000000000     
          21          25   0.0000000000000000     
          21          26   0.0000000000000000     
          21          27   0.0000000000000000     
          21          28   0.0000000000000000     
          21          29   0.0000000000000000     
          21          30   0.0000000000000000     
          21          31   0.0000000000000000     
          21          32   0.0000000000000000     
          21          33   0.0000000000000000     
          21          34   0.0000000000000000     
          21          35   0.0000000000000000     
          21          36   0.0000000000000000     
          21          37   0.0000000000000000     
          21          38   0.0000000000000000     
          21          39   0.0000000000000000     
          21          40   0.0000000000000000     
          21          41   0.0000000000000000     
          21          42   0.0000000000000000     
          22           1   0.0000000000000000     
          22           2   0.0000000000000000     
          22           3   0.0000000000000000     
          22           4   0.0000000000000000     
          22           5   0.0000000000000000     
          22           6   0.0000000000000000     
          22           7   0.0000000000000000     
          22           8   0.0000000000000000     
          22           9   0.0000000000000000     
          22          10   0.0000000000000000     
          22          11   0.0000000000000000     
          22          12   0.0000000000000000     
          22          13   0.0000000000000000     
          22          14   0.0000000000000000     
          22          15   0.0000000000000000     
          22          16   0.0000000000000000     
          22          17   0.0000000000000000     
          22          18   0.0000000000000000     
          22          19   0.0000000000000000     
          22          20   0.0000000000000000     
          22          21   0.0000000000000000     
          22          22   0.0000000000000000     
          22          23   0.0000000000000000     
          22          24   0.0000000000000000     
          22          25   0.0000000000000000     
          22          26   0.0000000000000000     
          22          27   0.0000000000000000     
          22          28   0.0000000000000000     
          22          29   0.0000000000000000     
          22          30   0.0000000000000000     
          22          31   0.0000000000000000     
          22          32   0.0000000000000000     
          22          33   0.0000000000000000     
          22          34   0.0000000000000000     
          22          35   0.0000000000000000     
          22          36   0.0000000000000000     
          22          37   0.0000000000000000     
          22          38   0.0000000000000000     
          22          39   0.0000000000000000     
          22          40   0.0000000000000000     
          22          41   0.0000000000000000     
          22          42   0.0000000000000000     
          23           1   0.0000000000000000     
          23           2   0.0000000000000000     
          23           3   0.0000000000000000     
          23           4   0.0000000000000000     
          23           5   0.0000000000000000     
          23           6   0.0000000000000000     
          23           7   0.0000000000000000     
          23           8   0.0000000000000000     
          23           9   0.0000000000000000     
          23          10   0.0000000000000000     
          23          11   0.0000000000000000     
          23          12   0.0000000000000000     
          23          13   0.0000000000000000     
          23          14   0.0000000000000000     
          23          15   0.0000000000000000     
          23          16   0.0000000000000000     
          23          17   0.0000000000000000     
          23          18   0.0000000000000000     
          23          19   0.0000000000000000     
          23          20   0.0000000000000000     
          23          21   0.0000000000000000     
          23          22   0.0000000000000000     
          23          23   0.0000000000000000     
          23          24   0.0000000000000000     
          23          25   0.0000000000000000     
          23          26   0.0000000000000000     
          23          27   0.0000000000000000     
          23          28   0.0000000000000000     
          23          29   0.0000000000000000     
          23          30   0.0000000000000000     
          23          31   0.0000000000000000     
          23          32   0.0000000000000000     
          23          33   0.0000000000000000     
          23          34   0.0000000000000000     
          23          35   0.0000000000000000     
          23          36   0.0000000000000000     
          23          37   0.0000000000000000     
          23          38   0.0000000000000000     
          23          39   0.0000000000000000     
          23          40   0.0000000000000000     
          23          41   0.0000000000000000     
          23          42   0.0000000000000000     
          24           1   22293630.478202011     
          24           2   764399.00398019690     
          24           3   571282.50398815703     
          24           4   340454.23871272040     
          24           5  -91482.829963775745     
          24           6   0.0000000000000000     
          24           7   0.0000000000000000     
          24           8   0.0000000000000000     
          24           9  0.61461578055562105     
          24          10 -0.48185589761313991     
          24          11   0.0000000000000000     
          24          12   0.0000000000000000     
          24          13   0.0000000000000000     
          24          14  0.59677529574305388     
          24          15  -1.3159751448822814     
          24          16  -1.5764560190643156E-003
          24          17  0.81112929475838424     
          24          18  -17.483763382745614     
          24          19   103.68032777381066     
          24          20  -8.0223485598841695E-004
          24          21   0.0000000000000000     
          24          22   0.0000000000000000     
          24          23   0.0000000000000000     
          24          24   376506.86030956398     
          24          25  -23.771320915483987     
          24          26   0.0000000000000000     
          24          27   0.0000000000000000     
          24          28  0.82075155174051961     
          24          29  0.25561539027419833     
          24          30   2906568468.9691744     
          24          31   9.6167423336949849     
          24          32   0.0000000000000000     
          24          33   0.0000000000000000     
          24          34  -1.7743256344366584E-003
          24          35   2.2952343338043966E-003
          24          36   153.17954812839102     
          24          37   0.0000000000000000     
          24          38   0.0000000000000000     
          24          39   0.0000000000000000     
          24          40   0.0000000000000000     
          24          41  -8.4591966349453818E-002
          24          42   672987.70496577024     
          25           1   244.36097177591290     
          25           2  0.59173309629120552     
          25           3   1.1176085721996010     
          25           4  0.49856032233862047     
          25           5   8.3441130384899073E-002
          25           6   0.0000000000000000     
          25           7   0.0000000000000000     
          25           8   0.0000000000000000     
          25           9  -7.0061566209315843E-006
          25          10  -4.8889479114294204E-005
          25          11   0.0000000000000000     
          25          12   0.0000000000000000     
          25          13   0.0000000000000000     
          25          14   1.0209241725760893E-004
          25          15  -1.3874598733701144E-005
          25          16  -2.7804926516955771E-008
          25          17   4.5178198018179656E-008
          25          18  -4.0749306289358031E-005
          25          19   2.6244766959201353E-004
          25          20  -4.9309765017570710E-008
          25          21   0.0000000000000000     
          25          22   0.0000000000000000     
          25          23   0.0000000000000000     
          25          24  -23.771320915484146     
          25          25   2.7061958806375337E-005
          25          26   0.0000000000000000     
          25          27   0.0000000000000000     
          25          28   2.0004424481302768E-004
          25          29   8.2402756947657919E-007
          25          30   96248.051615318531     
          25          31  -1.7664999655723378E-004
          25          32   0.0000000000000000     
          25          33   0.0000000000000000     
          25          34  -1.4501023987800225E-008
          25          35   1.2077350775149485E-008
          25          36   2.8167314923084483E-004
          25          37   0.0000000000000000     
          25          38   0.0000000000000000     
          25          39   0.0000000000000000     
          25          40   0.0000000000000000     
          25          41  -1.4942681670466945E-006
          25          42  -36.262579862012565     
          26           1   0.0000000000000000     
          26           2   0.0000000000000000     
          26           3   0.0000000000000000     
          26           4   0.0000000000000000     
          26           5   0.0000000000000000     
          26           6   0.0000000000000000     
          26           7   0.0000000000000000     
          26           8   0.0000000000000000     
          26           9   0.0000000000000000     
          26          10   0.0000000000000000     
          26          11   0.0000000000000000     
          26          12   0.0000000000000000     
          26          13   0.0000000000000000     
          26          14   0.0000000000000000     
          26          15   0.0000000000000000     
          26          16   0.0000000000000000     
          26          17   0.0000000000000000     
          26          18   0.0000000000000000     
          26          19   0.0000000000000000     
          26          20   0.0000000000000000     
          26          21   0.0000000000000000     
          26          22   0.0000000000000000     
          26          23   0.0000000000000000     
          26          24   0.0000000000000000     
          26          25   0.0000000000000000     
          26          26   0.0000000000000000     
          26          27   0.0000000000000000     
          26          28   0.0000000000000000     
          26          29   0.0000000000000000     
          26          30   0.0000000000000000     
          26          31   0.0000000000000000     
          26          32   0.0000000000000000     
          26          33   0.0000000000000000     
          26          34   0.0000000000000000     
          26          35   0.0000000000000000     
          26          36   0.0000000000000000     
          26          37   0.0000000000000000     
          26          38   0.0000000000000000     
          26          39   0.0000000000000000     
          26          40   0.0000000000000000     
          26          41   0.0000000000000000     
          26          42   0.0000000000000000     
          27           1   0.0000000000000000     
          27           2   0.0000000000000000     
          27           3   0.0000000000000000     
          27           4   0.0000000000000000     
          27           5   0.0000000000000000     
          27           6   0.0000000000000000     
          27           7   0.0000000000000000     
          27           8   0.0000000000000000     
          27           9   0.0000000000000000     
          27          10   0.0000000000000000     
          27          11   0.0000000000000000     
          27          12   0.0000000000000000     
          27          13   0.0000000000000000     
          27          14   0.0000000000000000     
          27          15   0.0000000000000000     
          27          16   0.0000000000000000     
          27          17   0.0000000000000000     
          27          18   0.0000000000000000     
          27          19   0.0000000000000000     
          27          20   0.0000000000000000     
          27          21   0.0000000000000000     
          27          22   0.0000000000000000     
          27          23   0.0000000000000000     
          27          24   0.0000000000000000     
          27          25   0.0000000000000000     
          27          26   0.0000000000000000     
          27          27   0.0000000000000000     
          27          28   0.0000000000000000     
          27          29   0.0000000000000000     
          27          30   0.0000000000000000     
          27          31   0.0000000000000000     
          27          32   0.0000000000000000     
          27          33   0.0000000000000000     
          27          34   0.0000000000000000     
          27          35   0.0000000000000000     
          27          36   0.0000000000000000     
          27          37   0.0000000000000000     
          27          38   0.0000000000000000     
          27          39   0.0000000000000000     
          27          40   0.0000000000000000     
          27          41   0.0000000000000000     
          27          42   0.0000000000000000     
          28           1  -1004.5173416439893     
          28           2  -22.578026453935298     
          28           3  -6.6468864465380371     
          28           4   38.963016235851441     
          28           5   21.954572871256154     
          28           6   0.0000000000000000     
          28           7   0.0000000000000000     
          28           8   0.0000000000000000     
          28           9  -2.9780659901149000E-006
          28          10   3.9754277158660047E-006
          28          11   0.0000000000000000     
          28          12   0.0000000000000000     
          28          13   0.0000000000000000     
          28          14   2.4992783350326542E-004
          28          15   5.4024545976164939E-004
          28          16   8.8631683066190553E-008
          28          17   1.3336710782976405E-006
          28          18   1.6848732701121071E-004
          28          19  -9.7313200578923740E-004
          28          20   2.0994674532446005E-008
          28          21   0.0000000000000000     
          28          22   0.0000000000000000     
          28          23   0.0000000000000000     
          28          24  0.82075155174052439     
          28          25   2.0004424481302900E-004
          28          26   0.0000000000000000     
          28          27   0.0000000000000000     
          28          28   1.3192346517715975E-003
          28          29  -8.1663482751466535E-005
          28          30   1841079.4034629501     
          28          31  -3.9380549130427087E-004
          28          32   0.0000000000000000     
          28          33   0.0000000000000000     
          28          34   3.1450105802571596E-008
          28          35   5.5907027018367616E-008
          28          36  -1.0350046769456128E-003
          28          37   0.0000000000000000     
          28          38   0.0000000000000000     
          28          39   0.0000000000000000     
          28          40   0.0000000000000000     
          28          41  -1.2039683161677711E-005
          28          42  -11.743042392525030     
          29           1   74.348556840045163     
          29           2   2.6402455885940119     
          29           3   1.8632223606032219     
          29           4  0.15111642555421098     
          29           5  0.40791300564386157     
          29           6   0.0000000000000000     
          29           7   0.0000000000000000     
          29           8   0.0000000000000000     
          29           9   5.0113977424137424E-007
          29          10  -7.0557490321822627E-007
          29          11   0.0000000000000000     
          29          12   0.0000000000000000     
          29          13   0.0000000000000000     
          29          14  -2.6911808983597871E-005
          29          15  -1.7130489085516868E-005
          29          16  -1.5717009595986927E-008
          29          17  -1.4987178321200576E-008
          29          18  -1.7471916028808680E-005
          29          19   8.0289066400255428E-005
          29          20  -4.0520482195971322E-009
          29          21   0.0000000000000000     
          29          22   0.0000000000000000     
          29          23   0.0000000000000000     
          29          24  0.25561539027420221     
          29          25   8.2402756947643943E-007
          29          26   0.0000000000000000     
          29          27   0.0000000000000000     
          29          28  -8.1663482751466793E-005
          29          29   7.7471677237351103E-006
          29          30  -229908.13399182033     
          29          31  -2.9489434610534513E-005
          29          32   0.0000000000000000     
          29          33   0.0000000000000000     
          29          34  -3.2028718461232389E-009
          29          35  -1.2793200826155724E-009
          29          36   2.0616418496368409E-005
          29          37   0.0000000000000000     
          29          38   0.0000000000000000     
          29          39   0.0000000000000000     
          29          40   0.0000000000000000     
          29          41   1.6107237348074735E-006
          29          42   1.0569033471142304     
          30           1  -20570282535.872692     
          30           2  -3822059246.0957937     
          30           3   10218806460.151222     
          30           4  -40845655438.675095     
          30           5  -22465925007.000771     
          30           6   0.0000000000000000     
          30           7   0.0000000000000000     
          30           8   0.0000000000000000     
          30           9   2449.0198134968200     
          30          10   26001.439764505503     
          30          11   0.0000000000000000     
          30          12   0.0000000000000000     
          30          13   0.0000000000000000     
          30          14  -3867093.7295984826     
          30          15  -1431426.2056145999     
          30          16   311.87361372594063     
          30          17   5110.7719999996198     
          30          18   18054.800015140707     
          30          19  -496721.43216420145     
          30          20   35.333877295787559     
          30          21   0.0000000000000000     
          30          22   0.0000000000000000     
          30          23   0.0000000000000000     
          30          24   2906568468.9683886     
          30          25   96248.051615401404     
          30          26   0.0000000000000000     
          30          27   0.0000000000000000     
          30          28   1841079.4034632002     
          30          29  -229908.13399184585     
          30          30   37433508291474544.     
          30          31  -3439697.7057216037     
          30          32   0.0000000000000000     
          30          33   0.0000000000000000     
          30          34  -390.41679018420314     
          30          35   1377.4924351361949     
          30          36   486047.95617536106     
          30          37   0.0000000000000000     
          30          38   0.0000000000000000     
          30          39   0.0000000000000000     
          30          40   0.0000000000000000     
          30          41  -70824.715601372372     
          30          42  -4737023347.2284641     
          31           1  -81.093337832638611     
          31           2   9.7035321175753558E-002
          31           3  -1.4313622109378148     
          31           4  -4.2626946397106273     
          31           5 -0.76737620036506060     
          31           6   0.0000000000000000     
          31           7   0.0000000000000000     
          31           8   0.0000000000000000     
          31           9   2.6748520319842807E-005
          31          10   1.6672756838554287E-005
          31          11   0.0000000000000000     
          31          12   0.0000000000000000     
          31          13   0.0000000000000000     
          31          14   7.7084327858098782E-004
          31          15   6.9225467648724084E-006
          31          16   8.2066548043017638E-009
          31          17  -2.1227291571617228E-007
          31          18   1.2743808521647529E-005
          31          19   1.5417585670170962E-005
          31          20   3.1700752786521450E-008
          31          21   0.0000000000000000     
          31          22   0.0000000000000000     
          31          23   0.0000000000000000     
          31          24   9.6167423336951394     
          31          25  -1.7664999655723411E-004
          31          26   0.0000000000000000     
          31          27   0.0000000000000000     
          31          28  -3.9380549130428583E-004
          31          29  -2.9489434610532406E-005
          31          30  -3439697.7057218943     
          31          31   1.0399843793929245E-003
          31          32   0.0000000000000000     
          31          33   0.0000000000000000     
          31          34  -1.4017904357203966E-008
          31          35  -2.5439971992580636E-008
          31          36  -4.3254632039515621E-003
          31          37   0.0000000000000000     
          31          38   0.0000000000000000     
          31          39   0.0000000000000000     
          31          40   0.0000000000000000     
          31          41  -2.2180165315797690E-005
          31          42  -8.6638552693632693     
          32           1   0.0000000000000000     
          32           2   0.0000000000000000     
          32           3   0.0000000000000000     
          32           4   0.0000000000000000     
          32           5   0.0000000000000000     
          32           6   0.0000000000000000     
          32           7   0.0000000000000000     
          32           8   0.0000000000000000     
          32           9   0.0000000000000000     
          32          10   0.0000000000000000     
          32          11   0.0000000000000000     
          32          12   0.0000000000000000     
          32          13   0.0000000000000000     
          32          14   0.0000000000000000     
          32          15   0.0000000000000000     
          32          16   0.0000000000000000     
          32          17   0.0000000000000000     
          32          18   0.0000000000000000     
          32          19   0.0000000000000000     
          32          20   0.0000000000000000     
          32          21   0.0000000000000000     
          32          22   0.0000000000000000     
          32          23   0.0000000000000000     
          32          24   0.0000000000000000     
          32          25   0.0000000000000000     
          32          26   0.0000000000000000     
          32          27   0.0000000000000000     
          32          28   0.0000000000000000     
          32          29   0.0000000000000000     
          32          30   0.0000000000000000     
          32          31   0.0000000000000000     
          32          32   0.0000000000000000     
          32          33   0.0000000000000000     
          32          34   0.0000000000000000     
          32          35   0.0000000000000000     
          32          36   0.0000000000000000     
          32          37   0.0000000000000000     
          32          38   0.0000000000000000     
          32          39   0.0000000000000000     
          32          40   0.0000000000000000     
          32          41   0.0000000000000000     
          32          42   0.0000000000000000     
          33           1   0.0000000000000000     
          33           2   0.0000000000000000     
          33           3   0.0000000000000000     
          33           4   0.0000000000000000     
          33           5   0.0000000000000000     
          33           6   0.0000000000000000     
          33           7   0.0000000000000000     
          33           8   0.0000000000000000     
          33           9   0.0000000000000000     
          33          10   0.0000000000000000     
          33          11   0.0000000000000000     
          33          12   0.0000000000000000     
          33          13   0.0000000000000000     
          33          14   0.0000000000000000     
          33          15   0.0000000000000000     
          33          16   0.0000000000000000     
          33          17   0.0000000000000000     
          33          18   0.0000000000000000     
          33          19   0.0000000000000000     
          33          20   0.0000000000000000     
          33          21   0.0000000000000000     
          33          22   0.0000000000000000     
          33          23   0.0000000000000000     
          33          24   0.0000000000000000     
          33          25   0.0000000000000000     
          33          26   0.0000000000000000     
          33          27   0.0000000000000000     
          33          28   0.0000000000000000     
          33          29   0.0000000000000000     
          33          30   0.0000000000000000     
          33          31   0.0000000000000000     
          33          32   0.0000000000000000     
          33          33   0.0000000000000000     
          33          34   0.0000000000000000     
          33          35   0.0000000000000000     
          33          36   0.0000000000000000     
          33          37   0.0000000000000000     
          33          38   0.0000000000000000     
          33          39   0.0000000000000000     
          33          40   0.0000000000000000     
          33          41   0.0000000000000000     
          33          42   0.0000000000000000     
          34           1 -0.17210763541119622     
          34           2  -4.2453490780985110E-003
          34           3  -2.0310108374328468E-003
          34           4   2.4498704762873015E-003
          34           5   4.1783704220716913E-004
          34           6   0.0000000000000000     
          34           7   0.0000000000000000     
          34           8   0.0000000000000000     
          34           9  -5.0710903406729002E-009
          34          10  -1.5572700702895577E-009
          34          11   0.0000000000000000     
          34          12   0.0000000000000000     
          34          13   0.0000000000000000     
          34          14   1.0835665711410499E-008
          34          15   7.6214446647509972E-009
          34          16   2.3324644300685066E-011
          34          17  -3.9040778337299918E-010
          34          18   4.1555139010561407E-008
          34          19  -1.5824446295831048E-007
          34          20   7.6709062850102004E-012
          34          21   0.0000000000000000     
          34          22   0.0000000000000000     
          34          23   0.0000000000000000     
          34          24  -1.7743256344366545E-003
          34          25  -1.4501023987802158E-008
          34          26   0.0000000000000000     
          34          27   0.0000000000000000     
          34          28   3.1450105802569102E-008
          34          29  -3.2028718461229692E-009
          34          30  -390.41679018416676     
          34          31  -1.4017904357209923E-008
          34          32   0.0000000000000000     
          34          33   0.0000000000000000     
          34          34   2.8961787216068746E-011
          34          35  -1.5716871030607329E-011
          34          36  -2.2291666598782535E-007
          34          37   0.0000000000000000     
          34          38   0.0000000000000000     
          34          39   0.0000000000000000     
          34          40   0.0000000000000000     
          34          41   5.0482900591252917E-009
          34          42   2.2009868408960297E-003
          35           1  -6.2342271028467547E-003
          35           2  -8.9394839584795657E-006
          35           3  -8.2463084250198912E-005
          35           4   3.3031864310495115E-004
          35           5  -5.3566380449519919E-005
          35           6   0.0000000000000000     
          35           7   0.0000000000000000     
          35           8   0.0000000000000000     
          35           9   5.6061977324074500E-008
          35          10  -3.3351785185031893E-008
          35          11   0.0000000000000000     
          35          12   0.0000000000000000     
          35          13   0.0000000000000000     
          35          14  -1.0254804018642966E-007
          35          15   1.3842749863224680E-009
          35          16  -4.6526785148594098E-013
          35          17  -3.1353598700922003E-011
          35          18   7.0723890643057735E-010
          35          19   4.1791465004908516E-009
          35          20  -2.0049700072492421E-012
          35          21   0.0000000000000000     
          35          22   0.0000000000000000     
          35          23   0.0000000000000000     
          35          24   2.2952343338043732E-003
          35          25   1.2077350775149543E-008
          35          26   0.0000000000000000     
          35          27   0.0000000000000000     
          35          28   5.5907027018370825E-008
          35          29  -1.2793200826160875E-009
          35          30   1377.4924351361283     
          35          31  -2.5439971992580100E-008
          35          32   0.0000000000000000     
          35          33   0.0000000000000000     
          35          34  -1.5716871030607471E-011
          35          35   1.1548411123160093E-012
          35          36   2.9388920012023620E-008
          35          37   0.0000000000000000     
          35          38   0.0000000000000000     
          35          39   0.0000000000000000     
          35          40   0.0000000000000000     
          35          41  -7.3273722037485058E-009
          35          42  -2.3296562025522723E-002
          36           1   851.17778276113324     
          36           2  -32.924641047813410     
          36           3  -12.832209189517988     
          36           4  -12.034098757158036     
          36           5  -12.754983079490671     
          36           6   0.0000000000000000     
          36           7   0.0000000000000000     
          36           8   0.0000000000000000     
          36           9   6.4323218624902823E-005
          36          10   8.4675274990278265E-006
          36          11   0.0000000000000000     
          36          12   0.0000000000000000     
          36          13   0.0000000000000000     
          36          14  -2.3496914758337485E-004
          36          15   2.1952398094912073E-005
          36          16   4.7695788338498949E-006
          36          17  -1.7740004425439925E-006
          36          18  -2.5999489893658683E-004
          36          19   1.6260397500763967E-003
          36          20  -1.6904031586972550E-007
          36          21   0.0000000000000000     
          36          22   0.0000000000000000     
          36          23   0.0000000000000000     
          36          24   153.17954812839162     
          36          25   2.8167314923084450E-004
          36          26   0.0000000000000000     
          36          27   0.0000000000000000     
          36          28  -1.0350046769455959E-003
          36          29   2.0616418496366183E-005
          36          30   486047.95617522817     
          36          31  -4.3254632039515855E-003
          36          32   0.0000000000000000     
          36          33   0.0000000000000000     
          36          34  -2.2291666598782717E-007
          36          35   2.9388920012023590E-008
          36          36   4.3130754358186047E-003
          36          37   0.0000000000000000     
          36          38   0.0000000000000000     
          36          39   0.0000000000000000     
          36          40   0.0000000000000000     
          36          41  -3.1013749752142128E-005
          36          42   5.6543593135892296     
          37           1   0.0000000000000000     
          37           2   0.0000000000000000     
          37           3   0.0000000000000000     
          37           4   0.0000000000000000     
          37           5   0.0000000000000000     
          37           6   0.0000000000000000     
          37           7   0.0000000000000000     
          37           8   0.0000000000000000     
          37           9   0.0000000000000000     
          37          10   0.0000000000000000     
          37          11   0.0000000000000000     
          37          12   0.0000000000000000     
          37          13   0.0000000000000000     
          37          14   0.0000000000000000     
          37          15   0.0000000000000000     
          37          16   0.0000000000000000     
          37          17   0.0000000000000000     
          37          18   0.0000000000000000     
          37          19   0.0000000000000000     
          37          20   0.0000000000000000     
          37          21   0.0000000000000000     
          37          22   0.0000000000000000     
          37          23   0.0000000000000000     
          37          24   0.0000000000000000     
          37          25   0.0000000000000000     
          37          26   0.0000000000000000     
          37          27   0.0000000000000000     
          37          28   0.0000000000000000     
          37          29   0.0000000000000000     
          37          30   0.0000000000000000     
          37          31   0.0000000000000000     
          37          32   0.0000000000000000     
          37          33   0.0000000000000000     
          37          34   0.0000000000000000     
          37          35   0.0000000000000000     
          37          36   0.0000000000000000     
          37          37   0.0000000000000000     
          37          38   0.0000000000000000     
          37          39   0.0000000000000000     
          37          40   0.0000000000000000     
          37          41   0.0000000000000000     
          37          42   0.0000000000000000     
          38           1   0.0000000000000000     
          38           2   0.0000000000000000     
          38           3   0.0000000000000000     
          38           4   0.0000000000000000     
          38           5   0.0000000000000000     
          38           6   0.0000000000000000     
          38           7   0.0000000000000000     
          38           8   0.0000000000000000     
          38           9   0.0000000000000000     
          38          10   0.0000000000000000     
          38          11   0.0000000000000000     
          38          12   0.0000000000000000     
          38          13   0.0000000000000000     
          38          14   0.0000000000000000     
          38          15   0.0000000000000000     
          38          16   0.0000000000000000     
          38          17   0.0000000000000000     
          38          18   0.0000000000000000     
          38          19   0.0000000000000000     
          38          20   0.0000000000000000     
          38          21   0.0000000000000000     
          38          22   0.0000000000000000     
          38          23   0.0000000000000000     
          38          24   0.0000000000000000     
          38          25   0.0000000000000000     
          38          26   0.0000000000000000     
          38          27   0.0000000000000000     
          38          28   0.0000000000000000     
          38          29   0.0000000000000000     
          38          30   0.0000000000000000     
          38          31   0.0000000000000000     
          38          32   0.0000000000000000     
          38          33   0.0000000000000000     
          38          34   0.0000000000000000     
          38          35   0.0000000000000000     
          38          36   0.0000000000000000     
          38          37   0.0000000000000000     
          38          38   0.0000000000000000     
          38          39   0.0000000000000000     
          38          40   0.0000000000000000     
          38          41   0.0000000000000000     
          38          42   0.0000000000000000     
          39           1   0.0000000000000000     
          39           2   0.0000000000000000     
          39           3   0.0000000000000000     
          39           4   0.0000000000000000     
          39           5   0.0000000000000000     
          39           6   0.0000000000000000     
          39           7   0.0000000000000000     
          39           8   0.0000000000000000     
          39           9   0.0000000000000000     
          39          10   0.0000000000000000     
          39          11   0.0000000000000000     
          39          12   0.0000000000000000     
          39          13   0.0000000000000000     
          39          14   0.0000000000000000     
          39          15   0.0000000000000000     
          39          16   0.0000000000000000     
          39          17   0.0000000000000000     
          39          18   0.0000000000000000     
          39          19   0.0000000000000000     
          39          20   0.0000000000000000     
          39          21   0.0000000000000000     
          39          22   0.0000000000000000     
          39          23   0.0000000000000000     
          39          24   0.0000000000000000     
          39          25   0.0000000000000000     
          39          26   0.0000000000000000     
          39          27   0.0000000000000000     
          39          28   0.0000000000000000     
          39          29   0.0000000000000000     
          39          30   0.0000000000000000     
          39          31   0.0000000000000000     
          39          32   0.0000000000000000     
          39          33   0.0000000000000000     
          39          34   0.0000000000000000     
          39          35   0.0000000000000000     
          39          36   0.0000000000000000     
          39          37   0.0000000000000000     
          39          38   0.0000000000000000     
          39          39   0.0000000000000000     
          39          40   0.0000000000000000     
          39          41   0.0000000000000000     
          39          42   0.0000000000000000     
          40           1   0.0000000000000000     
          40           2   0.0000000000000000     
          40           3   0.0000000000000000     
          40           4   0.0000000000000000     
          40           5   0.0000000000000000     
          40           6   0.0000000000000000     
          40           7   0.0000000000000000     
          40           8   0.0000000000000000     
          40           9   0.0000000000000000     
          40          10   0.0000000000000000     
          40          11   0.0000000000000000     
          40          12   0.0000000000000000     
          40          13   0.0000000000000000     
          40          14   0.0000000000000000     
          40          15   0.0000000000000000     
          40          16   0.0000000000000000     
          40          17   0.0000000000000000     
          40          18   0.0000000000000000     
          40          19   0.0000000000000000     
          40          20   0.0000000000000000     
          40          21   0.0000000000000000     
          40          22   0.0000000000000000     
          40          23   0.0000000000000000     
          40          24   0.0000000000000000     
          40          25   0.0000000000000000     
          40          26   0.0000000000000000     
          40          27   0.0000000000000000     
          40          28   0.0000000000000000     
          40          29   0.0000000000000000     
          40          30   0.0000000000000000     
          40          31   0.0000000000000000     
          40          32   0.0000000000000000     
          40          33   0.0000000000000000     
          40          34   0.0000000000000000     
          40          35   0.0000000000000000     
          40          36   0.0000000000000000     
          40          37   0.0000000000000000     
          40          38   0.0000000000000000     
          40          39   0.0000000000000000     
          40          40   0.0000000000000000     
          40          41   0.0000000000000000     
          40          42   0.0000000000000000     
          41           1  -21.538875085866966     
          41           2 -0.87302479601944138     
          41           3 -0.49085493074643899     
          41           4  0.51712006475856764     
          41           5  0.23573737428180824     
          41           6   0.0000000000000000     
          41           7   0.0000000000000000     
          41           8   0.0000000000000000     
          41           9  -4.9324810830705687E-007
          41          10  -4.6827085235684388E-007
          41          11   0.0000000000000000     
          41          12   0.0000000000000000     
          41          13   0.0000000000000000     
          41          14  -1.4232289853761674E-005
          41          15  -2.5873904846461668E-005
          41          16   8.9453192591620444E-009
          41          17  -1.5365646444595932E-007
          41          18   1.0384231122016910E-005
          41          19  -4.2518127325088198E-005
          41          20   5.4350251745246176E-010
          41          21   0.0000000000000000     
          41          22   0.0000000000000000     
          41          23   0.0000000000000000     
          41          24  -8.4591966349450473E-002
          41          25  -1.4942681670468725E-006
          41          26   0.0000000000000000     
          41          27   0.0000000000000000     
          41          28  -1.2039683161677928E-005
          41          29   1.6107237348074837E-006
          41          30  -70824.715601358403     
          41          31  -2.2180165315799367E-005
          41          32   0.0000000000000000     
          41          33   0.0000000000000000     
          41          34   5.0482900591250915E-009
          41          35  -7.3273722037480120E-009
          41          36  -3.1013749752140861E-005
          41          37   0.0000000000000000     
          41          38   0.0000000000000000     
          41          39   0.0000000000000000     
          41          40   0.0000000000000000     
          41          41   1.0334403828911272E-006
          41          42  0.16044595651183299     
          42           1  -16401054.990114247     
          42           2  -765390.70629367023     
          42           3  -478183.77678708947     
          42           4   360693.22808809194     
          42           5  -18273.370673415968     
          42           6   0.0000000000000000     
          42           7   0.0000000000000000     
          42           8   0.0000000000000000     
          42           9 -0.20039831604269942     
          42          10 -0.41450087330546764     
          42          11   0.0000000000000000     
          42          12   0.0000000000000000     
          42          13   0.0000000000000000     
          42          14   3.9891646073713802E-002
          42          15  -1.4468732044218529     
          42          16  -2.3725017471599038E-003
          42          17 -0.12786199971077869     
          42          18   168.75407553239600     
          42          19  -1469.6016750317747     
          42          20   6.0840937100400440E-004
          42          21   0.0000000000000000     
          42          22   0.0000000000000000     
          42          23   0.0000000000000000     
          42          24   672987.70496577059     
          42          25  -36.262579862012636     
          42          26   0.0000000000000000     
          42          27   0.0000000000000000     
          42          28  -11.743042392525169     
          42          29   1.0569033471142384     
          42          30  -4737023347.2261047     
          42          31  -8.6638552693637720     
          42          32   0.0000000000000000     
          42          33   0.0000000000000000     
          42          34   2.2009868408960041E-003
          42          35  -2.3296562025522268E-002
          42          36   5.6543593135893060     
          42          37   0.0000000000000000     
          42          38   0.0000000000000000     
          42          39   0.0000000000000000     
          42          40   0.0000000000000000     
          42          41  0.16044595651183571     
          42          42   1727049.5432576430     
