 spec_fit_2.txt                                                        C_Z_UPU150_RED_X_201311151529_3.res                         
   3.8308657977081513        1.4139999999999999        22.000000000000000       0.69999999999999996        239.63000000000000                1
           1   7172716.7697712220        31331.652433322837     
           2   45803.605848991923        357.19616029268451     
           3   3341.6285102296260        298.45213841753139     
           4   2530.2077192207335        221.86797590741224     
           5  -1410.7434711563599        205.14547385471991     
           6   0.0000000000000000        0.0000000000000000     
           7   0.0000000000000000        0.0000000000000000     
           8   0.0000000000000000        0.0000000000000000     
           9  0.16443431700291652        1.2688237083984882E-003
          10   2.5808824297044123E-002   1.0147558470846138E-003
          11   0.0000000000000000        0.0000000000000000     
          12   0.0000000000000000        0.0000000000000000     
          13   0.0000000000000000        0.0000000000000000     
          14   2.7434079574379768        4.0253785072373427E-002
          15 -0.34649099144959278        1.3513024278736761E-003
          16   7.5611077590103812E-002   1.1131004437482155E-006
          17  0.20811046247297724        1.3794340300244057E-004
          18  0.11543562497770098        1.5461950363503153E-003
          19  -5.9665938818425595        1.8547975069168735E-002
          20   8.6066686941913028E-004   5.9125871791804495E-006
          21   2.0000000000000000        0.0000000000000000     
          22  0.20999999999999999        0.0000000000000000     
          23   88.034000000000006        0.0000000000000000     
          24   19412.976256517009        576.27502223306578     
          25  0.67063934005571391        5.7108863325148760E-003
          26   0.0000000000000000        0.0000000000000000     
          27   0.0000000000000000        0.0000000000000000     
          28   150.38275722766789        4.3808026776938840E-002
          29  0.91982795531921058        3.2507498880953302E-003
          30   22941232765.568436        226523214.08583680     
          31   2.2541135277138276        2.8903351060641326E-002
          32   86.000000000000000        0.0000000000000000     
          33   105.37108942762900        0.0000000000000000     
          34   1.3758716143776517E-004   4.2690937075447672E-006
          35  -8.1449077153784039E-005   2.5796896472660406E-006
          36   3.7766866588978103        5.4495604872277677E-002
          37   2.1499942976641701E-004   0.0000000000000000     
          38  0.47258888837460800        0.0000000000000000     
          39   0.0000000000000000        0.0000000000000000     
          40   0.0000000000000000        0.0000000000000000     
          41  0.11776361383330722        1.1340429389845525E-003
          42   15321.787296219405        1229.6027215980623     
           1           1   980789821.58345938     
           1           2   57749948.908281952     
           1           3  -4318175.7283537090     
           1           4  -1660218.0836487282     
           1           5  -3336270.3108043321     
           1           6   0.0000000000000000     
           1           7   0.0000000000000000     
           1           8   0.0000000000000000     
           1           9   30.331544203277666     
           1          10   11.133305116182729     
           1          11   0.0000000000000000     
           1          12   0.0000000000000000     
           1          13   0.0000000000000000     
           1          14  -127.55005717284526     
           1          15  -655.12742951777216     
           1          16  -2.3378660776715519     
           1          17  -26.407911400593896     
           1          18  -51.563775039014473     
           1          19   175.27559238032885     
           1          20 -0.42134235984805185     
           1          21   0.0000000000000000     
           1          22   0.0000000000000000     
           1          23   0.0000000000000000     
           1          24   13941254.030795589     
           1          25   325.08961755216097     
           1          26   0.0000000000000000     
           1          27   0.0000000000000000     
           1          28  -1292.7935236693129     
           1          29   84.910874603913200     
           1          30  -519125896191.89185     
           1          31  -361.82177188395741     
           1          32   0.0000000000000000     
           1          33   0.0000000000000000     
           1          34 -0.11112059310312619     
           1          35 -0.10954746708703478     
           1          36  -6781.8568540727902     
           1          37   0.0000000000000000     
           1          38   0.0000000000000000     
           1          39   0.0000000000000000     
           1          40   0.0000000000000000     
           1          41  -10.854072234852614     
           1          42  -11185198.709516928     
           2           1   57749948.908281937     
           2           2   127474.38145063062     
           2           3   75163.128774194178     
           2           4   54387.012186297827     
           2           5   89058.075191428972     
           2           6   0.0000000000000000     
           2           7   0.0000000000000000     
           2           8   0.0000000000000000     
           2           9  0.41127394506187520     
           2          10   2.1465779372475815     
           2          11   0.0000000000000000     
           2          12   0.0000000000000000     
           2          13   0.0000000000000000     
           2          14  -9.0255120334642651     
           2          15 -0.15972666709231736     
           2          16  -1.4054950003089567E-003
           2          17   6.4940434774148403E-002
           2          18  -4.5230422012201652     
           2          19   23.021648753911546     
           2          20  -6.2755757624229636E-003
           2          21   0.0000000000000000     
           2          22   0.0000000000000000     
           2          23   0.0000000000000000     
           2          24   29495.026710833856     
           2          25  0.20228680191958631     
           2          26   0.0000000000000000     
           2          27   0.0000000000000000     
           2          28  -19.714374114834790     
           2          29   2.3790594353614249     
           2          30  -45487776039.137375     
           2          31  -1.7967153330661529     
           2          32   0.0000000000000000     
           2          33   0.0000000000000000     
           2          34  -1.2698576182755090E-003
           2          35  -5.2317238076565178E-004
           2          36  -5.1794978687869557     
           2          37   0.0000000000000000     
           2          38   0.0000000000000000     
           2          39   0.0000000000000000     
           2          40   0.0000000000000000     
           2          41  -5.3662052227315078E-002
           2          42  -261041.49167096222     
           3           1  -4318175.7283536587     
           3           2   75163.128774194483     
           3           3   88993.592697388638     
           3           4   359798.68523070600     
           3           5   136577.23388768060     
           3           6   0.0000000000000000     
           3           7   0.0000000000000000     
           3           8   0.0000000000000000     
           3           9  -2.9496962405905092E-002
           3          10  0.30422314374767956     
           3          11   0.0000000000000000     
           3          12   0.0000000000000000     
           3          13   0.0000000000000000     
           3          14  -7.9227531923306946     
           3          15   1.9929446035957432     
           3          16  -2.0437535212236408E-003
           3          17   4.1740863431181899E-002
           3          18  0.86990540020325902     
           3          19   4.9646267640881314E-002
           3          20  -1.0733506623598953E-003
           3          21   0.0000000000000000     
           3          22   0.0000000000000000     
           3          23   0.0000000000000000     
           3          24  -302029.77718111459     
           3          25 -0.68183418692530040     
           3          26   0.0000000000000000     
           3          27   0.0000000000000000     
           3          28 -0.39210255113813697     
           3          29   1.1988262563709773     
           3          30  -43123106734.392090     
           3          31 -0.59125039998223294     
           3          32   0.0000000000000000     
           3          33   0.0000000000000000     
           3          34   9.9588712419433501E-005
           3          35  -2.6322365041439014E-004
           3          36 -0.92042551082310842     
           3          37   0.0000000000000000     
           3          38   0.0000000000000000     
           3          39   0.0000000000000000     
           3          40   0.0000000000000000     
           3          41  0.36975157493751992     
           3          42   180399.89079137184     
           4           1  -1660218.0836487343     
           4           2   54387.012186297783     
           4           3   359798.68523070612     
           4           4   49181.140130892316     
           4           5   110908.09975073682     
           4           6   0.0000000000000000     
           4           7   0.0000000000000000     
           4           8   0.0000000000000000     
           4           9  0.24798539869048786     
           4          10   5.5474001496066946E-002
           4          11   0.0000000000000000     
           4          12   0.0000000000000000     
           4          13   0.0000000000000000     
           4          14  -12.183274622230950     
           4          15   2.4336998519992485E-002
           4          16  -5.5604828422838722E-005
           4          17   2.3574900714642365E-002
           4          18  0.35782081117113096     
           4          19  -2.1150370962871228     
           4          20  -1.6627762775674223E-003
           4          21   0.0000000000000000     
           4          22   0.0000000000000000     
           4          23   0.0000000000000000     
           4          24   152469.23055195305     
           4          25  0.46255574958088219     
           4          26   0.0000000000000000     
           4          27   0.0000000000000000     
           4          28   45.521553673158735     
           4          29  0.24795156063447776     
           4          30  -63033139789.947243     
           4          31  -4.6866337318584641     
           4          32   0.0000000000000000     
           4          33   0.0000000000000000     
           4          34   4.2468451493694950E-003
           4          35   1.2423705336764960E-003
           4          36  -12.507261512700405     
           4          37   0.0000000000000000     
           4          38   0.0000000000000000     
           4          39   0.0000000000000000     
           4          40   0.0000000000000000     
           4          41  0.74574620201889597     
           4          42   559366.54255918309     
           5           1  -3336270.3108043163     
           5           2   89058.075191429001     
           5           3   136577.23388768063     
           5           4   110908.09975073683     
           5           5   42046.827080743904     
           5           6   0.0000000000000000     
           5           7   0.0000000000000000     
           5           8   0.0000000000000000     
           5           9 -0.23276755066340463     
           5          10   1.8571133100837984     
           5          11   0.0000000000000000     
           5          12   0.0000000000000000     
           5          13   0.0000000000000000     
           5          14  -14.514836958474358     
           5          15   1.2947634928198044     
           5          16   2.0086376765338491E-003
           5          17 -0.12782272693952351     
           5          18   2.5733382310477739     
           5          19   33.627498560313256     
           5          20  -1.4909967660506995E-003
           5          21   0.0000000000000000     
           5          22   0.0000000000000000     
           5          23   0.0000000000000000     
           5          24  -465237.92295788729     
           5          25  -3.4139574693643628E-002
           5          26   0.0000000000000000     
           5          27   0.0000000000000000     
           5          28   54.060798494214907     
           5          29 -0.64651462952902561     
           5          30  -56468499214.909737     
           5          31  -1.0746656032668429     
           5          32   0.0000000000000000     
           5          33   0.0000000000000000     
           5          34   6.0053929847135026E-003
           5          35   8.7288374968954685E-004
           5          36  -15.860617101315700     
           5          37   0.0000000000000000     
           5          38   0.0000000000000000     
           5          39   0.0000000000000000     
           5          40   0.0000000000000000     
           5          41  0.63388301285885640     
           5          42   418197.24050312844     
           6           1   0.0000000000000000     
           6           2   0.0000000000000000     
           6           3   0.0000000000000000     
           6           4   0.0000000000000000     
           6           5   0.0000000000000000     
           6           6   0.0000000000000000     
           6           7   0.0000000000000000     
           6           8   0.0000000000000000     
           6           9   0.0000000000000000     
           6          10   0.0000000000000000     
           6          11   0.0000000000000000     
           6          12   0.0000000000000000     
           6          13   0.0000000000000000     
           6          14   0.0000000000000000     
           6          15   0.0000000000000000     
           6          16   0.0000000000000000     
           6          17   0.0000000000000000     
           6          18   0.0000000000000000     
           6          19   0.0000000000000000     
           6          20   0.0000000000000000     
           6          21   0.0000000000000000     
           6          22   0.0000000000000000     
           6          23   0.0000000000000000     
           6          24   0.0000000000000000     
           6          25   0.0000000000000000     
           6          26   0.0000000000000000     
           6          27   0.0000000000000000     
           6          28   0.0000000000000000     
           6          29   0.0000000000000000     
           6          30   0.0000000000000000     
           6          31   0.0000000000000000     
           6          32   0.0000000000000000     
           6          33   0.0000000000000000     
           6          34   0.0000000000000000     
           6          35   0.0000000000000000     
           6          36   0.0000000000000000     
           6          37   0.0000000000000000     
           6          38   0.0000000000000000     
           6          39   0.0000000000000000     
           6          40   0.0000000000000000     
           6          41   0.0000000000000000     
           6          42   0.0000000000000000     
           7           1   0.0000000000000000     
           7           2   0.0000000000000000     
           7           3   0.0000000000000000     
           7           4   0.0000000000000000     
           7           5   0.0000000000000000     
           7           6   0.0000000000000000     
           7           7   0.0000000000000000     
           7           8   0.0000000000000000     
           7           9   0.0000000000000000     
           7          10   0.0000000000000000     
           7          11   0.0000000000000000     
           7          12   0.0000000000000000     
           7          13   0.0000000000000000     
           7          14   0.0000000000000000     
           7          15   0.0000000000000000     
           7          16   0.0000000000000000     
           7          17   0.0000000000000000     
           7          18   0.0000000000000000     
           7          19   0.0000000000000000     
           7          20   0.0000000000000000     
           7          21   0.0000000000000000     
           7          22   0.0000000000000000     
           7          23   0.0000000000000000     
           7          24   0.0000000000000000     
           7          25   0.0000000000000000     
           7          26   0.0000000000000000     
           7          27   0.0000000000000000     
           7          28   0.0000000000000000     
           7          29   0.0000000000000000     
           7          30   0.0000000000000000     
           7          31   0.0000000000000000     
           7          32   0.0000000000000000     
           7          33   0.0000000000000000     
           7          34   0.0000000000000000     
           7          35   0.0000000000000000     
           7          36   0.0000000000000000     
           7          37   0.0000000000000000     
           7          38   0.0000000000000000     
           7          39   0.0000000000000000     
           7          40   0.0000000000000000     
           7          41   0.0000000000000000     
           7          42   0.0000000000000000     
           8           1   0.0000000000000000     
           8           2   0.0000000000000000     
           8           3   0.0000000000000000     
           8           4   0.0000000000000000     
           8           5   0.0000000000000000     
           8           6   0.0000000000000000     
           8           7   0.0000000000000000     
           8           8   0.0000000000000000     
           8           9   0.0000000000000000     
           8          10   0.0000000000000000     
           8          11   0.0000000000000000     
           8          12   0.0000000000000000     
           8          13   0.0000000000000000     
           8          14   0.0000000000000000     
           8          15   0.0000000000000000     
           8          16   0.0000000000000000     
           8          17   0.0000000000000000     
           8          18   0.0000000000000000     
           8          19   0.0000000000000000     
           8          20   0.0000000000000000     
           8          21   0.0000000000000000     
           8          22   0.0000000000000000     
           8          23   0.0000000000000000     
           8          24   0.0000000000000000     
           8          25   0.0000000000000000     
           8          26   0.0000000000000000     
           8          27   0.0000000000000000     
           8          28   0.0000000000000000     
           8          29   0.0000000000000000     
           8          30   0.0000000000000000     
           8          31   0.0000000000000000     
           8          32   0.0000000000000000     
           8          33   0.0000000000000000     
           8          34   0.0000000000000000     
           8          35   0.0000000000000000     
           8          36   0.0000000000000000     
           8          37   0.0000000000000000     
           8          38   0.0000000000000000     
           8          39   0.0000000000000000     
           8          40   0.0000000000000000     
           8          41   0.0000000000000000     
           8          42   0.0000000000000000     
           9           1   30.331544203277538     
           9           2  0.41127394506186421     
           9           3  -2.9496962405906130E-002
           9           4  0.24798539869049588     
           9           5 -0.23276755066340946     
           9           6   0.0000000000000000     
           9           7   0.0000000000000000     
           9           8   0.0000000000000000     
           9           9   1.6084661281574824E-006
           9          10  -7.2833351172750018E-008
           9          11   0.0000000000000000     
           9          12   0.0000000000000000     
           9          13   0.0000000000000000     
           9          14  -4.7047392482939214E-006
           9          15   8.0778432387496929E-008
           9          16   1.2913843566842461E-007
           9          17   1.1585202415862606E-007
           9          18  -1.9217740445962166E-005
           9          19   7.1726059993967501E-005
           9          20  -1.2615216530578465E-009
           9          21   0.0000000000000000     
           9          22   0.0000000000000000     
           9          23   0.0000000000000000     
           9          24  0.63240430761210520     
           9          25   2.5191070607042507E-005
           9          26   0.0000000000000000     
           9          27   0.0000000000000000     
           9          28  -5.7233435818786115E-006
           9          29   3.4319958348073050E-007
           9          30   2177.1089297161584     
           9          31  -2.2840019758581019E-007
           9          32   0.0000000000000000     
           9          33   0.0000000000000000     
           9          34  -4.3759326129753294E-009
           9          35   2.7878675109154724E-008
           9          36   2.8966746542605868E-005
           9          37   0.0000000000000000     
           9          38   0.0000000000000000     
           9          39   0.0000000000000000     
           9          40   0.0000000000000000     
           9          41  -5.6657928637630671E-007
           9          42 -0.11250051678989104     
          10           1   11.133305116183262     
          10           2   2.1465779372476050     
          10           3  0.30422314374767812     
          10           4   5.5474001496066995E-002
          10           5   1.8571133100837887     
          10           6   0.0000000000000000     
          10           7   0.0000000000000000     
          10           8   0.0000000000000000     
          10           9  -7.2833351172733130E-008
          10          10   1.0288035984928638E-006
          10          11   0.0000000000000000     
          10          12   0.0000000000000000     
          10          13   0.0000000000000000     
          10          14   2.3456608628810709E-006
          10          15  -5.9998607582019056E-006
          10          16   2.4724488770640942E-008
          10          17  -4.3320813422342749E-008
          10          18  -7.3055979568790260E-006
          10          19   4.6253182852286270E-005
          10          20  -9.0704438564535028E-010
          10          21   0.0000000000000000     
          10          22   0.0000000000000000     
          10          23   0.0000000000000000     
          10          24 -0.50329684012803033     
          10          25   2.6029519508376948E-005
          10          26   0.0000000000000000     
          10          27   0.0000000000000000     
          10          28   2.5939290017430227E-006
          10          29  -9.1817334589650913E-007
          10          30   35848.712223323681     
          10          31   5.7926864682087852E-006
          10          32   0.0000000000000000     
          10          33   0.0000000000000000     
          10          34  -1.6487242620462790E-009
          10          35   4.4281650020375430E-008
          10          36   7.1574003785802385E-006
          10          37   0.0000000000000000     
          10          38   0.0000000000000000     
          10          39   0.0000000000000000     
          10          40   0.0000000000000000     
          10          41  -6.1117273844463615E-007
          10          42 -0.39448477157123463     
          11           1   0.0000000000000000     
          11           2   0.0000000000000000     
          11           3   0.0000000000000000     
          11           4   0.0000000000000000     
          11           5   0.0000000000000000     
          11           6   0.0000000000000000     
          11           7   0.0000000000000000     
          11           8   0.0000000000000000     
          11           9   0.0000000000000000     
          11          10   0.0000000000000000     
          11          11   0.0000000000000000     
          11          12   0.0000000000000000     
          11          13   0.0000000000000000     
          11          14   0.0000000000000000     
          11          15   0.0000000000000000     
          11          16   0.0000000000000000     
          11          17   0.0000000000000000     
          11          18   0.0000000000000000     
          11          19   0.0000000000000000     
          11          20   0.0000000000000000     
          11          21   0.0000000000000000     
          11          22   0.0000000000000000     
          11          23   0.0000000000000000     
          11          24   0.0000000000000000     
          11          25   0.0000000000000000     
          11          26   0.0000000000000000     
          11          27   0.0000000000000000     
          11          28   0.0000000000000000     
          11          29   0.0000000000000000     
          11          30   0.0000000000000000     
          11          31   0.0000000000000000     
          11          32   0.0000000000000000     
          11          33   0.0000000000000000     
          11          34   0.0000000000000000     
          11          35   0.0000000000000000     
          11          36   0.0000000000000000     
          11          37   0.0000000000000000     
          11          38   0.0000000000000000     
          11          39   0.0000000000000000     
          11          40   0.0000000000000000     
          11          41   0.0000000000000000     
          11          42   0.0000000000000000     
          12           1   0.0000000000000000     
          12           2   0.0000000000000000     
          12           3   0.0000000000000000     
          12           4   0.0000000000000000     
          12           5   0.0000000000000000     
          12           6   0.0000000000000000     
          12           7   0.0000000000000000     
          12           8   0.0000000000000000     
          12           9   0.0000000000000000     
          12          10   0.0000000000000000     
          12          11   0.0000000000000000     
          12          12   0.0000000000000000     
          12          13   0.0000000000000000     
          12          14   0.0000000000000000     
          12          15   0.0000000000000000     
          12          16   0.0000000000000000     
          12          17   0.0000000000000000     
          12          18   0.0000000000000000     
          12          19   0.0000000000000000     
          12          20   0.0000000000000000     
          12          21   0.0000000000000000     
          12          22   0.0000000000000000     
          12          23   0.0000000000000000     
          12          24   0.0000000000000000     
          12          25   0.0000000000000000     
          12          26   0.0000000000000000     
          12          27   0.0000000000000000     
          12          28   0.0000000000000000     
          12          29   0.0000000000000000     
          12          30   0.0000000000000000     
          12          31   0.0000000000000000     
          12          32   0.0000000000000000     
          12          33   0.0000000000000000     
          12          34   0.0000000000000000     
          12          35   0.0000000000000000     
          12          36   0.0000000000000000     
          12          37   0.0000000000000000     
          12          38   0.0000000000000000     
          12          39   0.0000000000000000     
          12          40   0.0000000000000000     
          12          41   0.0000000000000000     
          12          42   0.0000000000000000     
          13           1   0.0000000000000000     
          13           2   0.0000000000000000     
          13           3   0.0000000000000000     
          13           4   0.0000000000000000     
          13           5   0.0000000000000000     
          13           6   0.0000000000000000     
          13           7   0.0000000000000000     
          13           8   0.0000000000000000     
          13           9   0.0000000000000000     
          13          10   0.0000000000000000     
          13          11   0.0000000000000000     
          13          12   0.0000000000000000     
          13          13   0.0000000000000000     
          13          14   0.0000000000000000     
          13          15   0.0000000000000000     
          13          16   0.0000000000000000     
          13          17   0.0000000000000000     
          13          18   0.0000000000000000     
          13          19   0.0000000000000000     
          13          20   0.0000000000000000     
          13          21   0.0000000000000000     
          13          22   0.0000000000000000     
          13          23   0.0000000000000000     
          13          24   0.0000000000000000     
          13          25   0.0000000000000000     
          13          26   0.0000000000000000     
          13          27   0.0000000000000000     
          13          28   0.0000000000000000     
          13          29   0.0000000000000000     
          13          30   0.0000000000000000     
          13          31   0.0000000000000000     
          13          32   0.0000000000000000     
          13          33   0.0000000000000000     
          13          34   0.0000000000000000     
          13          35   0.0000000000000000     
          13          36   0.0000000000000000     
          13          37   0.0000000000000000     
          13          38   0.0000000000000000     
          13          39   0.0000000000000000     
          13          40   0.0000000000000000     
          13          41   0.0000000000000000     
          13          42   0.0000000000000000     
          14           1  -127.55005717288972     
          14           2  -9.0255120334662475     
          14           3  -7.9227531923308332     
          14           4  -12.183274622231854     
          14           5  -14.514836958475517     
          14           6   0.0000000000000000     
          14           7   0.0000000000000000     
          14           8   0.0000000000000000     
          14           9  -4.7047392482941111E-006
          14          10   2.3456608628808833E-006
          14          11   0.0000000000000000     
          14          12   0.0000000000000000     
          14          13   0.0000000000000000     
          14          14   1.6189103389659353E-003
          14          15   3.2318738651468425E-005
          14          16   1.7367601676859651E-007
          14          17   7.4473612150299082E-007
          14          18   5.8736598902354774E-005
          14          19  -2.9044036906352089E-004
          14          20   1.7580202062600977E-008
          14          21   0.0000000000000000     
          14          22   0.0000000000000000     
          14          23   0.0000000000000000     
          14          24  0.51203563752600256     
          14          25   7.5662672789842617E-005
          14          26   0.0000000000000000     
          14          27   0.0000000000000000     
          14          28   3.0976553997977637E-004
          14          29  -3.6271133882541215E-005
          14          30  -5194538.5313160839     
          14          31   6.0280852558702207E-004
          14          32   0.0000000000000000     
          14          33   0.0000000000000000     
          14          34   3.4005905121669361E-008
          14          35  -3.2108422372546787E-007
          14          36  -3.4269333090205416E-004
          14          37   0.0000000000000000     
          14          38   0.0000000000000000     
          14          39   0.0000000000000000     
          14          40   0.0000000000000000     
          14          41  -1.7461594576468807E-005
          14          42  0.99973844506033982     
          15           1  -655.12742951796997     
          15           2 -0.15972666709243022     
          15           3   1.9929446035956790     
          15           4   2.4336998519979232E-002
          15           5   1.2947634928199128     
          15           6   0.0000000000000000     
          15           7   0.0000000000000000     
          15           8   0.0000000000000000     
          15           9   8.0778432388605696E-008
          15          10  -5.9998607582013517E-006
          15          11   0.0000000000000000     
          15          12   0.0000000000000000     
          15          13   0.0000000000000000     
          15          14   3.2318738651489296E-005
          15          15   1.8243764768476219E-006
          15          16  -1.4308096192200224E-009
          15          17   8.0882128415694759E-007
          15          18  -8.0514661678802422E-007
          15          19   1.5211067246647917E-005
          15          20  -1.3453845927110035E-008
          15          21   0.0000000000000000     
          15          22   0.0000000000000000     
          15          23   0.0000000000000000     
          15          24  -2.6796652596974946     
          15          25   2.5172038424129376E-005
          15          26   0.0000000000000000     
          15          27   0.0000000000000000     
          15          28  -1.3888777396040898E-002
          15          29  -1.2127077778645546E-004
          15          30   356746.26801942970     
          15          31  -7.9011975169822869E-006
          15          32   0.0000000000000000     
          15          33   0.0000000000000000     
          15          34   1.4868684279551625E-009
          15          35   5.2918069585470000E-009
          15          36  -5.7182938773800140E-005
          15          37   0.0000000000000000     
          15          38   0.0000000000000000     
          15          39   0.0000000000000000     
          15          40   0.0000000000000000     
          15          41   1.9961114884855337E-006
          15          42 -0.85902388540457564     
          16           1  -2.3378660776713995     
          16           2  -1.4054950003088730E-003
          16           3  -2.0437535212236061E-003
          16           4  -5.5604828422829465E-005
          16           5   2.0086376765337645E-003
          16           6   0.0000000000000000     
          16           7   0.0000000000000000     
          16           8   0.0000000000000000     
          16           9   1.2913843566841682E-007
          16          10   2.4724488770638917E-008
          16          11   0.0000000000000000     
          16          12   0.0000000000000000     
          16          13   0.0000000000000000     
          16          14   1.7367601676855866E-007
          16          15  -1.4308096192200294E-009
          16          16   1.2378786184608895E-012
          16          17  -7.8053984085629001E-010
          16          18  -8.4341114202468657E-010
          16          19  -1.2436976670128635E-008
          16          20  -6.9964282976684047E-011
          16          21   0.0000000000000000     
          16          22   0.0000000000000000     
          16          23   0.0000000000000000     
          16          24  -4.3531293167623078E-004
          16          25  -5.1997246145249327E-008
          16          26   0.0000000000000000     
          16          27   0.0000000000000000     
          16          28   4.2239631519423032E-007
          16          29  -3.0933492732736050E-008
          16          30   1110.7330872376629     
          16          31   3.7130715150549964E-008
          16          32   0.0000000000000000     
          16          33   0.0000000000000000     
          16          34   2.3963850786278654E-011
          16          35  -2.3124734816629973E-014
          16          36  -2.6747927956814878E-008
          16          37   0.0000000000000000     
          16          38   0.0000000000000000     
          16          39   0.0000000000000000     
          16          40   0.0000000000000000     
          16          41   1.5026105693468884E-008
          16          42  -1.5099717930310229E-003
          17           1  -26.407911400592432     
          17           2   6.4940434774142672E-002
          17           3   4.1740863431182447E-002
          17           4   2.3574900714642636E-002
          17           5 -0.12782272693952243     
          17           6   0.0000000000000000     
          17           7   0.0000000000000000     
          17           8   0.0000000000000000     
          17           9   1.1585202415861475E-007
          17          10  -4.3320813422352185E-008
          17          11   0.0000000000000000     
          17          12   0.0000000000000000     
          17          13   0.0000000000000000     
          17          14   7.4473612150304725E-007
          17          15   8.0882128415694537E-007
          17          16  -7.8053984085628557E-010
          17          17   1.9011273995328979E-008
          17          18  -3.9644653179872972E-007
          17          19  -7.8797706099766518E-006
          17          20  -4.8778437037227281E-010
          17          21   0.0000000000000000     
          17          22   0.0000000000000000     
          17          23   0.0000000000000000     
          17          24   3.8417982239531759E-002
          17          25  -4.4146559041358727E-007
          17          26   0.0000000000000000     
          17          27   0.0000000000000000     
          17          28   1.7385939748496898E-006
          17          29  -4.7484794097657491E-008
          17          30   4143.8569117476900     
          17          31  -2.9193517084050291E-007
          17          32   0.0000000000000000     
          17          33   0.0000000000000000     
          17          34  -2.2522506859667387E-010
          17          35  -1.0118099684197966E-010
          17          36   4.8418711383853393E-006
          17          37   0.0000000000000000     
          17          38   0.0000000000000000     
          17          39   0.0000000000000000     
          17          40   0.0000000000000000     
          17          41  -6.6511620604169707E-008
          17          42 -0.10107280176929742     
          18           1  -51.563775039014537     
          18           2  -4.5230422012201714     
          18           3  0.86990540020327045     
          18           4  0.35782081117113079     
          18           5   2.5733382310477957     
          18           6   0.0000000000000000     
          18           7   0.0000000000000000     
          18           8   0.0000000000000000     
          18           9  -1.9217740445962274E-005
          18          10  -7.3055979568787194E-006
          18          11   0.0000000000000000     
          18          12   0.0000000000000000     
          18          13   0.0000000000000000     
          18          14   5.8736598902336871E-005
          18          15  -8.0514661678791496E-007
          18          16  -8.4341114202477622E-010
          18          17  -3.9644653179870617E-007
          18          18   2.3885695926486524E-006
          18          19  -1.3890265410589725E-005
          18          20   6.8684084383224395E-008
          18          21   0.0000000000000000     
          18          22   0.0000000000000000     
          18          23   0.0000000000000000     
          18          24  -10.853302864304736     
          18          25  -4.6600592935188451E-005
          18          26   0.0000000000000000     
          18          27   0.0000000000000000     
          18          28   2.0014151214612009E-004
          18          29  -1.8992252183852194E-005
          18          30   212227.71246736436     
          18          31   4.7925648505616327E-005
          18          32   0.0000000000000000     
          18          33   0.0000000000000000     
          18          34   3.3357236626409513E-008
          18          35   1.1069541124873533E-008
          18          36  -4.1680000781444055E-004
          18          37   0.0000000000000000     
          18          38   0.0000000000000000     
          18          39   0.0000000000000000     
          18          40   0.0000000000000000     
          18          41   4.9274430818380226E-006
          18          42   104.91294330061649     
          19           1   175.27559238033265     
          19           2   23.021648753911901     
          19           3   4.9646267640828773E-002
          19           4  -2.1150370962871414     
          19           5   33.627498560313008     
          19           6   0.0000000000000000     
          19           7   0.0000000000000000     
          19           8   0.0000000000000000     
          19           9   7.1726059993969019E-005
          19          10   4.6253182852285972E-005
          19          11   0.0000000000000000     
          19          12   0.0000000000000000     
          19          13   0.0000000000000000     
          19          14  -2.9044036906347470E-004
          19          15   1.5211067246647611E-005
          19          16  -1.2436976670128341E-008
          19          17  -7.8797706099766298E-006
          19          18  -1.3890265410589867E-005
          19          19   3.4371806382590394E-004
          19          20  -1.6472680014977354E-007
          19          21   0.0000000000000000     
          19          22   0.0000000000000000     
          19          23   0.0000000000000000     
          19          24   60.085788408248426     
          19          25   3.5143829025504995E-004
          19          26   0.0000000000000000     
          19          27   0.0000000000000000     
          19          28  -1.0545111697525002E-003
          19          29   7.8739737181213187E-005
          19          30  -1219415.8426848552     
          19          31  -1.4897187701847943E-004
          19          32   0.0000000000000000     
          19          33   0.0000000000000000     
          19          34  -1.2377751399570559E-007
          19          35  -2.5168337248386300E-008
          19          36   4.6330172254250608E-004
          19          37   0.0000000000000000     
          19          38   0.0000000000000000     
          19          39   0.0000000000000000     
          19          40   0.0000000000000000     
          19          41  -2.3030035169042871E-005
          19          42  -809.83466019328841     
          20           1 -0.42134235984805185     
          20           2  -6.2755757624229636E-003
          20           3  -1.0733506623598914E-003
          20           4  -1.6627762775674230E-003
          20           5  -1.4909967660506989E-003
          20           6   0.0000000000000000     
          20           7   0.0000000000000000     
          20           8   0.0000000000000000     
          20           9  -1.2615216530578517E-009
          20          10  -9.0704438564533053E-010
          20          11   0.0000000000000000     
          20          12   0.0000000000000000     
          20          13   0.0000000000000000     
          20          14   1.7580202062598220E-008
          20          15  -1.3453845927104913E-008
          20          16  -6.9964282976688532E-011
          20          17  -4.8778437037230807E-010
          20          18   6.8684084383224303E-008
          20          19  -1.6472680014977084E-007
          20          20   3.4927255762868387E-011
          20          21   0.0000000000000000     
          20          22   0.0000000000000000     
          20          23   0.0000000000000000     
          20          24  -3.6442479129558751E-004
          20          25  -4.6462800847852041E-008
          20          26   0.0000000000000000     
          20          27   0.0000000000000000     
          20          28   2.5267718069682066E-008
          20          29  -4.2672157335467609E-009
          20          30   74.285945667670887     
          20          31   5.1558339787208079E-008
          20          32   0.0000000000000000     
          20          33   0.0000000000000000     
          20          34   2.5819995590737083E-012
          20          35   7.2441949924312987E-012
          20          36  -3.6116454967441562E-008
          20          37   0.0000000000000000     
          20          38   0.0000000000000000     
          20          39   0.0000000000000000     
          20          40   0.0000000000000000     
          20          41  -1.1726082385985397E-010
          20          42   2.6517479898832891E-004
          21           1   0.0000000000000000     
          21           2   0.0000000000000000     
          21           3   0.0000000000000000     
          21           4   0.0000000000000000     
          21           5   0.0000000000000000     
          21           6   0.0000000000000000     
          21           7   0.0000000000000000     
          21           8   0.0000000000000000     
          21           9   0.0000000000000000     
          21          10   0.0000000000000000     
          21          11   0.0000000000000000     
          21          12   0.0000000000000000     
          21          13   0.0000000000000000     
          21          14   0.0000000000000000     
          21          15   0.0000000000000000     
          21          16   0.0000000000000000     
          21          17   0.0000000000000000     
          21          18   0.0000000000000000     
          21          19   0.0000000000000000     
          21          20   0.0000000000000000     
          21          21   0.0000000000000000     
          21          22   0.0000000000000000     
          21          23   0.0000000000000000     
          21          24   0.0000000000000000     
          21          25   0.0000000000000000     
          21          26   0.0000000000000000     
          21          27   0.0000000000000000     
          21          28   0.0000000000000000     
          21          29   0.0000000000000000     
          21          30   0.0000000000000000     
          21          31   0.0000000000000000     
          21          32   0.0000000000000000     
          21          33   0.0000000000000000     
          21          34   0.0000000000000000     
          21          35   0.0000000000000000     
          21          36   0.0000000000000000     
          21          37   0.0000000000000000     
          21          38   0.0000000000000000     
          21          39   0.0000000000000000     
          21          40   0.0000000000000000     
          21          41   0.0000000000000000     
          21          42   0.0000000000000000     
          22           1   0.0000000000000000     
          22           2   0.0000000000000000     
          22           3   0.0000000000000000     
          22           4   0.0000000000000000     
          22           5   0.0000000000000000     
          22           6   0.0000000000000000     
          22           7   0.0000000000000000     
          22           8   0.0000000000000000     
          22           9   0.0000000000000000     
          22          10   0.0000000000000000     
          22          11   0.0000000000000000     
          22          12   0.0000000000000000     
          22          13   0.0000000000000000     
          22          14   0.0000000000000000     
          22          15   0.0000000000000000     
          22          16   0.0000000000000000     
          22          17   0.0000000000000000     
          22          18   0.0000000000000000     
          22          19   0.0000000000000000     
          22          20   0.0000000000000000     
          22          21   0.0000000000000000     
          22          22   0.0000000000000000     
          22          23   0.0000000000000000     
          22          24   0.0000000000000000     
          22          25   0.0000000000000000     
          22          26   0.0000000000000000     
          22          27   0.0000000000000000     
          22          28   0.0000000000000000     
          22          29   0.0000000000000000     
          22          30   0.0000000000000000     
          22          31   0.0000000000000000     
          22          32   0.0000000000000000     
          22          33   0.0000000000000000     
          22          34   0.0000000000000000     
          22          35   0.0000000000000000     
          22          36   0.0000000000000000     
          22          37   0.0000000000000000     
          22          38   0.0000000000000000     
          22          39   0.0000000000000000     
          22          40   0.0000000000000000     
          22          41   0.0000000000000000     
          22          42   0.0000000000000000     
          23           1   0.0000000000000000     
          23           2   0.0000000000000000     
          23           3   0.0000000000000000     
          23           4   0.0000000000000000     
          23           5   0.0000000000000000     
          23           6   0.0000000000000000     
          23           7   0.0000000000000000     
          23           8   0.0000000000000000     
          23           9   0.0000000000000000     
          23          10   0.0000000000000000     
          23          11   0.0000000000000000     
          23          12   0.0000000000000000     
          23          13   0.0000000000000000     
          23          14   0.0000000000000000     
          23          15   0.0000000000000000     
          23          16   0.0000000000000000     
          23          17   0.0000000000000000     
          23          18   0.0000000000000000     
          23          19   0.0000000000000000     
          23          20   0.0000000000000000     
          23          21   0.0000000000000000     
          23          22   0.0000000000000000     
          23          23   0.0000000000000000     
          23          24   0.0000000000000000     
          23          25   0.0000000000000000     
          23          26   0.0000000000000000     
          23          27   0.0000000000000000     
          23          28   0.0000000000000000     
          23          29   0.0000000000000000     
          23          30   0.0000000000000000     
          23          31   0.0000000000000000     
          23          32   0.0000000000000000     
          23          33   0.0000000000000000     
          23          34   0.0000000000000000     
          23          35   0.0000000000000000     
          23          36   0.0000000000000000     
          23          37   0.0000000000000000     
          23          38   0.0000000000000000     
          23          39   0.0000000000000000     
          23          40   0.0000000000000000     
          23          41   0.0000000000000000     
          23          42   0.0000000000000000     
          24           1   13941254.030795425     
          24           2   29495.026710826180     
          24           3  -302029.77718111518     
          24           4   152469.23055195677     
          24           5  -465237.92295788846     
          24           6   0.0000000000000000     
          24           7   0.0000000000000000     
          24           8   0.0000000000000000     
          24           9  0.63240430761209787     
          24          10 -0.50329684012803799     
          24          11   0.0000000000000000     
          24          12   0.0000000000000000     
          24          13   0.0000000000000000     
          24          14  0.51203563752585057     
          24          15  -2.6796652596973538     
          24          16  -4.3531293167631556E-004
          24          17   3.8417982239555934E-002
          24          18  -10.853302864304593     
          24          19   60.085788408246131     
          24          20  -3.6442479129558133E-004
          24          21   0.0000000000000000     
          24          22   0.0000000000000000     
          24          23   0.0000000000000000     
          24          24   331794.31620945397     
          24          25  -9.8873773604463775     
          24          26   0.0000000000000000     
          24          27   0.0000000000000000     
          24          28   1.0590627614151296     
          24          29   7.1593290187627126E-002
          24          30   2113743707.0156946     
          24          31   1.3802745032233259     
          24          32   0.0000000000000000     
          24          33   0.0000000000000000     
          24          34  -1.1411001332017976E-003
          24          35   5.1283657820779755E-003
          24          36   33.808832513156403     
          24          37   0.0000000000000000     
          24          38   0.0000000000000000     
          24          39   0.0000000000000000     
          24          40   0.0000000000000000     
          24          41  -6.3624113538138530E-002
          24          42   751049.95341776765     
          25           1   325.08961755216410     
          25           2  0.20228680191958848     
          25           3 -0.68183418692530517     
          25           4  0.46255574958088042     
          25           5  -3.4139574693646972E-002
          25           6   0.0000000000000000     
          25           7   0.0000000000000000     
          25           8   0.0000000000000000     
          25           9   2.5191070607042826E-005
          25          10   2.6029519508376755E-005
          25          11   0.0000000000000000     
          25          12   0.0000000000000000     
          25          13   0.0000000000000000     
          25          14   7.5662672789847320E-005
          25          15   2.5172038424133730E-005
          25          16  -5.1997246145252490E-008
          25          17  -4.4146559041354985E-007
          25          18  -4.6600592935188776E-005
          25          19   3.5143829025504811E-004
          25          20  -4.6462800847852167E-008
          25          21   0.0000000000000000     
          25          22   0.0000000000000000     
          25          23   0.0000000000000000     
          25          24  -9.8873773604460382     
          25          25   3.2584899224558156E-005
          25          26   0.0000000000000000     
          25          27   0.0000000000000000     
          25          28   2.5907303200682176E-005
          25          29   1.0697069513789616E-005
          25          30   408541.13020801643     
          25          31  -1.7604503230965763E-004
          25          32   0.0000000000000000     
          25          33   0.0000000000000000     
          25          34  -1.7054259676605965E-007
          25          35   2.2164869852671207E-008
          25          36   2.5347234920572367E-004
          25          37   0.0000000000000000     
          25          38   0.0000000000000000     
          25          39   0.0000000000000000     
          25          40   0.0000000000000000     
          25          41  -1.3709289664460248E-005
          25          42  -54.112957276193484     
          26           1   0.0000000000000000     
          26           2   0.0000000000000000     
          26           3   0.0000000000000000     
          26           4   0.0000000000000000     
          26           5   0.0000000000000000     
          26           6   0.0000000000000000     
          26           7   0.0000000000000000     
          26           8   0.0000000000000000     
          26           9   0.0000000000000000     
          26          10   0.0000000000000000     
          26          11   0.0000000000000000     
          26          12   0.0000000000000000     
          26          13   0.0000000000000000     
          26          14   0.0000000000000000     
          26          15   0.0000000000000000     
          26          16   0.0000000000000000     
          26          17   0.0000000000000000     
          26          18   0.0000000000000000     
          26          19   0.0000000000000000     
          26          20   0.0000000000000000     
          26          21   0.0000000000000000     
          26          22   0.0000000000000000     
          26          23   0.0000000000000000     
          26          24   0.0000000000000000     
          26          25   0.0000000000000000     
          26          26   0.0000000000000000     
          26          27   0.0000000000000000     
          26          28   0.0000000000000000     
          26          29   0.0000000000000000     
          26          30   0.0000000000000000     
          26          31   0.0000000000000000     
          26          32   0.0000000000000000     
          26          33   0.0000000000000000     
          26          34   0.0000000000000000     
          26          35   0.0000000000000000     
          26          36   0.0000000000000000     
          26          37   0.0000000000000000     
          26          38   0.0000000000000000     
          26          39   0.0000000000000000     
          26          40   0.0000000000000000     
          26          41   0.0000000000000000     
          26          42   0.0000000000000000     
          27           1   0.0000000000000000     
          27           2   0.0000000000000000     
          27           3   0.0000000000000000     
          27           4   0.0000000000000000     
          27           5   0.0000000000000000     
          27           6   0.0000000000000000     
          27           7   0.0000000000000000     
          27           8   0.0000000000000000     
          27           9   0.0000000000000000     
          27          10   0.0000000000000000     
          27          11   0.0000000000000000     
          27          12   0.0000000000000000     
          27          13   0.0000000000000000     
          27          14   0.0000000000000000     
          27          15   0.0000000000000000     
          27          16   0.0000000000000000     
          27          17   0.0000000000000000     
          27          18   0.0000000000000000     
          27          19   0.0000000000000000     
          27          20   0.0000000000000000     
          27          21   0.0000000000000000     
          27          22   0.0000000000000000     
          27          23   0.0000000000000000     
          27          24   0.0000000000000000     
          27          25   0.0000000000000000     
          27          26   0.0000000000000000     
          27          27   0.0000000000000000     
          27          28   0.0000000000000000     
          27          29   0.0000000000000000     
          27          30   0.0000000000000000     
          27          31   0.0000000000000000     
          27          32   0.0000000000000000     
          27          33   0.0000000000000000     
          27          34   0.0000000000000000     
          27          35   0.0000000000000000     
          27          36   0.0000000000000000     
          27          37   0.0000000000000000     
          27          38   0.0000000000000000     
          27          39   0.0000000000000000     
          27          40   0.0000000000000000     
          27          41   0.0000000000000000     
          27          42   0.0000000000000000     
          28           1  -1292.7935236693106     
          28           2  -19.714374114834655     
          28           3 -0.39210255113812748     
          28           4   45.521553673158763     
          28           5   54.060798494215007     
          28           6   0.0000000000000000     
          28           7   0.0000000000000000     
          28           8   0.0000000000000000     
          28           9  -5.7233435818785378E-006
          28          10   2.5939290017431845E-006
          28          11   0.0000000000000000     
          28          12   0.0000000000000000     
          28          13   0.0000000000000000     
          28          14   3.0976553997978342E-004
          28          15  -1.3888777396039822E-002
          28          16   4.2239631519433863E-007
          28          17   1.7385939748496231E-006
          28          18   2.0014151214611963E-004
          28          19  -1.0545111697524935E-003
          28          20   2.5267718069681904E-008
          28          21   0.0000000000000000     
          28          22   0.0000000000000000     
          28          23   0.0000000000000000     
          28          24   1.0590627614151218     
          28          25   2.5907303200682712E-005
          28          26   0.0000000000000000     
          28          27   0.0000000000000000     
          28          28   1.9174177066214207E-003
          28          29  -1.1309414727907560E-004
          28          30   2434412.8695971505     
          28          31  -5.1006887690745366E-005
          28          32   0.0000000000000000     
          28          33   0.0000000000000000     
          28          34   4.5773132855164250E-008
          28          35   5.9770101285431119E-008
          28          36  -1.4756004770627613E-004
          28          37   0.0000000000000000     
          28          38   0.0000000000000000     
          28          39   0.0000000000000000     
          28          40   0.0000000000000000     
          28          41  -1.3060898340066285E-005
          28          42  -12.241348581545953     
          29           1   84.910874603911907     
          29           2   2.3790594353613788     
          29           3   1.1988262563709795     
          29           4  0.24795156063447599     
          29           5 -0.64651462952902938     
          29           6   0.0000000000000000     
          29           7   0.0000000000000000     
          29           8   0.0000000000000000     
          29           9   3.4319958348070467E-007
          29          10  -9.1817334589652077E-007
          29          11   0.0000000000000000     
          29          12   0.0000000000000000     
          29          13   0.0000000000000000     
          29          14  -3.6271133882541628E-005
          29          15  -1.2127077778644393E-004
          29          16  -3.0933492732737684E-008
          29          17  -4.7484794097654659E-008
          29          18  -1.8992252183851913E-005
          29          19   7.8739737181212157E-005
          29          20  -4.2672157335466947E-009
          29          21   0.0000000000000000     
          29          22   0.0000000000000000     
          29          23   0.0000000000000000     
          29          24   7.1593290187621089E-002
          29          25   1.0697069513789604E-005
          29          26   0.0000000000000000     
          29          27   0.0000000000000000     
          29          28  -1.1309414727907550E-004
          29          29   1.0557873698285731E-005
          29          30  -324340.13085830765     
          29          31  -4.5446750810679482E-005
          29          32   0.0000000000000000     
          29          33   0.0000000000000000     
          29          34  -1.5378143172138686E-009
          29          35  -1.3564359180589398E-008
          29          36  -7.7302465601294783E-005
          29          37   0.0000000000000000     
          29          38   0.0000000000000000     
          29          39   0.0000000000000000     
          29          40   0.0000000000000000     
          29          41   2.3595529692706950E-006
          29          42   1.1001056233943134     
          30           1  -519125896191.53168     
          30           2  -45487776039.122635     
          30           3  -43123106734.392021     
          30           4  -63033139789.943527     
          30           5  -56468499214.904495     
          30           6   0.0000000000000000     
          30           7   0.0000000000000000     
          30           8   0.0000000000000000     
          30           9   2177.1089297190288     
          30          10   35848.712223325092     
          30          11   0.0000000000000000     
          30          12   0.0000000000000000     
          30          13   0.0000000000000000     
          30          14  -5194538.5313161192     
          30          15   356746.26801946037     
          30          16   1110.7330872371149     
          30          17   4143.8569117488596     
          30          18   212227.71246722928     
          30          19  -1219415.8426845733     
          30          20   74.285945667651404     
          30          21   0.0000000000000000     
          30          22   0.0000000000000000     
          30          23   0.0000000000000000     
          30          24   2113743707.0157602     
          30          25   408541.13020802289     
          30          26   0.0000000000000000     
          30          27   0.0000000000000000     
          30          28   2434412.8695971780     
          30          29  -324340.13085831015     
          30          30   51266631163075448.     
          30          31  -3505079.4214072619     
          30          32   0.0000000000000000     
          30          33   0.0000000000000000     
          30          34  -509.07954571710496     
          30          35   2847.0226311895995     
          30          36  -855460.14967446483     
          30          37   0.0000000000000000     
          30          38   0.0000000000000000     
          30          39   0.0000000000000000     
          30          40   0.0000000000000000     
          30          41  -94450.143713100275     
          30          42  -302381708.82658142     
          31           1  -361.82177188396923     
          31           2  -1.7967153330662413     
          31           3 -0.59125039998223017     
          31           4  -4.6866337318584765     
          31           5  -1.0746656032668640     
          31           6   0.0000000000000000     
          31           7   0.0000000000000000     
          31           8   0.0000000000000000     
          31           9  -2.2840019758591819E-007
          31          10   5.7926864682086175E-006
          31          11   0.0000000000000000     
          31          12   0.0000000000000000     
          31          13   0.0000000000000000     
          31          14   6.0280852558703009E-004
          31          15  -7.9011975169842994E-006
          31          16   3.7130715150552419E-008
          31          17  -2.9193517084053155E-007
          31          18   4.7925648505617790E-005
          31          19  -1.4897187701848084E-004
          31          20   5.1558339787209250E-008
          31          21   0.0000000000000000     
          31          22   0.0000000000000000     
          31          23   0.0000000000000000     
          31          24   1.3802745032233943     
          31          25  -1.7604503230965763E-004
          31          26   0.0000000000000000     
          31          27   0.0000000000000000     
          31          28  -5.1006887690748374E-005
          31          29  -4.5446750810679069E-005
          31          30  -3505079.4214073136     
          31          31   8.3465259027897464E-004
          31          32   0.0000000000000000     
          31          33   0.0000000000000000     
          31          34   7.9089841356682577E-008
          31          35  -1.9874878060746591E-008
          31          36  -2.0766936580952273E-003
          31          37   0.0000000000000000     
          31          38   0.0000000000000000     
          31          39   0.0000000000000000     
          31          40   0.0000000000000000     
          31          41  -2.7176133405848129E-006
          31          42   3.0667431821821109     
          32           1   0.0000000000000000     
          32           2   0.0000000000000000     
          32           3   0.0000000000000000     
          32           4   0.0000000000000000     
          32           5   0.0000000000000000     
          32           6   0.0000000000000000     
          32           7   0.0000000000000000     
          32           8   0.0000000000000000     
          32           9   0.0000000000000000     
          32          10   0.0000000000000000     
          32          11   0.0000000000000000     
          32          12   0.0000000000000000     
          32          13   0.0000000000000000     
          32          14   0.0000000000000000     
          32          15   0.0000000000000000     
          32          16   0.0000000000000000     
          32          17   0.0000000000000000     
          32          18   0.0000000000000000     
          32          19   0.0000000000000000     
          32          20   0.0000000000000000     
          32          21   0.0000000000000000     
          32          22   0.0000000000000000     
          32          23   0.0000000000000000     
          32          24   0.0000000000000000     
          32          25   0.0000000000000000     
          32          26   0.0000000000000000     
          32          27   0.0000000000000000     
          32          28   0.0000000000000000     
          32          29   0.0000000000000000     
          32          30   0.0000000000000000     
          32          31   0.0000000000000000     
          32          32   0.0000000000000000     
          32          33   0.0000000000000000     
          32          34   0.0000000000000000     
          32          35   0.0000000000000000     
          32          36   0.0000000000000000     
          32          37   0.0000000000000000     
          32          38   0.0000000000000000     
          32          39   0.0000000000000000     
          32          40   0.0000000000000000     
          32          41   0.0000000000000000     
          32          42   0.0000000000000000     
          33           1   0.0000000000000000     
          33           2   0.0000000000000000     
          33           3   0.0000000000000000     
          33           4   0.0000000000000000     
          33           5   0.0000000000000000     
          33           6   0.0000000000000000     
          33           7   0.0000000000000000     
          33           8   0.0000000000000000     
          33           9   0.0000000000000000     
          33          10   0.0000000000000000     
          33          11   0.0000000000000000     
          33          12   0.0000000000000000     
          33          13   0.0000000000000000     
          33          14   0.0000000000000000     
          33          15   0.0000000000000000     
          33          16   0.0000000000000000     
          33          17   0.0000000000000000     
          33          18   0.0000000000000000     
          33          19   0.0000000000000000     
          33          20   0.0000000000000000     
          33          21   0.0000000000000000     
          33          22   0.0000000000000000     
          33          23   0.0000000000000000     
          33          24   0.0000000000000000     
          33          25   0.0000000000000000     
          33          26   0.0000000000000000     
          33          27   0.0000000000000000     
          33          28   0.0000000000000000     
          33          29   0.0000000000000000     
          33          30   0.0000000000000000     
          33          31   0.0000000000000000     
          33          32   0.0000000000000000     
          33          33   0.0000000000000000     
          33          34   0.0000000000000000     
          33          35   0.0000000000000000     
          33          36   0.0000000000000000     
          33          37   0.0000000000000000     
          33          38   0.0000000000000000     
          33          39   0.0000000000000000     
          33          40   0.0000000000000000     
          33          41   0.0000000000000000     
          33          42   0.0000000000000000     
          34           1 -0.11112059310312920     
          34           2  -1.2698576182755864E-003
          34           3   9.9588712419437539E-005
          34           4   4.2468451493694343E-003
          34           5   6.0053929847134887E-003
          34           6   0.0000000000000000     
          34           7   0.0000000000000000     
          34           8   0.0000000000000000     
          34           9  -4.3759326129753832E-009
          34          10  -1.6487242620462310E-009
          34          11   0.0000000000000000     
          34          12   0.0000000000000000     
          34          13   0.0000000000000000     
          34          14   3.4005905121670320E-008
          34          15   1.4868684279524266E-009
          34          16   2.3963850786281174E-011
          34          17  -2.2522506859670388E-010
          34          18   3.3357236626410327E-008
          34          19  -1.2377751399570488E-007
          34          20   2.5819995590738642E-012
          34          21   0.0000000000000000     
          34          22   0.0000000000000000     
          34          23   0.0000000000000000     
          34          24  -1.1411001332018156E-003
          34          25  -1.7054259676605822E-007
          34          26   0.0000000000000000     
          34          27   0.0000000000000000     
          34          28   4.5773132855164508E-008
          34          29  -1.5378143172139288E-009
          34          30  -509.07954571710212     
          34          31   7.9089841356682286E-008
          34          32   0.0000000000000000     
          34          33   0.0000000000000000     
          34          34   1.8208774824304099E-011
          34          35  -3.7487185489099458E-011
          34          36   6.5920486399751482E-008
          34          37   0.0000000000000000     
          34          38   0.0000000000000000     
          34          39   0.0000000000000000     
          34          40   0.0000000000000000     
          34          41   4.7424980195035874E-009
          34          42   7.1892872905083801E-004
          35           1 -0.10954746708703368     
          35           2  -5.2317238076564658E-004
          35           3  -2.6322365041438959E-004
          35           4   1.2423705336765025E-003
          35           5   8.7288374968954999E-004
          35           6   0.0000000000000000     
          35           7   0.0000000000000000     
          35           8   0.0000000000000000     
          35           9   2.7878675109155243E-008
          35          10   4.4281650020375100E-008
          35          11   0.0000000000000000     
          35          12   0.0000000000000000     
          35          13   0.0000000000000000     
          35          14  -3.2108422372546829E-007
          35          15   5.2918069585467337E-009
          35          16  -2.3124734816475196E-014
          35          17  -1.0118099684198207E-010
          35          18   1.1069541124873412E-008
          35          19  -2.5168337248385648E-008
          35          20   7.2441949924310572E-012
          35          21   0.0000000000000000     
          35          22   0.0000000000000000     
          35          23   0.0000000000000000     
          35          24   5.1283657820781724E-003
          35          25   2.2164869852671200E-008
          35          26   0.0000000000000000     
          35          27   0.0000000000000000     
          35          28   5.9770101285430973E-008
          35          29  -1.3564359180589345E-008
          35          30   2847.0226311895794     
          35          31  -1.9874878060746452E-008
          35          32   0.0000000000000000     
          35          33   0.0000000000000000     
          35          34  -3.7487185489099561E-011
          35          35   6.6488153404545616E-012
          35          36  -1.1261643623580381E-007
          35          37   0.0000000000000000     
          35          38   0.0000000000000000     
          35          39   0.0000000000000000     
          35          40   0.0000000000000000     
          35          41  -1.3228864610812538E-008
          35          42   1.4691874980451080E-002
          36           1  -6781.8568540728083     
          36           2  -5.1794978687869380     
          36           3 -0.92042551082312529     
          36           4  -12.507261512700437     
          36           5  -15.860617101315707     
          36           6   0.0000000000000000     
          36           7   0.0000000000000000     
          36           8   0.0000000000000000     
          36           9   2.8966746542605881E-005
          36          10   7.1574003785799048E-006
          36          11   0.0000000000000000     
          36          12   0.0000000000000000     
          36          13   0.0000000000000000     
          36          14  -3.4269333090203655E-004
          36          15  -5.7182938773795716E-005
          36          16  -2.6747927956818412E-008
          36          17   4.8418711383854689E-006
          36          18  -4.1680000781444120E-004
          36          19   4.6330172254248472E-004
          36          20  -3.6116454967441483E-008
          36          21   0.0000000000000000     
          36          22   0.0000000000000000     
          36          23   0.0000000000000000     
          36          24   33.808832513156631     
          36          25   2.5347234920572356E-004
          36          26   0.0000000000000000     
          36          27   0.0000000000000000     
          36          28  -1.4756004770628128E-004
          36          29  -7.7302465601293834E-005
          36          30  -855460.14967463154     
          36          31  -2.0766936580952303E-003
          36          32   0.0000000000000000     
          36          33   0.0000000000000000     
          36          34   6.5920486399753494E-008
          36          35  -1.1261643623580333E-007
          36          36   2.9671008265370925E-003
          36          37   0.0000000000000000     
          36          38   0.0000000000000000     
          36          39   0.0000000000000000     
          36          40   0.0000000000000000     
          36          41  -3.5482785876337254E-006
          36          42   34.704269180785687     
          37           1   0.0000000000000000     
          37           2   0.0000000000000000     
          37           3   0.0000000000000000     
          37           4   0.0000000000000000     
          37           5   0.0000000000000000     
          37           6   0.0000000000000000     
          37           7   0.0000000000000000     
          37           8   0.0000000000000000     
          37           9   0.0000000000000000     
          37          10   0.0000000000000000     
          37          11   0.0000000000000000     
          37          12   0.0000000000000000     
          37          13   0.0000000000000000     
          37          14   0.0000000000000000     
          37          15   0.0000000000000000     
          37          16   0.0000000000000000     
          37          17   0.0000000000000000     
          37          18   0.0000000000000000     
          37          19   0.0000000000000000     
          37          20   0.0000000000000000     
          37          21   0.0000000000000000     
          37          22   0.0000000000000000     
          37          23   0.0000000000000000     
          37          24   0.0000000000000000     
          37          25   0.0000000000000000     
          37          26   0.0000000000000000     
          37          27   0.0000000000000000     
          37          28   0.0000000000000000     
          37          29   0.0000000000000000     
          37          30   0.0000000000000000     
          37          31   0.0000000000000000     
          37          32   0.0000000000000000     
          37          33   0.0000000000000000     
          37          34   0.0000000000000000     
          37          35   0.0000000000000000     
          37          36   0.0000000000000000     
          37          37   0.0000000000000000     
          37          38   0.0000000000000000     
          37          39   0.0000000000000000     
          37          40   0.0000000000000000     
          37          41   0.0000000000000000     
          37          42   0.0000000000000000     
          38           1   0.0000000000000000     
          38           2   0.0000000000000000     
          38           3   0.0000000000000000     
          38           4   0.0000000000000000     
          38           5   0.0000000000000000     
          38           6   0.0000000000000000     
          38           7   0.0000000000000000     
          38           8   0.0000000000000000     
          38           9   0.0000000000000000     
          38          10   0.0000000000000000     
          38          11   0.0000000000000000     
          38          12   0.0000000000000000     
          38          13   0.0000000000000000     
          38          14   0.0000000000000000     
          38          15   0.0000000000000000     
          38          16   0.0000000000000000     
          38          17   0.0000000000000000     
          38          18   0.0000000000000000     
          38          19   0.0000000000000000     
          38          20   0.0000000000000000     
          38          21   0.0000000000000000     
          38          22   0.0000000000000000     
          38          23   0.0000000000000000     
          38          24   0.0000000000000000     
          38          25   0.0000000000000000     
          38          26   0.0000000000000000     
          38          27   0.0000000000000000     
          38          28   0.0000000000000000     
          38          29   0.0000000000000000     
          38          30   0.0000000000000000     
          38          31   0.0000000000000000     
          38          32   0.0000000000000000     
          38          33   0.0000000000000000     
          38          34   0.0000000000000000     
          38          35   0.0000000000000000     
          38          36   0.0000000000000000     
          38          37   0.0000000000000000     
          38          38   0.0000000000000000     
          38          39   0.0000000000000000     
          38          40   0.0000000000000000     
          38          41   0.0000000000000000     
          38          42   0.0000000000000000     
          39           1   0.0000000000000000     
          39           2   0.0000000000000000     
          39           3   0.0000000000000000     
          39           4   0.0000000000000000     
          39           5   0.0000000000000000     
          39           6   0.0000000000000000     
          39           7   0.0000000000000000     
          39           8   0.0000000000000000     
          39           9   0.0000000000000000     
          39          10   0.0000000000000000     
          39          11   0.0000000000000000     
          39          12   0.0000000000000000     
          39          13   0.0000000000000000     
          39          14   0.0000000000000000     
          39          15   0.0000000000000000     
          39          16   0.0000000000000000     
          39          17   0.0000000000000000     
          39          18   0.0000000000000000     
          39          19   0.0000000000000000     
          39          20   0.0000000000000000     
          39          21   0.0000000000000000     
          39          22   0.0000000000000000     
          39          23   0.0000000000000000     
          39          24   0.0000000000000000     
          39          25   0.0000000000000000     
          39          26   0.0000000000000000     
          39          27   0.0000000000000000     
          39          28   0.0000000000000000     
          39          29   0.0000000000000000     
          39          30   0.0000000000000000     
          39          31   0.0000000000000000     
          39          32   0.0000000000000000     
          39          33   0.0000000000000000     
          39          34   0.0000000000000000     
          39          35   0.0000000000000000     
          39          36   0.0000000000000000     
          39          37   0.0000000000000000     
          39          38   0.0000000000000000     
          39          39   0.0000000000000000     
          39          40   0.0000000000000000     
          39          41   0.0000000000000000     
          39          42   0.0000000000000000     
          40           1   0.0000000000000000     
          40           2   0.0000000000000000     
          40           3   0.0000000000000000     
          40           4   0.0000000000000000     
          40           5   0.0000000000000000     
          40           6   0.0000000000000000     
          40           7   0.0000000000000000     
          40           8   0.0000000000000000     
          40           9   0.0000000000000000     
          40          10   0.0000000000000000     
          40          11   0.0000000000000000     
          40          12   0.0000000000000000     
          40          13   0.0000000000000000     
          40          14   0.0000000000000000     
          40          15   0.0000000000000000     
          40          16   0.0000000000000000     
          40          17   0.0000000000000000     
          40          18   0.0000000000000000     
          40          19   0.0000000000000000     
          40          20   0.0000000000000000     
          40          21   0.0000000000000000     
          40          22   0.0000000000000000     
          40          23   0.0000000000000000     
          40          24   0.0000000000000000     
          40          25   0.0000000000000000     
          40          26   0.0000000000000000     
          40          27   0.0000000000000000     
          40          28   0.0000000000000000     
          40          29   0.0000000000000000     
          40          30   0.0000000000000000     
          40          31   0.0000000000000000     
          40          32   0.0000000000000000     
          40          33   0.0000000000000000     
          40          34   0.0000000000000000     
          40          35   0.0000000000000000     
          40          36   0.0000000000000000     
          40          37   0.0000000000000000     
          40          38   0.0000000000000000     
          40          39   0.0000000000000000     
          40          40   0.0000000000000000     
          40          41   0.0000000000000000     
          40          42   0.0000000000000000     
          41           1  -10.854072234853176     
          41           2  -5.3662052227324862E-002
          41           3  0.36975157493752370     
          41           4  0.74574620201889774     
          41           5  0.63388301285886606     
          41           6   0.0000000000000000     
          41           7   0.0000000000000000     
          41           8   0.0000000000000000     
          41           9  -5.6657928637632090E-007
          41          10  -6.1117273844462969E-007
          41          11   0.0000000000000000     
          41          12   0.0000000000000000     
          41          13   0.0000000000000000     
          41          14  -1.7461594576468783E-005
          41          15   1.9961114884870012E-006
          41          16   1.5026105693471709E-008
          41          17  -6.6511620604180268E-008
          41          18   4.9274430818382563E-006
          41          19  -2.3030035169042559E-005
          41          20  -1.1726082385983603E-010
          41          21   0.0000000000000000     
          41          22   0.0000000000000000     
          41          23   0.0000000000000000     
          41          24  -6.3624113538152144E-002
          41          25  -1.3709289664460102E-005
          41          26   0.0000000000000000     
          41          27   0.0000000000000000     
          41          28  -1.3060898340066115E-005
          41          29   2.3595529692706781E-006
          41          30  -94450.143713099547     
          41          31  -2.7176133405849213E-006
          41          32   0.0000000000000000     
          41          33   0.0000000000000000     
          41          34   4.7424980195036246E-009
          41          35  -1.3228864610812553E-008
          41          36  -3.5482785876341256E-006
          41          37   0.0000000000000000     
          41          38   0.0000000000000000     
          41          39   0.0000000000000000     
          41          40   0.0000000000000000     
          41          41   1.2848970956488979E-006
          41          42   6.9341686188167398E-002
          42           1  -11185198.709517282     
          42           2  -261041.49167097185     
          42           3   180399.89079137254     
          42           4   559366.54255918378     
          42           5   418197.24050313450     
          42           6   0.0000000000000000     
          42           7   0.0000000000000000     
          42           8   0.0000000000000000     
          42           9 -0.11250051678989831     
          42          10 -0.39448477157123463     
          42          11   0.0000000000000000     
          42          12   0.0000000000000000     
          42          13   0.0000000000000000     
          42          14  0.99973844506000298     
          42          15 -0.85902388540445318     
          42          16  -1.5099717930313011E-003
          42          17 -0.10107280176928751     
          42          18   104.91294330061965     
          42          19  -809.83466019329967     
          42          20   2.6517479898834041E-004
          42          21   0.0000000000000000     
          42          22   0.0000000000000000     
          42          23   0.0000000000000000     
          42          24   751049.95341775729     
          42          25  -54.112957276193953     
          42          26   0.0000000000000000     
          42          27   0.0000000000000000     
          42          28  -12.241348581545806     
          42          29   1.1001056233943032     
          42          30  -302381708.82466936     
          42          31   3.0667431821819360     
          42          32   0.0000000000000000     
          42          33   0.0000000000000000     
          42          34   7.1892872905086230E-004
          42          35   1.4691874980451484E-002
          42          36   34.704269180785602     
          42          37   0.0000000000000000     
          42          38   0.0000000000000000     
          42          39   0.0000000000000000     
          42          40   0.0000000000000000     
          42          41   6.9341686188171270E-002
          42          42   1510563.4817003910     
