 spec_fit_1.txt                                                        C_Z_UPU150_RED_X_201311151529_2.res                         
   3.8567716875712104        1.4139999999999999        22.000000000000000       0.69999999999999996        239.63000000000000                1
           1   7186304.2363173710        31165.532658349795     
           2   46086.025221157659        357.42283973623699     
           3   3216.0843078476878        305.59551078562168     
           4   2366.8023341944831        220.84078080349306     
           5  -1083.1663932961351        205.69260221236971     
           6   0.0000000000000000        0.0000000000000000     
           7   0.0000000000000000        0.0000000000000000     
           8   0.0000000000000000        0.0000000000000000     
           9  0.16510124139316873        1.2794509957241111E-003
          10   2.3896161014802259E-002   1.0122549473431791E-003
          11   0.0000000000000000        0.0000000000000000     
          12   0.0000000000000000        0.0000000000000000     
          13   0.0000000000000000        0.0000000000000000     
          14   2.7528566067084128        4.0278032926369278E-002
          15 -0.33736413656305819        1.3524916314619367E-003
          16   7.5606092499819227E-002   1.1143775879861706E-006
          17  0.20831268921753451        1.3807897762596876E-004
          18  0.11469018015652720        1.5362017732610360E-003
          19  -5.9663274187478734        1.8566339031986151E-002
          20   8.5230955831225785E-004   5.8798314288913549E-006
          21   2.0000000000000000        0.0000000000000000     
          22  0.20999999999999999        0.0000000000000000     
          23   88.034000000000006        0.0000000000000000     
          24   18657.235790869443        576.14897670007133     
          25  0.66301303840760673        5.6584791026441207E-003
          26   0.0000000000000000        0.0000000000000000     
          27   0.0000000000000000        0.0000000000000000     
          28   150.43796897872511        4.4347381007260704E-002
          29  0.92301299661977398        3.2760390827772331E-003
          30   22925195631.159100        226100370.34731540     
          31   2.2939055351794391        2.9444549759566185E-002
          32   86.000000000000000        0.0000000000000000     
          33   105.37108942762900        0.0000000000000000     
          34   1.4195336117020713E-004   4.3345728641022121E-006
          35  -8.1955667922028026E-005   2.3996976517436345E-006
          36   3.8796611943879786        5.1946610666237583E-002
          37   2.1499942976641701E-004   0.0000000000000000     
          38  0.47258888837460800        0.0000000000000000     
          39   0.0000000000000000        0.0000000000000000     
          40   0.0000000000000000        0.0000000000000000     
          41  0.11797003288629422        1.1346718795319504E-003
          42   18382.814474397535        1231.9384300050515     
           1           1   970417137.74203455     
           1           2   57893742.096165977     
           1           3   74285.545500595981     
           1           4  -1466108.9984714193     
           1           5  -2332557.7796989107     
           1           6   0.0000000000000000     
           1           7   0.0000000000000000     
           1           8   0.0000000000000000     
           1           9   31.864436134587013     
           1          10   11.861352264787177     
           1          11   0.0000000000000000     
           1          12   0.0000000000000000     
           1          13   0.0000000000000000     
           1          14  -128.88228147559528     
           1          15  -586.59105681717165     
           1          16  -2.3157253988744828     
           1          17  -27.015661622553026     
           1          18  -50.923989768182544     
           1          19   173.27886671501162     
           1          20 -0.41863688619999923     
           1          21   0.0000000000000000     
           1          22   0.0000000000000000     
           1          23   0.0000000000000000     
           1          24   13205100.559960229     
           1          25   331.02748401265779     
           1          26   0.0000000000000000     
           1          27   0.0000000000000000     
           1          28  -1309.1349904256776     
           1          29   87.530224929399282     
           1          30  -549892669716.11145     
           1          31  -377.35512406336875     
           1          32   0.0000000000000000     
           1          33   0.0000000000000000     
           1          34 -0.11442996000273278     
           1          35  -9.7546983016026975E-002
           1          36  -4616.6272600706388     
           1          37   0.0000000000000000     
           1          38   0.0000000000000000     
           1          39   0.0000000000000000     
           1          40   0.0000000000000000     
           1          41  -11.571716106017702     
           1          42  -11439621.924053531     
           2           1   57893742.096166067     
           2           2   127636.22524305359     
           2           3   110576.54849771294     
           2           4   54807.803083829313     
           2           5   93178.225370681117     
           2           6   0.0000000000000000     
           2           7   0.0000000000000000     
           2           8   0.0000000000000000     
           2           9  0.49259116021613286     
           2          10   2.2325263387071481     
           2          11   0.0000000000000000     
           2          12   0.0000000000000000     
           2          13   0.0000000000000000     
           2          14  -9.0221485570651421     
           2          15 -0.14428819133389109     
           2          16  -1.4124399355820820E-003
           2          17   7.0939806717408113E-002
           2          18  -4.4900197229071317     
           2          19   22.888192642998185     
           2          20  -6.2635355687054332E-003
           2          21   0.0000000000000000     
           2          22   0.0000000000000000     
           2          23   0.0000000000000000     
           2          24   31165.702460499739     
           2          25  0.16441350932826609     
           2          26   0.0000000000000000     
           2          27   0.0000000000000000     
           2          28  -21.733377553910167     
           2          29   2.5493013606267190     
           2          30  -46242686941.160995     
           2          31  -1.6812565621138948     
           2          32   0.0000000000000000     
           2          33   0.0000000000000000     
           2          34  -1.5138525798388315E-003
           2          35  -4.9353332068373704E-004
           2          36  -5.0344596565706476     
           2          37   0.0000000000000000     
           2          38   0.0000000000000000     
           2          39   0.0000000000000000     
           2          40   0.0000000000000000     
           2          41  -9.7303700501375406E-002
           2          42  -293462.56916296593     
           3           1   74285.545500619512     
           3           2   110576.54849771307     
           3           3   93304.650419538550     
           3           4   320223.48530923307     
           3           5   117134.87705766263     
           3           6   0.0000000000000000     
           3           7   0.0000000000000000     
           3           8   0.0000000000000000     
           3           9  -6.7333978351784188E-002
           3          10  0.13655827921863148     
           3          11   0.0000000000000000     
           3          12   0.0000000000000000     
           3          13   0.0000000000000000     
           3          14  -6.8820517364762726     
           3          15   3.0367524352039772     
           3          16  -2.0417353921728634E-003
           3          17   5.3766415222337487E-002
           3          18   1.1764735882696482E-002
           3          19   1.5330988159341785     
           3          20  -1.2877247734596044E-003
           3          21   0.0000000000000000     
           3          22   0.0000000000000000     
           3          23   0.0000000000000000     
           3          24  -293892.22929362539     
           3          25 -0.85772525775770092     
           3          26   0.0000000000000000     
           3          27   0.0000000000000000     
           3          28  -1.7038417815687625     
           3          29   1.4939465965627583     
           3          30  -40167328277.021202     
           3          31 -0.96269509178978230     
           3          32   0.0000000000000000     
           3          33   0.0000000000000000     
           3          34  -2.0864647697004833E-004
           3          35  -3.8302554285660732E-004
           3          36   5.3020626807659319     
           3          37   0.0000000000000000     
           3          38   0.0000000000000000     
           3          39   0.0000000000000000     
           3          40   0.0000000000000000     
           3          41  0.36798025925419631     
           3          42   63829.135924113914     
           4           1  -1466108.9984713355     
           4           2   54807.803083829647     
           4           3   320223.48530923284     
           4           4   48726.800728132177     
           4           5   109935.70522625757     
           4           6   0.0000000000000000     
           4           7   0.0000000000000000     
           4           8   0.0000000000000000     
           4           9  0.26168647413982604     
           4          10   1.9354338299648485E-002
           4          11   0.0000000000000000     
           4          12   0.0000000000000000     
           4          13   0.0000000000000000     
           4          14  -12.184298115895468     
           4          15   3.5401966224000485E-002
           4          16  -5.2114340490370093E-005
           4          17   2.3333133577010789E-002
           4          18  0.32954486886919787     
           4          19  -2.0982658140319934     
           4          20  -1.6492859277570111E-003
           4          21   0.0000000000000000     
           4          22   0.0000000000000000     
           4          23   0.0000000000000000     
           4          24   203097.68087013791     
           4          25  0.42856000405580114     
           4          26   0.0000000000000000     
           4          27   0.0000000000000000     
           4          28   44.311556457549663     
           4          29  0.25683241824834335     
           4          30  -62170541668.117340     
           4          31  -4.5456008085006623     
           4          32   0.0000000000000000     
           4          33   0.0000000000000000     
           4          34   4.2341088257010998E-003
           4          35   1.0117029136277572E-003
           4          36  -11.506560109753607     
           4          37   0.0000000000000000     
           4          38   0.0000000000000000     
           4          39   0.0000000000000000     
           4          40   0.0000000000000000     
           4          41  0.74059931073279017     
           4          42   565371.25819141185     
           5           1  -2332557.7796987765     
           5           2   93178.225370681743     
           5           3   117134.87705766266     
           5           4   109935.70522625765     
           5           5   42271.406141608219     
           5           6   0.0000000000000000     
           5           7   0.0000000000000000     
           5           8   0.0000000000000000     
           5           9 -0.20004481269394458     
           5          10   1.8357372143775721     
           5          11   0.0000000000000000     
           5          12   0.0000000000000000     
           5          13   0.0000000000000000     
           5          14  -14.480029963030940     
           5          15  0.92022668067985181     
           5          16   1.6534919005821039E-003
           5          17 -0.13293641322732880     
           5          18   1.2888580870083348     
           5          19   32.853138554662841     
           5          20  -1.5277824348175195E-003
           5          21   0.0000000000000000     
           5          22   0.0000000000000000     
           5          23   0.0000000000000000     
           5          24  -398145.39612053364     
           5          25  -6.8098005513954188E-002
           5          26   0.0000000000000000     
           5          27   0.0000000000000000     
           5          28   51.192189448039585     
           5          29 -0.54701748321069388     
           5          30  -55785316354.879517     
           5          31 -0.85786155941742059     
           5          32   0.0000000000000000     
           5          33   0.0000000000000000     
           5          34   5.7596380933554684E-003
           5          35   6.7772389295313426E-004
           5          36  -14.546364255278025     
           5          37   0.0000000000000000     
           5          38   0.0000000000000000     
           5          39   0.0000000000000000     
           5          40   0.0000000000000000     
           5          41  0.61484716706074438     
           5          42   381115.02138929797     
           6           1   0.0000000000000000     
           6           2   0.0000000000000000     
           6           3   0.0000000000000000     
           6           4   0.0000000000000000     
           6           5   0.0000000000000000     
           6           6   0.0000000000000000     
           6           7   0.0000000000000000     
           6           8   0.0000000000000000     
           6           9   0.0000000000000000     
           6          10   0.0000000000000000     
           6          11   0.0000000000000000     
           6          12   0.0000000000000000     
           6          13   0.0000000000000000     
           6          14   0.0000000000000000     
           6          15   0.0000000000000000     
           6          16   0.0000000000000000     
           6          17   0.0000000000000000     
           6          18   0.0000000000000000     
           6          19   0.0000000000000000     
           6          20   0.0000000000000000     
           6          21   0.0000000000000000     
           6          22   0.0000000000000000     
           6          23   0.0000000000000000     
           6          24   0.0000000000000000     
           6          25   0.0000000000000000     
           6          26   0.0000000000000000     
           6          27   0.0000000000000000     
           6          28   0.0000000000000000     
           6          29   0.0000000000000000     
           6          30   0.0000000000000000     
           6          31   0.0000000000000000     
           6          32   0.0000000000000000     
           6          33   0.0000000000000000     
           6          34   0.0000000000000000     
           6          35   0.0000000000000000     
           6          36   0.0000000000000000     
           6          37   0.0000000000000000     
           6          38   0.0000000000000000     
           6          39   0.0000000000000000     
           6          40   0.0000000000000000     
           6          41   0.0000000000000000     
           6          42   0.0000000000000000     
           7           1   0.0000000000000000     
           7           2   0.0000000000000000     
           7           3   0.0000000000000000     
           7           4   0.0000000000000000     
           7           5   0.0000000000000000     
           7           6   0.0000000000000000     
           7           7   0.0000000000000000     
           7           8   0.0000000000000000     
           7           9   0.0000000000000000     
           7          10   0.0000000000000000     
           7          11   0.0000000000000000     
           7          12   0.0000000000000000     
           7          13   0.0000000000000000     
           7          14   0.0000000000000000     
           7          15   0.0000000000000000     
           7          16   0.0000000000000000     
           7          17   0.0000000000000000     
           7          18   0.0000000000000000     
           7          19   0.0000000000000000     
           7          20   0.0000000000000000     
           7          21   0.0000000000000000     
           7          22   0.0000000000000000     
           7          23   0.0000000000000000     
           7          24   0.0000000000000000     
           7          25   0.0000000000000000     
           7          26   0.0000000000000000     
           7          27   0.0000000000000000     
           7          28   0.0000000000000000     
           7          29   0.0000000000000000     
           7          30   0.0000000000000000     
           7          31   0.0000000000000000     
           7          32   0.0000000000000000     
           7          33   0.0000000000000000     
           7          34   0.0000000000000000     
           7          35   0.0000000000000000     
           7          36   0.0000000000000000     
           7          37   0.0000000000000000     
           7          38   0.0000000000000000     
           7          39   0.0000000000000000     
           7          40   0.0000000000000000     
           7          41   0.0000000000000000     
           7          42   0.0000000000000000     
           8           1   0.0000000000000000     
           8           2   0.0000000000000000     
           8           3   0.0000000000000000     
           8           4   0.0000000000000000     
           8           5   0.0000000000000000     
           8           6   0.0000000000000000     
           8           7   0.0000000000000000     
           8           8   0.0000000000000000     
           8           9   0.0000000000000000     
           8          10   0.0000000000000000     
           8          11   0.0000000000000000     
           8          12   0.0000000000000000     
           8          13   0.0000000000000000     
           8          14   0.0000000000000000     
           8          15   0.0000000000000000     
           8          16   0.0000000000000000     
           8          17   0.0000000000000000     
           8          18   0.0000000000000000     
           8          19   0.0000000000000000     
           8          20   0.0000000000000000     
           8          21   0.0000000000000000     
           8          22   0.0000000000000000     
           8          23   0.0000000000000000     
           8          24   0.0000000000000000     
           8          25   0.0000000000000000     
           8          26   0.0000000000000000     
           8          27   0.0000000000000000     
           8          28   0.0000000000000000     
           8          29   0.0000000000000000     
           8          30   0.0000000000000000     
           8          31   0.0000000000000000     
           8          32   0.0000000000000000     
           8          33   0.0000000000000000     
           8          34   0.0000000000000000     
           8          35   0.0000000000000000     
           8          36   0.0000000000000000     
           8          37   0.0000000000000000     
           8          38   0.0000000000000000     
           8          39   0.0000000000000000     
           8          40   0.0000000000000000     
           8          41   0.0000000000000000     
           8          42   0.0000000000000000     
           9           1   31.864436134587145     
           9           2  0.49259116021613347     
           9           3  -6.7333978351777138E-002
           9           4  0.26168647413982343     
           9           5 -0.20004481269395072     
           9           6   0.0000000000000000     
           9           7   0.0000000000000000     
           9           8   0.0000000000000000     
           9           9   1.6355230268477101E-006
           9          10  -8.5698320191120676E-008
           9          11   0.0000000000000000     
           9          12   0.0000000000000000     
           9          13   0.0000000000000000     
           9          14  -4.7355347948528711E-006
           9          15   3.3889371540065571E-007
           9          16   1.6447713807118729E-007
           9          17   1.2648890230586585E-007
           9          18  -1.9951955159914533E-005
           9          19   7.4136623046708799E-005
           9          20  -1.3041051754386511E-009
           9          21   0.0000000000000000     
           9          22   0.0000000000000000     
           9          23   0.0000000000000000     
           9          24  0.64634653193170122     
           9          25   2.2007682137389947E-005
           9          26   0.0000000000000000     
           9          27   0.0000000000000000     
           9          28  -6.3390359415193502E-006
           9          29   4.0124843465256149E-007
           9          30   2318.6341943457373     
           9          31   1.4185694814968625E-006
           9          32   0.0000000000000000     
           9          33   0.0000000000000000     
           9          34  -4.4478519345594243E-009
           9          35   2.5874798430293780E-008
           9          36   3.4572486061206414E-005
           9          37   0.0000000000000000     
           9          38   0.0000000000000000     
           9          39   0.0000000000000000     
           9          40   0.0000000000000000     
           9          41  -5.7451207455461720E-007
           9          42 -0.11795276633580266     
          10           1   11.861352264787879     
          10           2   2.2325263387071947     
          10           3  0.13655827921864500     
          10           4   1.9354338299651642E-002
          10           5   1.8357372143775770     
          10           6   0.0000000000000000     
          10           7   0.0000000000000000     
          10           8   0.0000000000000000     
          10           9  -8.5698320191114377E-008
          10          10   1.0237388055792472E-006
          10          11   0.0000000000000000     
          10          12   0.0000000000000000     
          10          13   0.0000000000000000     
          10          14   2.3948926764409432E-006
          10          15  -7.0293663839235816E-006
          10          16   2.7685155135796033E-008
          10          17  -3.8289077885926789E-008
          10          18  -7.6558748993959086E-006
          10          19   4.6417900917040818E-005
          10          20  -9.0261706128758496E-010
          10          21   0.0000000000000000     
          10          22   0.0000000000000000     
          10          23   0.0000000000000000     
          10          24 -0.51105427824769467     
          10          25   2.7731210746070208E-005
          10          26   0.0000000000000000     
          10          27   0.0000000000000000     
          10          28   2.6917834163350631E-006
          10          29  -9.0161077028301327E-007
          10          30   35489.459628765399     
          10          31   5.1691573374636998E-006
          10          32   0.0000000000000000     
          10          33   0.0000000000000000     
          10          34  -1.6074944800105775E-009
          10          35   3.8756560194445161E-008
          10          36   6.1155095596731707E-006
          10          37   0.0000000000000000     
          10          38   0.0000000000000000     
          10          39   0.0000000000000000     
          10          40   0.0000000000000000     
          10          41  -6.0341104115384188E-007
          10          42 -0.39851520216285008     
          11           1   0.0000000000000000     
          11           2   0.0000000000000000     
          11           3   0.0000000000000000     
          11           4   0.0000000000000000     
          11           5   0.0000000000000000     
          11           6   0.0000000000000000     
          11           7   0.0000000000000000     
          11           8   0.0000000000000000     
          11           9   0.0000000000000000     
          11          10   0.0000000000000000     
          11          11   0.0000000000000000     
          11          12   0.0000000000000000     
          11          13   0.0000000000000000     
          11          14   0.0000000000000000     
          11          15   0.0000000000000000     
          11          16   0.0000000000000000     
          11          17   0.0000000000000000     
          11          18   0.0000000000000000     
          11          19   0.0000000000000000     
          11          20   0.0000000000000000     
          11          21   0.0000000000000000     
          11          22   0.0000000000000000     
          11          23   0.0000000000000000     
          11          24   0.0000000000000000     
          11          25   0.0000000000000000     
          11          26   0.0000000000000000     
          11          27   0.0000000000000000     
          11          28   0.0000000000000000     
          11          29   0.0000000000000000     
          11          30   0.0000000000000000     
          11          31   0.0000000000000000     
          11          32   0.0000000000000000     
          11          33   0.0000000000000000     
          11          34   0.0000000000000000     
          11          35   0.0000000000000000     
          11          36   0.0000000000000000     
          11          37   0.0000000000000000     
          11          38   0.0000000000000000     
          11          39   0.0000000000000000     
          11          40   0.0000000000000000     
          11          41   0.0000000000000000     
          11          42   0.0000000000000000     
          12           1   0.0000000000000000     
          12           2   0.0000000000000000     
          12           3   0.0000000000000000     
          12           4   0.0000000000000000     
          12           5   0.0000000000000000     
          12           6   0.0000000000000000     
          12           7   0.0000000000000000     
          12           8   0.0000000000000000     
          12           9   0.0000000000000000     
          12          10   0.0000000000000000     
          12          11   0.0000000000000000     
          12          12   0.0000000000000000     
          12          13   0.0000000000000000     
          12          14   0.0000000000000000     
          12          15   0.0000000000000000     
          12          16   0.0000000000000000     
          12          17   0.0000000000000000     
          12          18   0.0000000000000000     
          12          19   0.0000000000000000     
          12          20   0.0000000000000000     
          12          21   0.0000000000000000     
          12          22   0.0000000000000000     
          12          23   0.0000000000000000     
          12          24   0.0000000000000000     
          12          25   0.0000000000000000     
          12          26   0.0000000000000000     
          12          27   0.0000000000000000     
          12          28   0.0000000000000000     
          12          29   0.0000000000000000     
          12          30   0.0000000000000000     
          12          31   0.0000000000000000     
          12          32   0.0000000000000000     
          12          33   0.0000000000000000     
          12          34   0.0000000000000000     
          12          35   0.0000000000000000     
          12          36   0.0000000000000000     
          12          37   0.0000000000000000     
          12          38   0.0000000000000000     
          12          39   0.0000000000000000     
          12          40   0.0000000000000000     
          12          41   0.0000000000000000     
          12          42   0.0000000000000000     
          13           1   0.0000000000000000     
          13           2   0.0000000000000000     
          13           3   0.0000000000000000     
          13           4   0.0000000000000000     
          13           5   0.0000000000000000     
          13           6   0.0000000000000000     
          13           7   0.0000000000000000     
          13           8   0.0000000000000000     
          13           9   0.0000000000000000     
          13          10   0.0000000000000000     
          13          11   0.0000000000000000     
          13          12   0.0000000000000000     
          13          13   0.0000000000000000     
          13          14   0.0000000000000000     
          13          15   0.0000000000000000     
          13          16   0.0000000000000000     
          13          17   0.0000000000000000     
          13          18   0.0000000000000000     
          13          19   0.0000000000000000     
          13          20   0.0000000000000000     
          13          21   0.0000000000000000     
          13          22   0.0000000000000000     
          13          23   0.0000000000000000     
          13          24   0.0000000000000000     
          13          25   0.0000000000000000     
          13          26   0.0000000000000000     
          13          27   0.0000000000000000     
          13          28   0.0000000000000000     
          13          29   0.0000000000000000     
          13          30   0.0000000000000000     
          13          31   0.0000000000000000     
          13          32   0.0000000000000000     
          13          33   0.0000000000000000     
          13          34   0.0000000000000000     
          13          35   0.0000000000000000     
          13          36   0.0000000000000000     
          13          37   0.0000000000000000     
          13          38   0.0000000000000000     
          13          39   0.0000000000000000     
          13          40   0.0000000000000000     
          13          41   0.0000000000000000     
          13          42   0.0000000000000000     
          14           1  -128.88228147564539     
          14           2  -9.0221485570667284     
          14           3  -6.8820517364761811     
          14           4  -12.184298115895302     
          14           5  -14.480029963030805     
          14           6   0.0000000000000000     
          14           7   0.0000000000000000     
          14           8   0.0000000000000000     
          14           9  -4.7355347948534099E-006
          14          10   2.3948926764403498E-006
          14          11   0.0000000000000000     
          14          12   0.0000000000000000     
          14          13   0.0000000000000000     
          14          14   1.6208613070350134E-003
          14          15   6.2065685937448344E-005
          14          16   1.6751470641882388E-007
          14          17   7.1206565992380015E-007
          14          18   5.8887615049353875E-005
          14          19  -2.8973830694318153E-004
          14          20   1.7468539548274313E-008
          14          21   0.0000000000000000     
          14          22   0.0000000000000000     
          14          23   0.0000000000000000     
          14          24  0.50952330616494168     
          14          25   7.5968921679926785E-005
          14          26   0.0000000000000000     
          14          27   0.0000000000000000     
          14          28   3.1975855032987966E-004
          14          29  -3.6938213616977966E-005
          14          30  -5177925.6231203759     
          14          31   6.1472386710624029E-004
          14          32   0.0000000000000000     
          14          33   0.0000000000000000     
          14          34   3.5017206495583236E-008
          14          35  -2.9726409081627873E-007
          14          36  -3.2985775349874340E-004
          14          37   0.0000000000000000     
          14          38   0.0000000000000000     
          14          39   0.0000000000000000     
          14          40   0.0000000000000000     
          14          41  -1.7543268591365513E-005
          14          42   1.0313163820318971     
          15           1  -586.59105681721917     
          15           2 -0.14428819133392043     
          15           3   3.0367524352039656     
          15           4   3.5401966224004607E-002
          15           5  0.92022668067982827     
          15           6   0.0000000000000000     
          15           7   0.0000000000000000     
          15           8   0.0000000000000000     
          15           9   3.3889371540112591E-007
          15          10  -7.0293663839233486E-006
          15          11   0.0000000000000000     
          15          12   0.0000000000000000     
          15          13   0.0000000000000000     
          15          14   6.2065685937497648E-005
          15          15   1.8275889475102612E-006
          15          16  -1.4344571602834070E-009
          15          17   8.1654584645644266E-007
          15          18  -7.8900901210975235E-007
          15          19   1.5245103906698311E-005
          15          20  -1.3462848932216644E-008
          15          21   0.0000000000000000     
          15          22   0.0000000000000000     
          15          23   0.0000000000000000     
          15          24  -1.6119131526855186     
          15          25   2.4992632927164561E-005
          15          26   0.0000000000000000     
          15          27   0.0000000000000000     
          15          28   7.1630801948017568E-003
          15          29  -6.4602616612053154E-005
          15          30   483106.93482455611     
          15          31  -7.0551469186668315E-006
          15          32   0.0000000000000000     
          15          33   0.0000000000000000     
          15          34  -1.4131895767147374E-009
          15          35   5.0973679638407962E-009
          15          36  -6.8456417701122182E-005
          15          37   0.0000000000000000     
          15          38   0.0000000000000000     
          15          39   0.0000000000000000     
          15          40   0.0000000000000000     
          15          41   2.6444773968971544E-006
          15          42  -2.0854719017120127     
          16           1  -2.3157253988744428     
          16           2  -1.4124399355820566E-003
          16           3  -2.0417353921728613E-003
          16           4  -5.2114340490377900E-005
          16           5   1.6534919005822258E-003
          16           6   0.0000000000000000     
          16           7   0.0000000000000000     
          16           8   0.0000000000000000     
          16           9   1.6447713807118287E-007
          16          10   2.7685155135794601E-008
          16          11   0.0000000000000000     
          16          12   0.0000000000000000     
          16          13   0.0000000000000000     
          16          14   1.6751470641879230E-007
          16          15  -1.4344571602834086E-009
          16          16   1.2407208714222810E-012
          16          17  -7.8980435131183353E-010
          16          18  -8.3833678104839378E-010
          16          19  -1.2490833032747350E-008
          16          20  -7.0205188690386055E-011
          16          21   0.0000000000000000     
          16          22   0.0000000000000000     
          16          23   0.0000000000000000     
          16          24  -9.8586404841535260E-004
          16          25  -5.3296899944315728E-008
          16          26   0.0000000000000000     
          16          27   0.0000000000000000     
          16          28   4.7279268333384669E-007
          16          29  -3.1381158349879412E-008
          16          30   1055.8376772997603     
          16          31   3.7333978054517378E-008
          16          32   0.0000000000000000     
          16          33   0.0000000000000000     
          16          34   2.5992804145111596E-011
          16          35  -3.2551737800811915E-013
          16          36  -1.7850458877158622E-008
          16          37   0.0000000000000000     
          16          38   0.0000000000000000     
          16          39   0.0000000000000000     
          16          40   0.0000000000000000     
          16          41   1.4702341625646868E-008
          16          42   4.2524440313535715E-004
          17           1  -27.015661622552045     
          17           2   7.0939806717403825E-002
          17           3   5.3766415222337383E-002
          17           4   2.3333133577010490E-002
          17           5 -0.13293641322733046     
          17           6   0.0000000000000000     
          17           7   0.0000000000000000     
          17           8   0.0000000000000000     
          17           9   1.2648890230585855E-007
          17          10  -3.8289077885933300E-008
          17          11   0.0000000000000000     
          17          12   0.0000000000000000     
          17          13   0.0000000000000000     
          17          14   7.1206565992394330E-007
          17          15   8.1654584645644489E-007
          17          16  -7.8980435131183302E-010
          17          17   1.9048661979844952E-008
          17          18  -3.8519564439673627E-007
          17          19  -7.8753200288559649E-006
          17          20  -5.0608293162622105E-010
          17          21   0.0000000000000000     
          17          22   0.0000000000000000     
          17          23   0.0000000000000000     
          17          24  0.14468984074588351     
          17          25  -4.4060375517590802E-007
          17          26   0.0000000000000000     
          17          27   0.0000000000000000     
          17          28   1.7289919362592008E-006
          17          29  -3.8879981346934232E-008
          17          30   4047.4152650134606     
          17          31  -3.1345158265765397E-007
          17          32   0.0000000000000000     
          17          33   0.0000000000000000     
          17          34  -2.5106332130387158E-010
          17          35  -1.0051071674820023E-010
          17          36   5.7793561432481738E-006
          17          37   0.0000000000000000     
          17          38   0.0000000000000000     
          17          39   0.0000000000000000     
          17          40   0.0000000000000000     
          17          41  -6.8916747247488512E-008
          17          42 -0.17761945209820590     
          18           1  -50.923989768182579     
          18           2  -4.4900197229071264     
          18           3   1.1764735882700838E-002
          18           4  0.32954486886921025     
          18           5   1.2888580870084461     
          18           6   0.0000000000000000     
          18           7   0.0000000000000000     
          18           8   0.0000000000000000     
          18           9  -1.9951955159914462E-005
          18          10  -7.6558748993954902E-006
          18          11   0.0000000000000000     
          18          12   0.0000000000000000     
          18          13   0.0000000000000000     
          18          14   5.8887615049333885E-005
          18          15  -7.8900901210972567E-007
          18          16  -8.3833678104841674E-010
          18          17  -3.8519564439672012E-007
          18          18   2.3577940855728151E-006
          18          19  -1.3804667891738667E-005
          18          20   6.7802293388593561E-008
          18          21   0.0000000000000000     
          18          22   0.0000000000000000     
          18          23   0.0000000000000000     
          18          24  -10.428807781781382     
          18          25  -4.6919188682466585E-005
          18          26   0.0000000000000000     
          18          27   0.0000000000000000     
          18          28   2.0190625293458066E-004
          18          29  -1.9424993775760263E-005
          18          30   221397.48357838651     
          18          31   5.0397374874554310E-005
          18          32   0.0000000000000000     
          18          33   0.0000000000000000     
          18          34   3.2711489666472695E-008
          18          35   1.0111453091857912E-008
          18          36  -5.5560126774976482E-004
          18          37   0.0000000000000000     
          18          38   0.0000000000000000     
          18          39   0.0000000000000000     
          18          40   0.0000000000000000     
          18          41   5.2137327419501294E-006
          18          42   108.31661293080920     
          19           1   173.27886671501426     
          19           2   22.888192642998430     
          19           3   1.5330988159341818     
          19           4  -2.0982658140319912     
          19           5   32.853138554662721     
          19           6   0.0000000000000000     
          19           7   0.0000000000000000     
          19           8   0.0000000000000000     
          19           9   7.4136623046709097E-005
          19          10   4.6417900917039992E-005
          19          11   0.0000000000000000     
          19          12   0.0000000000000000     
          19          13   0.0000000000000000     
          19          14  -2.8973830694312407E-004
          19          15   1.5245103906698274E-005
          19          16  -1.2490833032747279E-008
          19          17  -7.8753200288559531E-006
          19          18  -1.3804667891738772E-005
          19          19   3.4439901691352316E-004
          19          20  -1.6312326145949951E-007
          19          21   0.0000000000000000     
          19          22   0.0000000000000000     
          19          23   0.0000000000000000     
          19          24   54.876728989268692     
          19          25   3.4937760781221733E-004
          19          26   0.0000000000000000     
          19          27   0.0000000000000000     
          19          28  -1.0747285750758761E-003
          19          29   8.1191328216221416E-005
          19          30  -1238347.7328184641     
          19          31  -1.5344546688999348E-004
          19          32   0.0000000000000000     
          19          33   0.0000000000000000     
          19          34  -1.1972350332803076E-007
          19          35  -2.2325964488583509E-008
          19          36   5.8983723409173348E-004
          19          37   0.0000000000000000     
          19          38   0.0000000000000000     
          19          39   0.0000000000000000     
          19          40   0.0000000000000000     
          19          41  -2.3835347410822771E-005
          19          42  -962.24403460565861     
          20           1 -0.41863688619999995     
          20           2  -6.2635355687054332E-003
          20           3  -1.2877247734596026E-003
          20           4  -1.6492859277570068E-003
          20           5  -1.5277824348175124E-003
          20           6   0.0000000000000000     
          20           7   0.0000000000000000     
          20           8   0.0000000000000000     
          20           9  -1.3041051754386490E-009
          20          10  -9.0261706128755291E-010
          20          11   0.0000000000000000     
          20          12   0.0000000000000000     
          20          13   0.0000000000000000     
          20          14   1.7468539548272368E-008
          20          15  -1.3462848932215213E-008
          20          16  -7.0205188690387464E-011
          20          17  -5.0608293162624846E-010
          20          18   6.7802293388593627E-008
          20          19  -1.6312326145949760E-007
          20          20   3.4541333538926424E-011
          20          21   0.0000000000000000     
          20          22   0.0000000000000000     
          20          23   0.0000000000000000     
          20          24  -3.4900772535110489E-004
          20          25  -4.5191813826894251E-008
          20          26   0.0000000000000000     
          20          27   0.0000000000000000     
          20          28   2.6684876094019887E-008
          20          29  -4.3951842200929010E-009
          20          30   73.938194971421410     
          20          31   5.1246481652886311E-008
          20          32   0.0000000000000000     
          20          33   0.0000000000000000     
          20          34   2.7445962572806366E-012
          20          35   6.4935167109576116E-012
          20          36  -3.5948612573165571E-008
          20          37   0.0000000000000000     
          20          38   0.0000000000000000     
          20          39   0.0000000000000000     
          20          40   0.0000000000000000     
          20          41  -9.1750583832355132E-011
          20          42   2.7899204918283011E-004
          21           1   0.0000000000000000     
          21           2   0.0000000000000000     
          21           3   0.0000000000000000     
          21           4   0.0000000000000000     
          21           5   0.0000000000000000     
          21           6   0.0000000000000000     
          21           7   0.0000000000000000     
          21           8   0.0000000000000000     
          21           9   0.0000000000000000     
          21          10   0.0000000000000000     
          21          11   0.0000000000000000     
          21          12   0.0000000000000000     
          21          13   0.0000000000000000     
          21          14   0.0000000000000000     
          21          15   0.0000000000000000     
          21          16   0.0000000000000000     
          21          17   0.0000000000000000     
          21          18   0.0000000000000000     
          21          19   0.0000000000000000     
          21          20   0.0000000000000000     
          21          21   0.0000000000000000     
          21          22   0.0000000000000000     
          21          23   0.0000000000000000     
          21          24   0.0000000000000000     
          21          25   0.0000000000000000     
          21          26   0.0000000000000000     
          21          27   0.0000000000000000     
          21          28   0.0000000000000000     
          21          29   0.0000000000000000     
          21          30   0.0000000000000000     
          21          31   0.0000000000000000     
          21          32   0.0000000000000000     
          21          33   0.0000000000000000     
          21          34   0.0000000000000000     
          21          35   0.0000000000000000     
          21          36   0.0000000000000000     
          21          37   0.0000000000000000     
          21          38   0.0000000000000000     
          21          39   0.0000000000000000     
          21          40   0.0000000000000000     
          21          41   0.0000000000000000     
          21          42   0.0000000000000000     
          22           1   0.0000000000000000     
          22           2   0.0000000000000000     
          22           3   0.0000000000000000     
          22           4   0.0000000000000000     
          22           5   0.0000000000000000     
          22           6   0.0000000000000000     
          22           7   0.0000000000000000     
          22           8   0.0000000000000000     
          22           9   0.0000000000000000     
          22          10   0.0000000000000000     
          22          11   0.0000000000000000     
          22          12   0.0000000000000000     
          22          13   0.0000000000000000     
          22          14   0.0000000000000000     
          22          15   0.0000000000000000     
          22          16   0.0000000000000000     
          22          17   0.0000000000000000     
          22          18   0.0000000000000000     
          22          19   0.0000000000000000     
          22          20   0.0000000000000000     
          22          21   0.0000000000000000     
          22          22   0.0000000000000000     
          22          23   0.0000000000000000     
          22          24   0.0000000000000000     
          22          25   0.0000000000000000     
          22          26   0.0000000000000000     
          22          27   0.0000000000000000     
          22          28   0.0000000000000000     
          22          29   0.0000000000000000     
          22          30   0.0000000000000000     
          22          31   0.0000000000000000     
          22          32   0.0000000000000000     
          22          33   0.0000000000000000     
          22          34   0.0000000000000000     
          22          35   0.0000000000000000     
          22          36   0.0000000000000000     
          22          37   0.0000000000000000     
          22          38   0.0000000000000000     
          22          39   0.0000000000000000     
          22          40   0.0000000000000000     
          22          41   0.0000000000000000     
          22          42   0.0000000000000000     
          23           1   0.0000000000000000     
          23           2   0.0000000000000000     
          23           3   0.0000000000000000     
          23           4   0.0000000000000000     
          23           5   0.0000000000000000     
          23           6   0.0000000000000000     
          23           7   0.0000000000000000     
          23           8   0.0000000000000000     
          23           9   0.0000000000000000     
          23          10   0.0000000000000000     
          23          11   0.0000000000000000     
          23          12   0.0000000000000000     
          23          13   0.0000000000000000     
          23          14   0.0000000000000000     
          23          15   0.0000000000000000     
          23          16   0.0000000000000000     
          23          17   0.0000000000000000     
          23          18   0.0000000000000000     
          23          19   0.0000000000000000     
          23          20   0.0000000000000000     
          23          21   0.0000000000000000     
          23          22   0.0000000000000000     
          23          23   0.0000000000000000     
          23          24   0.0000000000000000     
          23          25   0.0000000000000000     
          23          26   0.0000000000000000     
          23          27   0.0000000000000000     
          23          28   0.0000000000000000     
          23          29   0.0000000000000000     
          23          30   0.0000000000000000     
          23          31   0.0000000000000000     
          23          32   0.0000000000000000     
          23          33   0.0000000000000000     
          23          34   0.0000000000000000     
          23          35   0.0000000000000000     
          23          36   0.0000000000000000     
          23          37   0.0000000000000000     
          23          38   0.0000000000000000     
          23          39   0.0000000000000000     
          23          40   0.0000000000000000     
          23          41   0.0000000000000000     
          23          42   0.0000000000000000     
          24           1   13205100.559959931     
          24           2   31165.702460481258     
          24           3  -293892.22929363087     
          24           4   203097.68087012603     
          24           5  -398145.39612054761     
          24           6   0.0000000000000000     
          24           7   0.0000000000000000     
          24           8   0.0000000000000000     
          24           9  0.64634653193170066     
          24          10 -0.51105427824769589     
          24          11   0.0000000000000000     
          24          12   0.0000000000000000     
          24          13   0.0000000000000000     
          24          14  0.50952330616502828     
          24          15  -1.6119131526854542     
          24          16  -9.8586404841535325E-004
          24          17  0.14468984074589558     
          24          18  -10.428807781781142     
          24          19   54.876728989266987     
          24          20  -3.4900772535108619E-004
          24          21   0.0000000000000000     
          24          22   0.0000000000000000     
          24          23   0.0000000000000000     
          24          24   331649.18891378498     
          24          25  -12.902848417319881     
          24          26   0.0000000000000000     
          24          27   0.0000000000000000     
          24          28  0.99692773357036923     
          24          29   8.6472890473491423E-002
          24          30   2162298079.7930288     
          24          31   2.3903745965548895     
          24          32   0.0000000000000000     
          24          33   0.0000000000000000     
          24          34  -1.1716359284336311E-003
          24          35   5.0236988954880397E-003
          24          36   42.323546033491283     
          24          37   0.0000000000000000     
          24          38   0.0000000000000000     
          24          39   0.0000000000000000     
          24          40   0.0000000000000000     
          24          41  -6.8398280498318725E-002
          24          42   743902.09191180032     
          25           1   331.02748401266462     
          25           2  0.16441350932827853     
          25           3 -0.85772525775770336     
          25           4  0.42856000405579853     
          25           5  -6.8098005513957310E-002
          25           6   0.0000000000000000     
          25           7   0.0000000000000000     
          25           8   0.0000000000000000     
          25           9   2.2007682137390425E-005
          25          10   2.7731210746070690E-005
          25          11   0.0000000000000000     
          25          12   0.0000000000000000     
          25          13   0.0000000000000000     
          25          14   7.5968921679952291E-005
          25          15   2.4992632927167203E-005
          25          16  -5.3296899944318356E-008
          25          17  -4.4060375517586800E-007
          25          18  -4.6919188682467399E-005
          25          19   3.4937760781221717E-004
          25          20  -4.5191813826894675E-008
          25          21   0.0000000000000000     
          25          22   0.0000000000000000     
          25          23   0.0000000000000000     
          25          24  -12.902848417319776     
          25          25   3.1989597994274102E-005
          25          26   0.0000000000000000     
          25          27   0.0000000000000000     
          25          28   2.9744954016945827E-005
          25          29   9.5100378605614237E-006
          25          30   383305.76614698773     
          25          31  -1.7749920395806259E-004
          25          32   0.0000000000000000     
          25          33   0.0000000000000000     
          25          34  -1.4781093325890152E-007
          25          35   2.1288990786472262E-008
          25          36   2.1512892189400997E-004
          25          37   0.0000000000000000     
          25          38   0.0000000000000000     
          25          39   0.0000000000000000     
          25          40   0.0000000000000000     
          25          41  -1.2686230296809214E-005
          25          42  -51.698523674407419     
          26           1   0.0000000000000000     
          26           2   0.0000000000000000     
          26           3   0.0000000000000000     
          26           4   0.0000000000000000     
          26           5   0.0000000000000000     
          26           6   0.0000000000000000     
          26           7   0.0000000000000000     
          26           8   0.0000000000000000     
          26           9   0.0000000000000000     
          26          10   0.0000000000000000     
          26          11   0.0000000000000000     
          26          12   0.0000000000000000     
          26          13   0.0000000000000000     
          26          14   0.0000000000000000     
          26          15   0.0000000000000000     
          26          16   0.0000000000000000     
          26          17   0.0000000000000000     
          26          18   0.0000000000000000     
          26          19   0.0000000000000000     
          26          20   0.0000000000000000     
          26          21   0.0000000000000000     
          26          22   0.0000000000000000     
          26          23   0.0000000000000000     
          26          24   0.0000000000000000     
          26          25   0.0000000000000000     
          26          26   0.0000000000000000     
          26          27   0.0000000000000000     
          26          28   0.0000000000000000     
          26          29   0.0000000000000000     
          26          30   0.0000000000000000     
          26          31   0.0000000000000000     
          26          32   0.0000000000000000     
          26          33   0.0000000000000000     
          26          34   0.0000000000000000     
          26          35   0.0000000000000000     
          26          36   0.0000000000000000     
          26          37   0.0000000000000000     
          26          38   0.0000000000000000     
          26          39   0.0000000000000000     
          26          40   0.0000000000000000     
          26          41   0.0000000000000000     
          26          42   0.0000000000000000     
          27           1   0.0000000000000000     
          27           2   0.0000000000000000     
          27           3   0.0000000000000000     
          27           4   0.0000000000000000     
          27           5   0.0000000000000000     
          27           6   0.0000000000000000     
          27           7   0.0000000000000000     
          27           8   0.0000000000000000     
          27           9   0.0000000000000000     
          27          10   0.0000000000000000     
          27          11   0.0000000000000000     
          27          12   0.0000000000000000     
          27          13   0.0000000000000000     
          27          14   0.0000000000000000     
          27          15   0.0000000000000000     
          27          16   0.0000000000000000     
          27          17   0.0000000000000000     
          27          18   0.0000000000000000     
          27          19   0.0000000000000000     
          27          20   0.0000000000000000     
          27          21   0.0000000000000000     
          27          22   0.0000000000000000     
          27          23   0.0000000000000000     
          27          24   0.0000000000000000     
          27          25   0.0000000000000000     
          27          26   0.0000000000000000     
          27          27   0.0000000000000000     
          27          28   0.0000000000000000     
          27          29   0.0000000000000000     
          27          30   0.0000000000000000     
          27          31   0.0000000000000000     
          27          32   0.0000000000000000     
          27          33   0.0000000000000000     
          27          34   0.0000000000000000     
          27          35   0.0000000000000000     
          27          36   0.0000000000000000     
          27          37   0.0000000000000000     
          27          38   0.0000000000000000     
          27          39   0.0000000000000000     
          27          40   0.0000000000000000     
          27          41   0.0000000000000000     
          27          42   0.0000000000000000     
          28           1  -1309.1349904256624     
          28           2  -21.733377553909712     
          28           3  -1.7038417815688010     
          28           4   44.311556457549273     
          28           5   51.192189448039258     
          28           6   0.0000000000000000     
          28           7   0.0000000000000000     
          28           8   0.0000000000000000     
          28           9  -6.3390359415188810E-006
          28          10   2.6917834163354837E-006
          28          11   0.0000000000000000     
          28          12   0.0000000000000000     
          28          13   0.0000000000000000     
          28          14   3.1975855032988936E-004
          28          15   7.1630801948016319E-003
          28          16   4.7279268333384753E-007
          28          17   1.7289919362591735E-006
          28          18   2.0190625293457838E-004
          28          19  -1.0747285750758659E-003
          28          20   2.6684876094019232E-008
          28          21   0.0000000000000000     
          28          22   0.0000000000000000     
          28          23   0.0000000000000000     
          28          24  0.99692773357038933     
          28          25   2.9744954016946441E-005
          28          26   0.0000000000000000     
          28          27   0.0000000000000000     
          28          28   1.9649219491901901E-003
          28          29  -1.1593597324653089E-004
          28          30   2473969.5321631655     
          28          31  -7.1069264353546167E-005
          28          32   0.0000000000000000     
          28          33   0.0000000000000000     
          28          34   4.6074587151979507E-008
          28          35   5.0239567275421196E-008
          28          36  -2.9220910821102205E-004
          28          37   0.0000000000000000     
          28          38   0.0000000000000000     
          28          39   0.0000000000000000     
          28          40   0.0000000000000000     
          28          41  -1.3233744099912725E-005
          28          42  -12.394419350499247     
          29           1   87.530224929397605     
          29           2   2.5493013606266834     
          29           3   1.4939465965627632     
          29           4  0.25683241824838859     
          29           5 -0.54701748321065169     
          29           6   0.0000000000000000     
          29           7   0.0000000000000000     
          29           8   0.0000000000000000     
          29           9   4.0124843465251396E-007
          29          10  -9.0161077028305096E-007
          29          11   0.0000000000000000     
          29          12   0.0000000000000000     
          29          13   0.0000000000000000     
          29          14  -3.6938213616980039E-005
          29          15  -6.4602616612051352E-005
          29          16  -3.1381158349879088E-008
          29          17  -3.8879981346931896E-008
          29          18  -1.9424993775759904E-005
          29          19   8.1191328216219749E-005
          29          20  -4.3951842200928596E-009
          29          21   0.0000000000000000     
          29          22   0.0000000000000000     
          29          23   0.0000000000000000     
          29          24   8.6472890473490910E-002
          29          25   9.5100378605614898E-006
          29          26   0.0000000000000000     
          29          27   0.0000000000000000     
          29          28  -1.1593597324653033E-004
          29          29   1.0722782532100655E-005
          29          30  -324990.06471687410     
          29          31  -4.4508369835751381E-005
          29          32   0.0000000000000000     
          29          33   0.0000000000000000     
          29          34  -1.6968440304362930E-009
          29          35  -1.1325730998989627E-008
          29          36  -6.4934094527755725E-005
          29          37   0.0000000000000000     
          29          38   0.0000000000000000     
          29          39   0.0000000000000000     
          29          40   0.0000000000000000     
          29          41   2.3442973525377184E-006
          29          42   1.1299290386100866     
          30           1  -549892669715.76794     
          30           2  -46242686941.152092     
          30           3  -40167328277.022331     
          30           4  -62170541668.122520     
          30           5  -55785316354.885124     
          30           6   0.0000000000000000     
          30           7   0.0000000000000000     
          30           8   0.0000000000000000     
          30           9   2318.6341943514917     
          30          10   35489.459628770259     
          30          11   0.0000000000000000     
          30          12   0.0000000000000000     
          30          13   0.0000000000000000     
          30          14  -5177925.6231201710     
          30          15   483106.93482470367     
          30          16   1055.8376772993890     
          30          17   4047.4152650144865     
          30          18   221397.48357825750     
          30          19  -1238347.7328180517     
          30          20   73.938194971411590     
          30          21   0.0000000000000000     
          30          22   0.0000000000000000     
          30          23   0.0000000000000000     
          30          24   2162298079.7935295     
          30          25   383305.76614706486     
          30          26   0.0000000000000000     
          30          27   0.0000000000000000     
          30          28   2473969.5321631371     
          30          29  -324990.06471688097     
          30          30   51075414192564592.     
          30          31  -3562525.9899527170     
          30          32   0.0000000000000000     
          30          33   0.0000000000000000     
          30          34  -516.26502043918833     
          30          35   2808.5405568411006     
          30          36  -654533.47715852619     
          30          37   0.0000000000000000     
          30          38   0.0000000000000000     
          30          39   0.0000000000000000     
          30          40   0.0000000000000000     
          30          41  -94197.035276557595     
          30          42  -373097630.76289010     
          31           1  -377.35512406338381     
          31           2  -1.6812565621139701     
          31           3 -0.96269509178976487     
          31           4  -4.5456008085006347     
          31           5 -0.85786155941738851     
          31           6   0.0000000000000000     
          31           7   0.0000000000000000     
          31           8   0.0000000000000000     
          31           9   1.4185694814963446E-006
          31          10   5.1691573374631849E-006
          31          11   0.0000000000000000     
          31          12   0.0000000000000000     
          31          13   0.0000000000000000     
          31          14   6.1472386710622164E-004
          31          15  -7.0551469186677853E-006
          31          16   3.7333978054519310E-008
          31          17  -3.1345158265768954E-007
          31          18   5.0397374874556207E-005
          31          19  -1.5344546688999682E-004
          31          20   5.1246481652887125E-008
          31          21   0.0000000000000000     
          31          22   0.0000000000000000     
          31          23   0.0000000000000000     
          31          24   2.3903745965548215     
          31          25  -1.7749920395806299E-004
          31          26   0.0000000000000000     
          31          27   0.0000000000000000     
          31          28  -7.1069264353549799E-005
          31          29  -4.4508369835750296E-005
          31          30  -3562525.9899527612     
          31          31   8.6620200665094786E-004
          31          32   0.0000000000000000     
          31          33   0.0000000000000000     
          31          34   7.6379019806350671E-008
          31          35  -2.3582258048422487E-008
          31          36  -1.9477498722430492E-003
          31          37   0.0000000000000000     
          31          38   0.0000000000000000     
          31          39   0.0000000000000000     
          31          40   0.0000000000000000     
          31          41  -3.3741998089456801E-006
          31          42   2.2264803352328761     
          32           1   0.0000000000000000     
          32           2   0.0000000000000000     
          32           3   0.0000000000000000     
          32           4   0.0000000000000000     
          32           5   0.0000000000000000     
          32           6   0.0000000000000000     
          32           7   0.0000000000000000     
          32           8   0.0000000000000000     
          32           9   0.0000000000000000     
          32          10   0.0000000000000000     
          32          11   0.0000000000000000     
          32          12   0.0000000000000000     
          32          13   0.0000000000000000     
          32          14   0.0000000000000000     
          32          15   0.0000000000000000     
          32          16   0.0000000000000000     
          32          17   0.0000000000000000     
          32          18   0.0000000000000000     
          32          19   0.0000000000000000     
          32          20   0.0000000000000000     
          32          21   0.0000000000000000     
          32          22   0.0000000000000000     
          32          23   0.0000000000000000     
          32          24   0.0000000000000000     
          32          25   0.0000000000000000     
          32          26   0.0000000000000000     
          32          27   0.0000000000000000     
          32          28   0.0000000000000000     
          32          29   0.0000000000000000     
          32          30   0.0000000000000000     
          32          31   0.0000000000000000     
          32          32   0.0000000000000000     
          32          33   0.0000000000000000     
          32          34   0.0000000000000000     
          32          35   0.0000000000000000     
          32          36   0.0000000000000000     
          32          37   0.0000000000000000     
          32          38   0.0000000000000000     
          32          39   0.0000000000000000     
          32          40   0.0000000000000000     
          32          41   0.0000000000000000     
          32          42   0.0000000000000000     
          33           1   0.0000000000000000     
          33           2   0.0000000000000000     
          33           3   0.0000000000000000     
          33           4   0.0000000000000000     
          33           5   0.0000000000000000     
          33           6   0.0000000000000000     
          33           7   0.0000000000000000     
          33           8   0.0000000000000000     
          33           9   0.0000000000000000     
          33          10   0.0000000000000000     
          33          11   0.0000000000000000     
          33          12   0.0000000000000000     
          33          13   0.0000000000000000     
          33          14   0.0000000000000000     
          33          15   0.0000000000000000     
          33          16   0.0000000000000000     
          33          17   0.0000000000000000     
          33          18   0.0000000000000000     
          33          19   0.0000000000000000     
          33          20   0.0000000000000000     
          33          21   0.0000000000000000     
          33          22   0.0000000000000000     
          33          23   0.0000000000000000     
          33          24   0.0000000000000000     
          33          25   0.0000000000000000     
          33          26   0.0000000000000000     
          33          27   0.0000000000000000     
          33          28   0.0000000000000000     
          33          29   0.0000000000000000     
          33          30   0.0000000000000000     
          33          31   0.0000000000000000     
          33          32   0.0000000000000000     
          33          33   0.0000000000000000     
          33          34   0.0000000000000000     
          33          35   0.0000000000000000     
          33          36   0.0000000000000000     
          33          37   0.0000000000000000     
          33          38   0.0000000000000000     
          33          39   0.0000000000000000     
          33          40   0.0000000000000000     
          33          41   0.0000000000000000     
          33          42   0.0000000000000000     
          34           1 -0.11442996000273541     
          34           2  -1.5138525798388809E-003
          34           3  -2.0864647697005825E-004
          34           4   4.2341088257011735E-003
          34           5   5.7596380933555638E-003
          34           6   0.0000000000000000     
          34           7   0.0000000000000000     
          34           8   0.0000000000000000     
          34           9  -4.4478519345594797E-009
          34          10  -1.6074944800105897E-009
          34          11   0.0000000000000000     
          34          12   0.0000000000000000     
          34          13   0.0000000000000000     
          34          14   3.5017206495577902E-008
          34          15  -1.4131895767155830E-009
          34          16   2.5992804145112788E-011
          34          17  -2.5106332130388874E-010
          34          18   3.2711489666473417E-008
          34          19  -1.1972350332803224E-007
          34          20   2.7445962572807134E-012
          34          21   0.0000000000000000     
          34          22   0.0000000000000000     
          34          23   0.0000000000000000     
          34          24  -1.1716359284336347E-003
          34          25  -1.4781093325890062E-007
          34          26   0.0000000000000000     
          34          27   0.0000000000000000     
          34          28   4.6074587151981618E-008
          34          29  -1.6968440304364499E-009
          34          30  -516.26502043915514     
          34          31   7.6379019806347878E-008
          34          32   0.0000000000000000     
          34          33   0.0000000000000000     
          34          34   1.8771629136463847E-011
          34          35  -3.6807845459102175E-011
          34          36   3.4051483818294029E-008
          34          37   0.0000000000000000     
          34          38   0.0000000000000000     
          34          39   0.0000000000000000     
          34          40   0.0000000000000000     
          34          41   4.7534107676066459E-009
          34          42   7.2345217044099798E-004
          35           1  -9.7546983016025310E-002
          35           2  -4.9353332068372989E-004
          35           3  -3.8302554285660683E-004
          35           4   1.0117029136277524E-003
          35           5   6.7772389295313166E-004
          35           6   0.0000000000000000     
          35           7   0.0000000000000000     
          35           8   0.0000000000000000     
          35           9   2.5874798430294451E-008
          35          10   3.8756560194446127E-008
          35          11   0.0000000000000000     
          35          12   0.0000000000000000     
          35          13   0.0000000000000000     
          35          14  -2.9726409081626322E-007
          35          15   5.0973679638407689E-009
          35          16  -3.2551737800815141E-013
          35          17  -1.0051071674820091E-010
          35          18   1.0111453091857733E-008
          35          19  -2.2325964488582682E-008
          35          20   6.4935167109573709E-012
          35          21   0.0000000000000000     
          35          22   0.0000000000000000     
          35          23   0.0000000000000000     
          35          24   5.0236988954880882E-003
          35          25   2.1288990786472335E-008
          35          26   0.0000000000000000     
          35          27   0.0000000000000000     
          35          28   5.0239567275419912E-008
          35          29  -1.1325730998989636E-008
          35          30   2808.5405568410470     
          35          31  -2.3582258048422176E-008
          35          32   0.0000000000000000     
          35          33   0.0000000000000000     
          35          34  -3.6807845459102963E-011
          35          35   5.7533713031168574E-012
          35          36  -9.4997532472078988E-008
          35          37   0.0000000000000000     
          35          38   0.0000000000000000     
          35          39   0.0000000000000000     
          35          40   0.0000000000000000     
          35          41  -1.2910078227464411E-008
          35          42   5.1285497466131884E-003
          36           1  -4616.6272600706352     
          36           2  -5.0344596565706556     
          36           3   5.3020626807659132     
          36           4  -11.506560109753615     
          36           5  -14.546364255278036     
          36           6   0.0000000000000000     
          36           7   0.0000000000000000     
          36           8   0.0000000000000000     
          36           9   3.4572486061206435E-005
          36          10   6.1155095596730530E-006
          36          11   0.0000000000000000     
          36          12   0.0000000000000000     
          36          13   0.0000000000000000     
          36          14  -3.2985775349874693E-004
          36          15  -6.8456417701121504E-005
          36          16  -1.7850458877159095E-008
          36          17   5.7793561432482467E-006
          36          18  -5.5560126774976384E-004
          36          19   5.8983723409170789E-004
          36          20  -3.5948612573165843E-008
          36          21   0.0000000000000000     
          36          22   0.0000000000000000     
          36          23   0.0000000000000000     
          36          24   42.323546033491361     
          36          25   2.1512892189401022E-004
          36          26   0.0000000000000000     
          36          27   0.0000000000000000     
          36          28  -2.9220910821102427E-004
          36          29  -6.4934094527755454E-005
          36          30  -654533.47715852130     
          36          31  -1.9477498722430481E-003
          36          32   0.0000000000000000     
          36          33   0.0000000000000000     
          36          34   3.4051483818294135E-008
          36          35  -9.4997532472078908E-008
          36          36   2.6960241804499523E-003
          36          37   0.0000000000000000     
          36          38   0.0000000000000000     
          36          39   0.0000000000000000     
          36          40   0.0000000000000000     
          36          41  -7.2865506098187426E-006
          36          42   28.673817653737686     
          37           1   0.0000000000000000     
          37           2   0.0000000000000000     
          37           3   0.0000000000000000     
          37           4   0.0000000000000000     
          37           5   0.0000000000000000     
          37           6   0.0000000000000000     
          37           7   0.0000000000000000     
          37           8   0.0000000000000000     
          37           9   0.0000000000000000     
          37          10   0.0000000000000000     
          37          11   0.0000000000000000     
          37          12   0.0000000000000000     
          37          13   0.0000000000000000     
          37          14   0.0000000000000000     
          37          15   0.0000000000000000     
          37          16   0.0000000000000000     
          37          17   0.0000000000000000     
          37          18   0.0000000000000000     
          37          19   0.0000000000000000     
          37          20   0.0000000000000000     
          37          21   0.0000000000000000     
          37          22   0.0000000000000000     
          37          23   0.0000000000000000     
          37          24   0.0000000000000000     
          37          25   0.0000000000000000     
          37          26   0.0000000000000000     
          37          27   0.0000000000000000     
          37          28   0.0000000000000000     
          37          29   0.0000000000000000     
          37          30   0.0000000000000000     
          37          31   0.0000000000000000     
          37          32   0.0000000000000000     
          37          33   0.0000000000000000     
          37          34   0.0000000000000000     
          37          35   0.0000000000000000     
          37          36   0.0000000000000000     
          37          37   0.0000000000000000     
          37          38   0.0000000000000000     
          37          39   0.0000000000000000     
          37          40   0.0000000000000000     
          37          41   0.0000000000000000     
          37          42   0.0000000000000000     
          38           1   0.0000000000000000     
          38           2   0.0000000000000000     
          38           3   0.0000000000000000     
          38           4   0.0000000000000000     
          38           5   0.0000000000000000     
          38           6   0.0000000000000000     
          38           7   0.0000000000000000     
          38           8   0.0000000000000000     
          38           9   0.0000000000000000     
          38          10   0.0000000000000000     
          38          11   0.0000000000000000     
          38          12   0.0000000000000000     
          38          13   0.0000000000000000     
          38          14   0.0000000000000000     
          38          15   0.0000000000000000     
          38          16   0.0000000000000000     
          38          17   0.0000000000000000     
          38          18   0.0000000000000000     
          38          19   0.0000000000000000     
          38          20   0.0000000000000000     
          38          21   0.0000000000000000     
          38          22   0.0000000000000000     
          38          23   0.0000000000000000     
          38          24   0.0000000000000000     
          38          25   0.0000000000000000     
          38          26   0.0000000000000000     
          38          27   0.0000000000000000     
          38          28   0.0000000000000000     
          38          29   0.0000000000000000     
          38          30   0.0000000000000000     
          38          31   0.0000000000000000     
          38          32   0.0000000000000000     
          38          33   0.0000000000000000     
          38          34   0.0000000000000000     
          38          35   0.0000000000000000     
          38          36   0.0000000000000000     
          38          37   0.0000000000000000     
          38          38   0.0000000000000000     
          38          39   0.0000000000000000     
          38          40   0.0000000000000000     
          38          41   0.0000000000000000     
          38          42   0.0000000000000000     
          39           1   0.0000000000000000     
          39           2   0.0000000000000000     
          39           3   0.0000000000000000     
          39           4   0.0000000000000000     
          39           5   0.0000000000000000     
          39           6   0.0000000000000000     
          39           7   0.0000000000000000     
          39           8   0.0000000000000000     
          39           9   0.0000000000000000     
          39          10   0.0000000000000000     
          39          11   0.0000000000000000     
          39          12   0.0000000000000000     
          39          13   0.0000000000000000     
          39          14   0.0000000000000000     
          39          15   0.0000000000000000     
          39          16   0.0000000000000000     
          39          17   0.0000000000000000     
          39          18   0.0000000000000000     
          39          19   0.0000000000000000     
          39          20   0.0000000000000000     
          39          21   0.0000000000000000     
          39          22   0.0000000000000000     
          39          23   0.0000000000000000     
          39          24   0.0000000000000000     
          39          25   0.0000000000000000     
          39          26   0.0000000000000000     
          39          27   0.0000000000000000     
          39          28   0.0000000000000000     
          39          29   0.0000000000000000     
          39          30   0.0000000000000000     
          39          31   0.0000000000000000     
          39          32   0.0000000000000000     
          39          33   0.0000000000000000     
          39          34   0.0000000000000000     
          39          35   0.0000000000000000     
          39          36   0.0000000000000000     
          39          37   0.0000000000000000     
          39          38   0.0000000000000000     
          39          39   0.0000000000000000     
          39          40   0.0000000000000000     
          39          41   0.0000000000000000     
          39          42   0.0000000000000000     
          40           1   0.0000000000000000     
          40           2   0.0000000000000000     
          40           3   0.0000000000000000     
          40           4   0.0000000000000000     
          40           5   0.0000000000000000     
          40           6   0.0000000000000000     
          40           7   0.0000000000000000     
          40           8   0.0000000000000000     
          40           9   0.0000000000000000     
          40          10   0.0000000000000000     
          40          11   0.0000000000000000     
          40          12   0.0000000000000000     
          40          13   0.0000000000000000     
          40          14   0.0000000000000000     
          40          15   0.0000000000000000     
          40          16   0.0000000000000000     
          40          17   0.0000000000000000     
          40          18   0.0000000000000000     
          40          19   0.0000000000000000     
          40          20   0.0000000000000000     
          40          21   0.0000000000000000     
          40          22   0.0000000000000000     
          40          23   0.0000000000000000     
          40          24   0.0000000000000000     
          40          25   0.0000000000000000     
          40          26   0.0000000000000000     
          40          27   0.0000000000000000     
          40          28   0.0000000000000000     
          40          29   0.0000000000000000     
          40          30   0.0000000000000000     
          40          31   0.0000000000000000     
          40          32   0.0000000000000000     
          40          33   0.0000000000000000     
          40          34   0.0000000000000000     
          40          35   0.0000000000000000     
          40          36   0.0000000000000000     
          40          37   0.0000000000000000     
          40          38   0.0000000000000000     
          40          39   0.0000000000000000     
          40          40   0.0000000000000000     
          40          41   0.0000000000000000     
          40          42   0.0000000000000000     
          41           1  -11.571716106018172     
          41           2  -9.7303700501380277E-002
          41           3  0.36798025925419253     
          41           4  0.74059931073280894     
          41           5  0.61484716706076559     
          41           6   0.0000000000000000     
          41           7   0.0000000000000000     
          41           8   0.0000000000000000     
          41           9  -5.7451207455462905E-007
          41          10  -6.0341104115384325E-007
          41          11   0.0000000000000000     
          41          12   0.0000000000000000     
          41          13   0.0000000000000000     
          41          14  -1.7543268591366807E-005
          41          15   2.6444773968979799E-006
          41          16   1.4702341625648228E-008
          41          17  -6.8916747247493210E-008
          41          18   5.2137327419503377E-006
          41          19  -2.3835347410823370E-005
          41          20  -9.1750583832349484E-011
          41          21   0.0000000000000000     
          41          22   0.0000000000000000     
          41          23   0.0000000000000000     
          41          24  -6.8398280498319738E-002
          41          25  -1.2686230296808780E-005
          41          26   0.0000000000000000     
          41          27   0.0000000000000000     
          41          28  -1.3233744099911933E-005
          41          29   2.3442973525376528E-006
          41          30  -94197.035276547802     
          41          31  -3.3741998089467651E-006
          41          32   0.0000000000000000     
          41          33   0.0000000000000000     
          41          34   4.7534107676066169E-009
          41          35  -1.2910078227463954E-008
          41          36  -7.2865506098188536E-006
          41          37   0.0000000000000000     
          41          38   0.0000000000000000     
          41          39   0.0000000000000000     
          41          40   0.0000000000000000     
          41          41   1.2863226994735333E-006
          41          42   7.2295083783734476E-002
          42           1  -11439621.924053930     
          42           2  -293462.56916298432     
          42           3   63829.135924109883     
          42           4   565371.25819140824     
          42           5   381115.02138929238     
          42           6   0.0000000000000000     
          42           7   0.0000000000000000     
          42           8   0.0000000000000000     
          42           9 -0.11795276633580452     
          42          10 -0.39851520216285147     
          42          11   0.0000000000000000     
          42          12   0.0000000000000000     
          42          13   0.0000000000000000     
          42          14   1.0313163820318345     
          42          15  -2.0854719017119852     
          42          16   4.2524440313519918E-004
          42          17 -0.17761945209819976     
          42          18   108.31661293081281     
          42          19  -962.24403460567214     
          42          20   2.7899204918284783E-004
          42          21   0.0000000000000000     
          42          22   0.0000000000000000     
          42          23   0.0000000000000000     
          42          24   743902.09191179916     
          42          25  -51.698523674407248     
          42          26   0.0000000000000000     
          42          27   0.0000000000000000     
          42          28  -12.394419350499149     
          42          29   1.1299290386100822     
          42          30  -373097630.76254106     
          42          31   2.2264803352327838     
          42          32   0.0000000000000000     
          42          33   0.0000000000000000     
          42          34   7.2345217044100948E-004
          42          35   5.1285497466132778E-003
          42          36   28.673817653737579     
          42          37   0.0000000000000000     
          42          38   0.0000000000000000     
          42          39   0.0000000000000000     
          42          40   0.0000000000000000     
          42          41   7.2295083783736017E-002
          42          42   1516307.7547332982     
